#    1 | steps:    15 | steps_t:     0 | t: 0.067986 | r:  -514.000000 | e:   1.000000 | Q:        nan | won: False 
#    2 | steps:    41 | steps_t:     0 | t: 0.085986 | r:  -503.000000 | e:   1.000000 | Q:        nan | won: False 
#    3 | steps:    54 | steps_t:     0 | t: 0.093984 | r:  -512.000000 | e:   1.000000 | Q:        nan | won: False 
#    4 | steps:    79 | steps_t:     0 | t: 0.107984 | r:  -502.000000 | e:   1.000000 | Q:        nan | won: False 
#    5 | steps:    92 | steps_t:     0 | t: 0.117982 | r:  -490.000000 | e:   1.000000 | Q:        nan | won: False 
#    6 | steps:   134 | steps_t:     0 | t: 0.144988 | r:  -519.000000 | e:   1.000000 | Q:        nan | won: False 
#    7 | steps:   148 | steps_t:     0 | t: 0.159006 | r:  -502.000000 | e:   1.000000 | Q:        nan | won: False 
#    8 | steps:   177 | steps_t:     0 | t: 0.177991 | r:  -517.000000 | e:   1.000000 | Q:        nan | won: False 
#    9 | steps:   215 | steps_t:     0 | t: 0.212986 | r:  -526.000000 | e:   1.000000 | Q:        nan | won: False 
#   10 | steps:   224 | steps_t:     0 | t: 0.221984 | r:  -508.000000 | e:   1.000000 | Q:        nan | won: False 
#   11 | steps:   234 | steps_t:     0 | t: 0.229002 | r:  -498.000000 | e:   1.000000 | Q:        nan | won: False 
#   12 | steps:   310 | steps_t:     0 | t: 0.277006 | r:  -542.000000 | e:   1.000000 | Q:        nan | won: False 
#   13 | steps:   342 | steps_t:     0 | t: 0.294994 | r:  -520.000000 | e:   1.000000 | Q:        nan | won: False 
#   14 | steps:   381 | steps_t:     0 | t: 0.318984 | r:  -516.000000 | e:   1.000000 | Q:        nan | won: False 
#   15 | steps:   397 | steps_t:     0 | t: 0.335998 | r:  -504.000000 | e:   1.000000 | Q:        nan | won: False 
#   16 | steps:   443 | steps_t:     0 | t: 0.361998 | r:  -534.000000 | e:   1.000000 | Q:        nan | won: False 
#   17 | steps:   454 | steps_t:     0 | t: 0.371981 | r:  -499.000000 | e:   1.000000 | Q:        nan | won: False 
#   18 | steps:   483 | steps_t:     0 | t: 0.391986 | r:  -506.000000 | e:   1.000000 | Q:        nan | won: False 
#   19 | steps:   507 | steps_t:     0 | t: 0.411985 | r:  -523.000000 | e:   1.000000 | Q:        nan | won: False 
#   20 | steps:   513 | steps_t:     0 | t: 0.415983 | r:  -505.000000 | e:   1.000000 | Q:        nan | won: False 
#   21 | steps:   531 | steps_t:     0 | t: 0.427983 | r:  -506.000000 | e:   1.000000 | Q:        nan | won: False 
#   22 | steps:   573 | steps_t:     0 | t: 0.453988 | r:  -519.000000 | e:   1.000000 | Q:        nan | won: False 
#   23 | steps:   606 | steps_t:     0 | t: 0.481986 | r:  -521.000000 | e:   1.000000 | Q:        nan | won: False 
#   24 | steps:   619 | steps_t:     0 | t: 0.494982 | r:  -501.000000 | e:   1.000000 | Q:        nan | won: False 
#   25 | steps:   648 | steps_t:     0 | t: 0.513988 | r:  -517.000000 | e:   1.000000 | Q:        nan | won: False 
#   26 | steps:   687 | steps_t:     0 | t: 0.542989 | r:  -527.000000 | e:   1.000000 | Q:        nan | won: False 
#   27 | steps:   696 | steps_t:     0 | t: 0.550983 | r:  -508.000000 | e:   1.000000 | Q:        nan | won: False 
#   28 | steps:   711 | steps_t:     0 | t: 0.561981 | r:  -514.000000 | e:   1.000000 | Q:        nan | won: False 
#   29 | steps:   748 | steps_t:     0 | t: 0.582981 | r:  -525.000000 | e:   1.000000 | Q:        nan | won: False 
#   30 | steps:   778 | steps_t:     0 | t: 0.601004 | r:  -518.000000 | e:   1.000000 | Q:        nan | won: False 
#   31 | steps:   805 | steps_t:     0 | t: 0.620991 | r:  -504.000000 | e:   1.000000 | Q:        nan | won: False 
#   32 | steps:   859 | steps_t:     0 | t: 0.661989 | r:  -520.000000 | e:   1.000000 | Q:        nan | won: False 
#   33 | steps:   886 | steps_t:     0 | t: 0.682984 | r:  -515.000000 | e:   1.000000 | Q:        nan | won: False 
#   34 | steps:   895 | steps_t:     0 | t: 0.690001 | r:  -508.000000 | e:   1.000000 | Q:        nan | won: False 
#   35 | steps:   910 | steps_t:     0 | t: 0.700003 | r:  -503.000000 | e:   1.000000 | Q:        nan | won: False 
#   36 | steps:   940 | steps_t:     0 | t: 0.722006 | r:  -518.000000 | e:   1.000000 | Q:        nan | won: False 
#   37 | steps:   957 | steps_t:     0 | t: 0.739006 | r:  -494.000000 | e:   1.000000 | Q:        nan | won: False 
#   38 | steps:   966 | steps_t:     0 | t: 0.746986 | r:  -497.000000 | e:   1.000000 | Q:        nan | won: False 
#   39 | steps:  1002 | steps_t:     0 | t: 0.767999 | r:  -513.000000 | e:   1.000000 | Q:        nan | won: False 
#   40 | steps:  1018 | steps_t:     0 | t: 0.782982 | r:  -515.000000 | e:   1.000000 | Q:        nan | won: False 
#   41 | steps:  1045 | steps_t:     0 | t: 0.799994 | r:  -504.000000 | e:   1.000000 | Q:        nan | won: False 
#   42 | steps:  1089 | steps_t:     0 | t: 0.822985 | r:  -521.000000 | e:   1.000000 | Q:        nan | won: False 
#   43 | steps:  1128 | steps_t:     0 | t: 0.847989 | r:  -527.000000 | e:   1.000000 | Q:        nan | won: False 
#   44 | steps:  1168 | steps_t:     0 | t: 0.870982 | r:  -517.000000 | e:   1.000000 | Q:        nan | won: False 
#   45 | steps:  1191 | steps_t:     0 | t: 0.888990 | r:  -511.000000 | e:   1.000000 | Q:        nan | won: False 
#   46 | steps:  1211 | steps_t:     0 | t: 0.906990 | r:  -508.000000 | e:   1.000000 | Q:        nan | won: False 
#   47 | steps:  1220 | steps_t:     0 | t: 0.913012 | r:  -508.000000 | e:   1.000000 | Q:        nan | won: False 
#   48 | steps:  1234 | steps_t:     0 | t: 0.924002 | r:  -502.000000 | e:   1.000000 | Q:        nan | won: False 
#   49 | steps:  1249 | steps_t:     0 | t: 0.937001 | r:  -514.000000 | e:   1.000000 | Q:        nan | won: False 
#   50 | steps:  1271 | steps_t:     0 | t: 0.951985 | r:  -488.000000 | e:   1.000000 | Q:        nan | won: False 
#   51 | steps:  1290 | steps_t:     0 | t: 0.965984 | r:  -518.000000 | e:   1.000000 | Q:        nan | won: False 
#   52 | steps:  1308 | steps_t:     0 | t: 0.979002 | r:  -506.000000 | e:   1.000000 | Q:        nan | won: False 
#   53 | steps:  1328 | steps_t:     0 | t: 0.993992 | r:  -508.000000 | e:   1.000000 | Q:        nan | won: False 
#   54 | steps:  1343 | steps_t:     0 | t: 1.008985 | r:  -503.000000 | e:   1.000000 | Q:        nan | won: False 
#   55 | steps:  1353 | steps_t:     0 | t: 1.016988 | r:  -509.000000 | e:   1.000000 | Q:        nan | won: False 
#   56 | steps:  1382 | steps_t:     0 | t: 1.034987 | r:  -517.000000 | e:   1.000000 | Q:        nan | won: False 
#   57 | steps:  1414 | steps_t:     0 | t: 1.060006 | r:  -509.000000 | e:   1.000000 | Q:        nan | won: False 
#   58 | steps:  1425 | steps_t:     0 | t: 1.069993 | r:  -499.000000 | e:   1.000000 | Q:        nan | won: False 
#   59 | steps:  1437 | steps_t:     0 | t: 1.077985 | r:  -511.000000 | e:   1.000000 | Q:        nan | won: False 
#   60 | steps:  1455 | steps_t:     0 | t: 1.088989 | r:  -506.000000 | e:   1.000000 | Q:        nan | won: False 
#   61 | steps:  1481 | steps_t:     0 | t: 1.111988 | r:  -503.000000 | e:   1.000000 | Q:        nan | won: False 
#   62 | steps:  1582 | steps_t:     0 | t: 1.185999 | r:  -567.000000 | e:   1.000000 | Q:        nan | won: False 
#   63 | steps:  1598 | steps_t:     0 | t: 1.196007 | r:  -504.000000 | e:   1.000000 | Q:        nan | won: False 
#   64 | steps:  1663 | steps_t:     0 | t: 1.248006 | r:  -531.000000 | e:   1.000000 | Q:        nan | won: False 
#   65 | steps:  1697 | steps_t:     0 | t: 1.271985 | r:  -522.000000 | e:   1.000000 | Q:        nan | won: False 
#   66 | steps:  1779 | steps_t:     0 | t: 1.325011 | r:    52.000000 | e:   1.000000 | Q:        nan | won: True 
#   67 | steps:  1809 | steps_t:     0 | t: 1.349984 | r:  -518.000000 | e:   1.000000 | Q:        nan | won: False 
#   68 | steps:  1828 | steps_t:     0 | t: 1.365983 | r:  -485.000000 | e:   1.000000 | Q:        nan | won: False 
#   69 | steps:  1878 | steps_t:     0 | t: 1.403987 | r:    84.000000 | e:   1.000000 | Q:        nan | won: True 
#   70 | steps:  1892 | steps_t:     0 | t: 1.415987 | r:  -491.000000 | e:   1.000000 | Q:        nan | won: False 
#   71 | steps:  1904 | steps_t:     0 | t: 1.425981 | r:  -500.000000 | e:   1.000000 | Q:        nan | won: False 
#   72 | steps:  1923 | steps_t:     0 | t: 1.436981 | r:  -518.000000 | e:   1.000000 | Q:        nan | won: False 
#   73 | steps:  1940 | steps_t:     0 | t: 1.448985 | r:  -505.000000 | e:   1.000000 | Q:        nan | won: False 
#   74 | steps:  1956 | steps_t:     0 | t: 1.460984 | r:  -515.000000 | e:   1.000000 | Q:        nan | won: False 
#   75 | steps:  2022 | steps_t:     0 | t: 1.541981 | r:  -532.000000 | e:   1.000000 | Q:        nan | won: False 
#   76 | steps:  2032 | steps_t:     0 | t: 1.549982 | r:  -498.000000 | e:   1.000000 | Q:        nan | won: False 
#   77 | steps:  2067 | steps_t:     0 | t: 1.582981 | r:  -523.000000 | e:   1.000000 | Q:        nan | won: False 
#   78 | steps:  2079 | steps_t:     0 | t: 1.590985 | r:  -500.000000 | e:   1.000000 | Q:        nan | won: False 
#   79 | steps:  2106 | steps_t:     0 | t: 1.613988 | r:  -515.000000 | e:   1.000000 | Q:        nan | won: False 
#   80 | steps:  2133 | steps_t:     0 | t: 1.637980 | r:  -504.000000 | e:   1.000000 | Q:        nan | won: False 
#   81 | steps:  2145 | steps_t:     0 | t: 1.645988 | r:  -511.000000 | e:   1.000000 | Q:        nan | won: False 
#   82 | steps:  2163 | steps_t:     0 | t: 1.659986 | r:  -506.000000 | e:   1.000000 | Q:        nan | won: False 
#   83 | steps:  2173 | steps_t:     0 | t: 1.667984 | r:  -509.000000 | e:   1.000000 | Q:        nan | won: False 
#   84 | steps:  2256 | steps_t:     0 | t: 1.724003 | r:  -560.000000 | e:   1.000000 | Q:        nan | won: False 
#   85 | steps:  2267 | steps_t:     0 | t: 1.733988 | r:  -510.000000 | e:   1.000000 | Q:        nan | won: False 
#   86 | steps:  2292 | steps_t:     0 | t: 1.751652 | r:  -502.000000 | e:   1.000000 | Q:        nan | won: False 
#   87 | steps:  2307 | steps_t:     0 | t: 1.761005 | r:  -503.000000 | e:   1.000000 | Q:        nan | won: False 
#   88 | steps:  2320 | steps_t:     0 | t: 1.771992 | r:  -490.000000 | e:   1.000000 | Q:        nan | won: False 
#   89 | steps:  2328 | steps_t:     0 | t: 1.777986 | r:  -507.000000 | e:   1.000000 | Q:        nan | won: False 
#   90 | steps:  2352 | steps_t:     0 | t: 1.791988 | r:  -512.000000 | e:   1.000000 | Q:        nan | won: False 
#   91 | steps:  2400 | steps_t:     0 | t: 1.824985 | r:  -525.000000 | e:   1.000000 | Q:        nan | won: False 
#   92 | steps:  2406 | steps_t:     0 | t: 1.830994 | r:  -494.000000 | e:   1.000000 | Q:        nan | won: False 
#   93 | steps:  2446 | steps_t:     0 | t: 1.863989 | r:  -506.000000 | e:   1.000000 | Q:        nan | won: False 
#   94 | steps:  2520 | steps_t:     0 | t: 1.911985 | r:  -551.000000 | e:   1.000000 | Q:        nan | won: False 
#   95 | steps:  2536 | steps_t:     0 | t: 1.924997 | r:  -504.000000 | e:   1.000000 | Q:        nan | won: False 
#   96 | steps:  2575 | steps_t:     0 | t: 1.956989 | r:  -516.000000 | e:   1.000000 | Q:        nan | won: False 
#   97 | steps:  2583 | steps_t:     0 | t: 1.964005 | r:  -507.000000 | e:   1.000000 | Q:        nan | won: False 
#   98 | steps:  2594 | steps_t:     0 | t: 1.970987 | r:  -488.000000 | e:   1.000000 | Q:        nan | won: False 
#   99 | steps:  2627 | steps_t:     0 | t: 1.992009 | r:  -521.000000 | e:   1.000000 | Q:        nan | won: False 
#  100 | steps:  2668 | steps_t:     0 | t: 2.017984 | r:  -529.000000 | e:   1.000000 | Q:        nan | won: False 
#  101 | steps:  2696 | steps_t:     0 | t: 2.037410 | r:  -516.000000 | e:   1.000000 | Q:        nan | won: False 
#  102 | steps:  2709 | steps_t:     0 | t: 2.047988 | r:  -501.000000 | e:   1.000000 | Q:        nan | won: False 
#  103 | steps:  2759 | steps_t:     0 | t: 2.080005 | r:  -527.000000 | e:   1.000000 | Q:        nan | won: False 
#  104 | steps:  2767 | steps_t:     0 | t: 2.086983 | r:  -507.000000 | e:   1.000000 | Q:        nan | won: False 
#  105 | steps:  2790 | steps_t:     0 | t: 2.100184 | r:  -511.000000 | e:   1.000000 | Q:        nan | won: False 
#  106 | steps:  2802 | steps_t:     0 | t: 2.109057 | r:  -511.000000 | e:   1.000000 | Q:        nan | won: False 
#  107 | steps:  2813 | steps_t:     0 | t: 2.117579 | r:  -510.000000 | e:   1.000000 | Q:        nan | won: False 
#  108 | steps:  2822 | steps_t:     0 | t: 2.125756 | r:  -508.000000 | e:   1.000000 | Q:        nan | won: False 
#  109 | steps:  2889 | steps_t:     0 | t: 2.179582 | r:  -544.000000 | e:   1.000000 | Q:        nan | won: False 
#  110 | steps:  2921 | steps_t:     0 | t: 2.199600 | r:  -498.000000 | e:   1.000000 | Q:        nan | won: False 
#  111 | steps:  2957 | steps_t:     0 | t: 2.228587 | r:  -524.000000 | e:   1.000000 | Q:        nan | won: False 
#  112 | steps:  2972 | steps_t:     0 | t: 2.237580 | r:  -514.000000 | e:   1.000000 | Q:        nan | won: False 
#  113 | steps:  2988 | steps_t:     0 | t: 2.248591 | r:  -493.000000 | e:   1.000000 | Q:        nan | won: False 
#  114 | steps:  2998 | steps_t:     0 | t: 2.255580 | r:  -509.000000 | e:   1.000000 | Q:        nan | won: False 
#  115 | steps:  3034 | steps_t:     0 | t: 2.282402 | r:  -513.000000 | e:   1.000000 | Q:        nan | won: False 
#  116 | steps:  3056 | steps_t:     0 | t: 2.302404 | r:  -499.000000 | e:   1.000000 | Q:        nan | won: False 
#  117 | steps:  3080 | steps_t:     0 | t: 2.325408 | r:  -512.000000 | e:   1.000000 | Q:        nan | won: False 
#  118 | steps:  3096 | steps_t:     0 | t: 2.336408 | r:  -493.000000 | e:   1.000000 | Q:        nan | won: False 
#  119 | steps:  3118 | steps_t:     0 | t: 2.350405 | r:  -499.000000 | e:   1.000000 | Q:        nan | won: False 
#  120 | steps:  3162 | steps_t:     0 | t: 2.376421 | r:  -521.000000 | e:   1.000000 | Q:        nan | won: False 
#  121 | steps:  3205 | steps_t:     0 | t: 2.403407 | r:  -520.000000 | e:   1.000000 | Q:        nan | won: False 
#  122 | steps:  3214 | steps_t:     0 | t: 2.410403 | r:  -508.000000 | e:   1.000000 | Q:        nan | won: False 
#  123 | steps:  3231 | steps_t:     0 | t: 2.426876 | r:  -505.000000 | e:   1.000000 | Q:        nan | won: False 
#  124 | steps:  3278 | steps_t:     0 | t: 2.512432 | r:  -535.000000 | e:   1.000000 | Q:        nan | won: False 
#  125 | steps:  3289 | steps_t:     0 | t: 2.523408 | r:  -510.000000 | e:   1.000000 | Q:        nan | won: False 
#  126 | steps:  3336 | steps_t:     0 | t: 2.558424 | r:  -524.000000 | e:   1.000000 | Q:        nan | won: False 
#  127 | steps:  3433 | steps_t:     0 | t: 2.615405 | r:  -574.000000 | e:   1.000000 | Q:        nan | won: False 
#  128 | steps:  3448 | steps_t:     0 | t: 2.624405 | r:  -514.000000 | e:   1.000000 | Q:        nan | won: False 
#  129 | steps:  3463 | steps_t:     0 | t: 2.635415 | r:  -503.000000 | e:   1.000000 | Q:        nan | won: False 
#  130 | steps:  3478 | steps_t:     0 | t: 2.645404 | r:  -514.000000 | e:   1.000000 | Q:        nan | won: False 
#  131 | steps:  3520 | steps_t:     0 | t: 2.674415 | r:  -530.000000 | e:   1.000000 | Q:        nan | won: False 
#  132 | steps:  3543 | steps_t:     0 | t: 2.687403 | r:  -489.000000 | e:   1.000000 | Q:        nan | won: False 
#  133 | steps:  3551 | steps_t:     0 | t: 2.693408 | r:  -507.000000 | e:   1.000000 | Q:        nan | won: False 
#  134 | steps:  3582 | steps_t:     0 | t: 2.717402 | r:  -508.000000 | e:   1.000000 | Q:        nan | won: False 
#  135 | steps:  3593 | steps_t:     0 | t: 2.726403 | r:  -499.000000 | e:   1.000000 | Q:        nan | won: False 
#  136 | steps:  3604 | steps_t:     0 | t: 2.736014 | r:  -499.000000 | e:   1.000000 | Q:        nan | won: False 
#  137 | steps:  3650 | steps_t:     0 | t: 2.764428 | r:  -512.000000 | e:   1.000000 | Q:        nan | won: False 
#  138 | steps:  3669 | steps_t:     0 | t: 2.782430 | r:  -496.000000 | e:   1.000000 | Q:        nan | won: False 
#  139 | steps:  3728 | steps_t:     0 | t: 2.820428 | r:  -536.000000 | e:   1.000000 | Q:        nan | won: False 
#  140 | steps:  3824 | steps_t:     0 | t: 2.885406 | r:  -562.000000 | e:   1.000000 | Q:        nan | won: False 
#  141 | steps:  3933 | steps_t:     0 | t: 2.952408 | r:    25.000000 | e:   1.000000 | Q:        nan | won: True 
#  142 | steps:  3958 | steps_t:     0 | t: 2.973408 | r:  -513.000000 | e:   1.000000 | Q:        nan | won: False 
#  143 | steps:  3970 | steps_t:     0 | t: 2.985639 | r:  -511.000000 | e:   1.000000 | Q:        nan | won: False 
#  144 | steps:  3989 | steps_t:     0 | t: 3.000407 | r:  -507.000000 | e:   1.000000 | Q:        nan | won: False 
#  145 | steps:  4036 | steps_t:     0 | t: 3.038415 | r:  -524.000000 | e:   1.000000 | Q:        nan | won: False 
#  146 | steps:  4057 | steps_t:     0 | t: 3.052416 | r:  -509.000000 | e:   1.000000 | Q:        nan | won: False 
#  147 | steps:  4078 | steps_t:     0 | t: 3.071434 | r:  -498.000000 | e:   1.000000 | Q:        nan | won: False 
#  148 | steps:  4102 | steps_t:     0 | t: 3.092419 | r:  -512.000000 | e:   1.000000 | Q:        nan | won: False 
#  149 | steps:  4168 | steps_t:     0 | t: 3.135423 | r:  -543.000000 | e:   1.000000 | Q:        nan | won: False 
#  150 | steps:  4196 | steps_t:     0 | t: 3.157425 | r:  -516.000000 | e:   1.000000 | Q:        nan | won: False 
#  151 | steps:  4220 | steps_t:     0 | t: 3.174423 | r:  -523.000000 | e:   1.000000 | Q:        nan | won: False 
#  152 | steps:  4271 | steps_t:     0 | t: 3.202435 | r:  -539.000000 | e:   1.000000 | Q:        nan | won: False 
#  153 | steps:  4302 | steps_t:     0 | t: 3.225433 | r:  -508.000000 | e:   1.000000 | Q:        nan | won: False 
#  154 | steps:  4339 | steps_t:     0 | t: 3.253417 | r:  -525.000000 | e:   1.000000 | Q:        nan | won: False 
#  155 | steps:  4377 | steps_t:     0 | t: 3.285412 | r:  -526.000000 | e:   1.000000 | Q:        nan | won: False 
#  156 | steps:  4424 | steps_t:     0 | t: 3.319414 | r:  -524.000000 | e:   1.000000 | Q:        nan | won: False 
#  157 | steps:  4443 | steps_t:     0 | t: 3.335421 | r:  -518.000000 | e:   1.000000 | Q:        nan | won: False 
#  158 | steps:  4504 | steps_t:     0 | t: 3.378421 | r:  -527.000000 | e:   1.000000 | Q:        nan | won: False 
#  159 | steps:  4539 | steps_t:     0 | t: 3.400414 | r:  -523.000000 | e:   1.000000 | Q:        nan | won: False 
#  160 | steps:  4569 | steps_t:     0 | t: 3.424416 | r:  -496.000000 | e:   1.000000 | Q:        nan | won: False 
#  161 | steps:  4601 | steps_t:     0 | t: 3.456418 | r:  -520.000000 | e:   1.000000 | Q:        nan | won: False 
#  162 | steps:  4661 | steps_t:     0 | t: 3.496419 | r:  -526.000000 | e:   1.000000 | Q:        nan | won: False 
#  163 | steps:  4672 | steps_t:     0 | t: 3.504423 | r:  -488.000000 | e:   1.000000 | Q:        nan | won: False 
#  164 | steps:  4718 | steps_t:     0 | t: 3.539424 | r:  -523.000000 | e:   1.000000 | Q:        nan | won: False 
#  165 | steps:  4773 | steps_t:     0 | t: 3.574416 | r:  -532.000000 | e:   1.000000 | Q:        nan | won: False 
#  166 | steps:  4782 | steps_t:     0 | t: 3.582440 | r:  -508.000000 | e:   1.000000 | Q:        nan | won: False 
#  167 | steps:  4792 | steps_t:     0 | t: 3.588438 | r:  -498.000000 | e:   1.000000 | Q:        nan | won: False 
#  168 | steps:  4807 | steps_t:     0 | t: 3.599410 | r:  -514.000000 | e:   1.000000 | Q:        nan | won: False 
#  169 | steps:  4859 | steps_t:     0 | t: 3.641428 | r:  -529.000000 | e:   1.000000 | Q:        nan | won: False 
#  170 | steps:  4889 | steps_t:     0 | t: 3.665411 | r:  -518.000000 | e:   1.000000 | Q:        nan | won: False 
#  171 | steps:  4929 | steps_t:     0 | t: 3.688410 | r:  -517.000000 | e:   1.000000 | Q:        nan | won: False 
#  172 | steps:  4957 | steps_t:     0 | t: 3.707414 | r:  -505.000000 | e:   1.000000 | Q:        nan | won: False 
#  173 | steps:  5024 | steps_t:    23 | t: 4.098656 | r:  -544.000000 | e:   0.997700 | Q:        nan | won: False 
#  174 | steps:  5047 | steps_t:    45 | t: 4.338254 | r:  -500.000000 | e:   0.995500 | Q:        nan | won: False 
#  175 | steps:  5060 | steps_t:    57 | t: 4.467253 | r:  -501.000000 | e:   0.994300 | Q:        nan | won: False 
#  176 | steps:  5089 | steps_t:    85 | t: 4.769257 | r:  -517.000000 | e:   0.991500 | Q:        nan | won: False 
#  177 | steps:  5125 | steps_t:   120 | t: 5.159257 | r:  -513.000000 | e:   0.988000 | Q:        nan | won: False 
#  178 | steps:  5137 | steps_t:   131 | t: 5.279254 | r:  -500.000000 | e:   0.986900 | Q: -83.789253 | won: False 
#  179 | steps:  5164 | steps_t:   157 | t: 5.565254 | r:  -515.000000 | e:   0.984300 | Q:        nan | won: False 
#  180 | steps:  5206 | steps_t:   198 | t: 6.041260 | r:  -508.000000 | e:   0.980200 | Q:        nan | won: False 
#  181 | steps:  5267 | steps_t:   258 | t: 6.672260 | r:  -538.000000 | e:   0.974200 | Q:        nan | won: False 
#  182 | steps:  5278 | steps_t:   268 | t: 6.787256 | r:  -510.000000 | e:   0.973200 | Q:        nan | won: False 
#  183 | steps:  5316 | steps_t:   305 | t: 7.188255 | r:  -515.000000 | e:   0.969500 | Q:        nan | won: False 
#  184 | steps:  5350 | steps_t:   338 | t: 7.551255 | r:  -511.000000 | e:   0.966200 | Q:        nan | won: False 
#  185 | steps:  5367 | steps_t:   354 | t: 7.726255 | r:  -516.000000 | e:   0.964600 | Q: -161.202118 | won: False 
#  186 | steps:  5399 | steps_t:   385 | t: 8.069254 | r:   102.000000 | e:   0.961500 | Q: -145.010071 | won: True 
#  187 | steps:  5431 | steps_t:   416 | t: 8.399254 | r:  -509.000000 | e:   0.958400 | Q:        nan | won: False 
#  188 | steps:  5442 | steps_t:   426 | t: 8.508256 | r:  -510.000000 | e:   0.957400 | Q:        nan | won: False 
#  189 | steps:  5480 | steps_t:   463 | t: 8.920254 | r:  -526.000000 | e:   0.953700 | Q: -151.485397 | won: False 
#  190 | steps:  5490 | steps_t:   472 | t: 9.019255 | r:  -487.000000 | e:   0.952800 | Q:        nan | won: False 
#  191 | steps:  5503 | steps_t:   484 | t: 9.158258 | r:  -490.000000 | e:   0.951600 | Q: -146.737396 | won: False 
#  192 | steps:  5511 | steps_t:   491 | t: 9.244256 | r:  -507.000000 | e:   0.950900 | Q:        nan | won: False 
#  193 | steps:  5528 | steps_t:   507 | t: 9.435254 | r:  -516.000000 | e:   0.949300 | Q:        nan | won: False 
#  194 | steps:  5545 | steps_t:   523 | t: 9.624260 | r:  -505.000000 | e:   0.947700 | Q: -153.877121 | won: False 
#  195 | steps:  5553 | steps_t:   530 | t: 9.709259 | r:  -507.000000 | e:   0.947000 | Q:        nan | won: False 
#  196 | steps:  5569 | steps_t:   545 | t: 9.933257 | r:  -504.000000 | e:   0.945500 | Q: -157.780792 | won: False 
#  197 | steps:  5581 | steps_t:   556 | t: 10.070256 | r:  -489.000000 | e:   0.944400 | Q:        nan | won: False 
#  198 | steps:  5595 | steps_t:   569 | t: 10.263263 | r:  -502.000000 | e:   0.943100 | Q:        nan | won: False 
#  199 | steps:  5671 | steps_t:   644 | t: 11.522261 | r:  -553.000000 | e:   0.935600 | Q: -148.168289 | won: False 
#  200 | steps:  5697 | steps_t:   669 | t: 11.864259 | r:  -514.000000 | e:   0.933100 | Q: -137.329849 | won: False 
#  201 | steps:  5720 | steps_t:   691 | t: 12.156271 | r:  -511.000000 | e:   0.930900 | Q: -139.740875 | won: False 
#  202 | steps:  5734 | steps_t:   704 | t: 12.359256 | r:  -502.000000 | e:   0.929600 | Q:        nan | won: False 
#  203 | steps:  5759 | steps_t:   728 | t: 12.701256 | r:  -513.000000 | e:   0.927200 | Q: -128.936264 | won: False 
#  204 | steps:  5775 | steps_t:   743 | t: 12.909265 | r:  -515.000000 | e:   0.925700 | Q: -123.420952 | won: False 
#  205 | steps:  5825 | steps_t:   792 | t: 13.594259 | r:  -527.000000 | e:   0.920800 | Q: -128.034927 | won: False 
#  206 | steps:  5864 | steps_t:   830 | t: 14.084257 | r:  -527.000000 | e:   0.917000 | Q: -134.727554 | won: False 
#  207 | steps:  5959 | steps_t:   924 | t: 15.311256 | r:  -572.000000 | e:   0.907600 | Q: -145.681320 | won: False 
#  208 | steps:  5969 | steps_t:   933 | t: 15.431256 | r:  -509.000000 | e:   0.906700 | Q: -150.004044 | won: False 
#  209 | steps:  6013 | steps_t:   976 | t: 16.023260 | r:  -521.000000 | e:   0.902400 | Q: -144.966827 | won: False 
#  210 | steps:  6091 | steps_t:  1053 | t: 17.077802 | r:  -555.000000 | e:   0.894700 | Q: -148.444458 | won: False 
#  211 | steps:  6102 | steps_t:  1063 | t: 17.214796 | r:  -510.000000 | e:   0.893700 | Q: -166.380615 | won: False 
#  212 | steps:  6112 | steps_t:  1072 | t: 17.329799 | r:  -509.000000 | e:   0.892800 | Q: -155.173813 | won: False 
#  213 | steps:  6122 | steps_t:  1081 | t: 17.436798 | r:  -509.000000 | e:   0.891900 | Q: -155.965500 | won: False 
#  214 | steps:  6134 | steps_t:  1092 | t: 17.581798 | r:  -500.000000 | e:   0.890800 | Q: -144.057922 | won: False 
#  215 | steps:  6142 | steps_t:  1099 | t: 17.675802 | r:  -507.000000 | e:   0.890100 | Q:        nan | won: False 
#  216 | steps:  6159 | steps_t:  1115 | t: 17.884805 | r:  -505.000000 | e:   0.888500 | Q: -144.135681 | won: False 
#  217 | steps:  6175 | steps_t:  1130 | t: 18.064795 | r:  -515.000000 | e:   0.887000 | Q:        nan | won: False 
#  218 | steps:  6185 | steps_t:  1139 | t: 18.173800 | r:  -498.000000 | e:   0.886100 | Q: -155.366470 | won: False 
#  219 | steps:  6234 | steps_t:  1187 | t: 18.755805 | r:  -537.000000 | e:   0.881300 | Q: -146.536377 | won: False 
#  220 | steps:  6250 | steps_t:  1202 | t: 18.945800 | r:  -504.000000 | e:   0.879800 | Q:        nan | won: False 
#  221 | steps:  6271 | steps_t:  1222 | t: 19.196797 | r:  -498.000000 | e:   0.877800 | Q: -148.104950 | won: False 
#  222 | steps:  6286 | steps_t:  1236 | t: 19.372800 | r:  -514.000000 | e:   0.876400 | Q: -153.317047 | won: False 
#  223 | steps:  6355 | steps_t:  1304 | t: 20.182804 | r:  -557.000000 | e:   0.869600 | Q: -130.486481 | won: False 
#  224 | steps:  6426 | steps_t:  1374 | t: 21.008798 | r:  -548.000000 | e:   0.862600 | Q: -150.521484 | won: False 
#  225 | steps:  6438 | steps_t:  1385 | t: 21.141797 | r:  -500.000000 | e:   0.861500 | Q: -194.217712 | won: False 
#  226 | steps:  6522 | steps_t:  1468 | t: 22.146805 | r:  -550.000000 | e:   0.853200 | Q: -156.642609 | won: False 
#  227 | steps:  6587 | steps_t:  1532 | t: 22.895802 | r:  -553.000000 | e:   0.846800 | Q: -158.781128 | won: False 
#  228 | steps:  6670 | steps_t:  1614 | t: 23.950799 | r:  -560.000000 | e:   0.838600 | Q: -162.205948 | won: False 
#  229 | steps:  6714 | steps_t:  1657 | t: 24.451797 | r:  -499.000000 | e:   0.834300 | Q: -146.187820 | won: False 
#  230 | steps:  6739 | steps_t:  1681 | t: 24.765801 | r:  -513.000000 | e:   0.831900 | Q: -149.398697 | won: False 
#  231 | steps:  6790 | steps_t:  1731 | t: 25.460800 | r:  -528.000000 | e:   0.826900 | Q: -154.409912 | won: False 
#  232 | steps:  6804 | steps_t:  1744 | t: 25.621795 | r:  -491.000000 | e:   0.825600 | Q: -150.754410 | won: False 
#  233 | steps:  6830 | steps_t:  1769 | t: 25.964797 | r:  -503.000000 | e:   0.823100 | Q: -138.462036 | won: False 
#  234 | steps:  6878 | steps_t:  1816 | t: 26.570804 | r:  -525.000000 | e:   0.818400 | Q: -129.995468 | won: False 
#  235 | steps:  6918 | steps_t:  1855 | t: 27.085804 | r:  -517.000000 | e:   0.814500 | Q: -123.193298 | won: False 
#  236 | steps:  7000 | steps_t:  1936 | t: 28.070798 | r:  -559.000000 | e:   0.806400 | Q: -117.564743 | won: False 
#  237 | steps:  7016 | steps_t:  1951 | t: 28.265810 | r:  -515.000000 | e:   0.804900 | Q: -122.300308 | won: False 
#  238 | steps:  7052 | steps_t:  1986 | t: 28.744802 | r:  -513.000000 | e:   0.801400 | Q: -135.846619 | won: False 
#  239 | steps:  7060 | steps_t:  1993 | t: 28.851801 | r:  -507.000000 | e:   0.800700 | Q:        nan | won: False 
#  240 | steps:  7089 | steps_t:  2021 | t: 29.228809 | r:  -517.000000 | e:   0.797900 | Q: -141.134369 | won: False 
#  241 | steps:  7134 | steps_t:  2065 | t: 29.799801 | r:  -522.000000 | e:   0.793500 | Q: -133.323883 | won: False 
#  242 | steps:  7149 | steps_t:  2079 | t: 30.003798 | r:  -514.000000 | e:   0.792100 | Q: -163.583374 | won: False 
#  243 | steps:  7165 | steps_t:  2094 | t: 30.204798 | r:  -504.000000 | e:   0.790600 | Q: -165.963409 | won: False 
#  244 | steps:  7202 | steps_t:  2130 | t: 30.738804 | r:  -514.000000 | e:   0.787000 | Q: -146.141678 | won: False 
#  245 | steps:  7217 | steps_t:  2144 | t: 30.932799 | r:  -492.000000 | e:   0.785600 | Q: -150.436279 | won: False 
#  246 | steps:  7236 | steps_t:  2162 | t: 31.164801 | r:  -507.000000 | e:   0.783800 | Q: -155.030380 | won: False 
#  247 | steps:  7250 | steps_t:  2175 | t: 31.346799 | r:  -513.000000 | e:   0.782500 | Q: -150.860840 | won: False 
#  248 | steps:  7302 | steps_t:  2226 | t: 32.000798 | r:  -540.000000 | e:   0.777400 | Q: -133.605286 | won: False 
#  249 | steps:  7324 | steps_t:  2247 | t: 32.262800 | r:  -510.000000 | e:   0.775300 | Q: -145.077499 | won: False 
#  250 | steps:  7333 | steps_t:  2255 | t: 32.366797 | r:  -497.000000 | e:   0.774500 | Q: -140.282227 | won: False 
#  251 | steps:  7345 | steps_t:  2266 | t: 32.526806 | r:  -500.000000 | e:   0.773400 | Q: -144.246033 | won: False 
#  252 | steps:  7355 | steps_t:  2275 | t: 32.654808 | r:  -498.000000 | e:   0.772500 | Q: -143.842499 | won: False 
#  253 | steps:  7369 | steps_t:  2288 | t: 32.838806 | r:  -502.000000 | e:   0.771200 | Q: -138.522400 | won: False 
#  254 | steps:  7389 | steps_t:  2307 | t: 33.089803 | r:  -508.000000 | e:   0.769300 | Q: -138.252762 | won: False 
#  255 | steps:  7411 | steps_t:  2328 | t: 33.346798 | r:  -510.000000 | e:   0.767200 | Q: -135.672318 | won: False 
#  256 | steps:  7455 | steps_t:  2371 | t: 33.915798 | r:  -521.000000 | e:   0.762900 | Q: -150.677994 | won: False 
#  257 | steps:  7463 | steps_t:  2378 | t: 34.009805 | r:  -507.000000 | e:   0.762200 | Q: -164.633316 | won: False 
#  258 | steps:  7481 | steps_t:  2395 | t: 34.226798 | r:  -506.000000 | e:   0.760500 | Q: -161.335999 | won: False 
#  259 | steps:  7522 | steps_t:  2435 | t: 34.724803 | r:  -518.000000 | e:   0.756500 | Q: -133.559479 | won: False 
#  260 | steps:  7559 | steps_t:  2471 | t: 35.181798 | r:  -536.000000 | e:   0.752900 | Q: -154.029068 | won: False 
#  261 | steps:  7581 | steps_t:  2492 | t: 35.470805 | r:  -521.000000 | e:   0.750800 | Q: -191.037125 | won: False 
#  262 | steps:  7618 | steps_t:  2528 | t: 35.971802 | r:  -514.000000 | e:   0.747200 | Q: -144.177795 | won: False 
#  263 | steps:  7629 | steps_t:  2538 | t: 36.108798 | r:  -510.000000 | e:   0.746200 | Q: -148.464127 | won: False 
#  264 | steps:  7639 | steps_t:  2547 | t: 36.221805 | r:  -498.000000 | e:   0.745300 | Q: -143.981171 | won: False 
#  265 | steps:  7691 | steps_t:  2598 | t: 36.886806 | r:  -529.000000 | e:   0.740200 | Q: -157.865128 | won: False 
#  266 | steps:  7714 | steps_t:  2620 | t: 37.176796 | r:  -500.000000 | e:   0.738000 | Q: -148.733597 | won: False 
#  267 | steps:  7723 | steps_t:  2628 | t: 37.279802 | r:  -497.000000 | e:   0.737200 | Q: -163.418350 | won: False 
#  268 | steps:  7736 | steps_t:  2640 | t: 37.452802 | r:  -501.000000 | e:   0.736000 | Q: -159.129349 | won: False 
#  269 | steps:  7759 | steps_t:  2662 | t: 37.737802 | r:  -511.000000 | e:   0.733800 | Q: -134.821182 | won: False 
#  270 | steps:  7800 | steps_t:  2702 | t: 38.275797 | r:  -518.000000 | e:   0.729800 | Q: -125.965721 | won: False 
#  271 | steps:  7819 | steps_t:  2720 | t: 38.511796 | r:  -496.000000 | e:   0.728000 | Q: -135.999603 | won: False 
#  272 | steps:  7848 | steps_t:  2748 | t: 38.885800 | r:   105.000000 | e:   0.725200 | Q: -160.415710 | won: True 
#  273 | steps:  7920 | steps_t:  2819 | t: 39.797801 | r:  -560.000000 | e:   0.718100 | Q: -160.995148 | won: False 
#  274 | steps:  7988 | steps_t:  2886 | t: 40.623800 | r:  -545.000000 | e:   0.711400 | Q: -169.390701 | won: False 
#  275 | steps:  7996 | steps_t:  2893 | t: 40.709799 | r:  -507.000000 | e:   0.710700 | Q: -140.490952 | won: False 
#  276 | steps:  8013 | steps_t:  2909 | t: 40.914798 | r:  -505.000000 | e:   0.709100 | Q: -128.685333 | won: False 
#  277 | steps:  8034 | steps_t:  2929 | t: 41.208320 | r:  -509.000000 | e:   0.707100 | Q: -136.909943 | won: False 
#  278 | steps:  8043 | steps_t:  2937 | t: 41.308320 | r:  -508.000000 | e:   0.706300 | Q: -137.273361 | won: False 
#  279 | steps:  8060 | steps_t:  2953 | t: 41.563329 | r:  -505.000000 | e:   0.704700 | Q: -145.065033 | won: False 
#  280 | steps:  8088 | steps_t:  2980 | t: 42.004324 | r:  -516.000000 | e:   0.702000 | Q: -161.285797 | won: False 
#  281 | steps:  8114 | steps_t:  3005 | t: 42.310326 | r:  -525.000000 | e:   0.699500 | Q: -153.576080 | won: False 
#  282 | steps:  8133 | steps_t:  3023 | t: 42.532323 | r:  -496.000000 | e:   0.697700 | Q: -142.024506 | won: False 
#  283 | steps:  8145 | steps_t:  3034 | t: 42.671324 | r:  -511.000000 | e:   0.696600 | Q: -146.877930 | won: False 
#  284 | steps:  8176 | steps_t:  3064 | t: 43.034322 | r:  -519.000000 | e:   0.693600 | Q: -144.256729 | won: False 
#  285 | steps:  8199 | steps_t:  3086 | t: 43.294326 | r:  -511.000000 | e:   0.691400 | Q: -142.673813 | won: False 
#  286 | steps:  8214 | steps_t:  3100 | t: 43.461329 | r:  -503.000000 | e:   0.690000 | Q: -138.718170 | won: False 
#  287 | steps:  8268 | steps_t:  3153 | t: 44.098325 | r:  -542.000000 | e:   0.684700 | Q: -148.870056 | won: False 
#  288 | steps:  8310 | steps_t:  3194 | t: 44.575324 | r:  -530.000000 | e:   0.680600 | Q: -152.424469 | won: False 
#  289 | steps:  8335 | steps_t:  3218 | t: 44.876324 | r:  -513.000000 | e:   0.678200 | Q: -160.109177 | won: False 
#  290 | steps:  8361 | steps_t:  3243 | t: 45.178324 | r:  -525.000000 | e:   0.675700 | Q: -143.341187 | won: False 
#  291 | steps:  8395 | steps_t:  3276 | t: 45.573324 | r:  -511.000000 | e:   0.672400 | Q: -138.264252 | won: False 
#  292 | steps:  8403 | steps_t:  3283 | t: 45.662325 | r:  -507.000000 | e:   0.671700 | Q: -162.290375 | won: False 
#  293 | steps:  8445 | steps_t:  3324 | t: 46.169323 | r:  -519.000000 | e:   0.667600 | Q: -163.904587 | won: False 
#  294 | steps:  8470 | steps_t:  3348 | t: 46.459331 | r:  -502.000000 | e:   0.665200 | Q: -165.137100 | won: False 
#  295 | steps:  8536 | steps_t:  3413 | t: 47.244329 | r:  -543.000000 | e:   0.658700 | Q: -146.353394 | won: False 
#  296 | steps:  8553 | steps_t:  3429 | t: 47.441327 | r:  -505.000000 | e:   0.657100 | Q: -125.723564 | won: False 
#  297 | steps:  8559 | steps_t:  3434 | t: 47.503328 | r:  -505.000000 | e:   0.656600 | Q: -133.196732 | won: False 
#  298 | steps:  8575 | steps_t:  3449 | t: 47.701320 | r:  -504.000000 | e:   0.655100 | Q: -149.653366 | won: False 
#  299 | steps:  8594 | steps_t:  3467 | t: 47.933320 | r:  -507.000000 | e:   0.653300 | Q: -151.603790 | won: False 
#  300 | steps:  8642 | steps_t:  3514 | t: 48.491324 | r:  -547.000000 | e:   0.648600 | Q: -140.268188 | won: False 
#  301 | steps:  8681 | steps_t:  3552 | t: 48.947321 | r:  -516.000000 | e:   0.644800 | Q: -135.681091 | won: False 
#  302 | steps:  8707 | steps_t:  3577 | t: 49.238320 | r:  -525.000000 | e:   0.642300 | Q: -121.160797 | won: False 
#  303 | steps:  8748 | steps_t:  3617 | t: 49.702322 | r:  -518.000000 | e:   0.638300 | Q: -114.175522 | won: False 
#  304 | steps:  8782 | steps_t:  3650 | t: 50.089326 | r:  -511.000000 | e:   0.635000 | Q: -124.946533 | won: False 
#  305 | steps:  8807 | steps_t:  3674 | t: 50.367322 | r:  -502.000000 | e:   0.632600 | Q: -126.428833 | won: False 
#  306 | steps:  8818 | steps_t:  3684 | t: 50.486322 | r:  -510.000000 | e:   0.631600 | Q: -165.626022 | won: False 
#  307 | steps:  8852 | steps_t:  3717 | t: 50.878320 | r:  -511.000000 | e:   0.628300 | Q: -165.589188 | won: False 
#  308 | steps:  9032 | steps_t:  3896 | t: 53.011323 | r:  -657.000000 | e:   0.610400 | Q: -132.878510 | won: False 
#  309 | steps:  9068 | steps_t:  3931 | t: 53.421329 | r:  -524.000000 | e:   0.606900 | Q: -157.719391 | won: False 
#  310 | steps:  9086 | steps_t:  3948 | t: 53.615321 | r:  -517.000000 | e:   0.605200 | Q: -107.350929 | won: False 
#  311 | steps:  9111 | steps_t:  3972 | t: 53.908323 | r:  -513.000000 | e:   0.602800 | Q: -127.491516 | won: False 
#  312 | steps:  9154 | steps_t:  4014 | t: 54.389322 | r:  -531.000000 | e:   0.598600 | Q: -136.032974 | won: False 
#  313 | steps:  9163 | steps_t:  4022 | t: 54.485324 | r:  -497.000000 | e:   0.597800 | Q: -144.646164 | won: False 
#  314 | steps:  9220 | steps_t:  4078 | t: 55.157320 | r:  -545.000000 | e:   0.592200 | Q: -116.521309 | won: False 
#  315 | steps:  9268 | steps_t:  4125 | t: 55.721329 | r:  -536.000000 | e:   0.587500 | Q: -103.712509 | won: False 
#  316 | steps:  9280 | steps_t:  4136 | t: 55.861326 | r:  -511.000000 | e:   0.586400 | Q: -141.322952 | won: False 
#  317 | steps:  9346 | steps_t:  4201 | t: 56.629327 | r:  -543.000000 | e:   0.579900 | Q: -128.293549 | won: False 
#  318 | steps:  9363 | steps_t:  4217 | t: 56.823324 | r:  -494.000000 | e:   0.578300 | Q: -122.777229 | won: False 
#  319 | steps:  9385 | steps_t:  4238 | t: 57.071323 | r:  -510.000000 | e:   0.576200 | Q: -115.284714 | won: False 
#  320 | steps:  9497 | steps_t:  4349 | t: 58.355321 | r:  -589.000000 | e:   0.565100 | Q: -101.891411 | won: False 
#  321 | steps:  9586 | steps_t:  4437 | t: 59.390848 | r:  -577.000000 | e:   0.556300 | Q: -88.022438 | won: False 
#  322 | steps:  9620 | steps_t:  4470 | t: 59.786844 | r:  -511.000000 | e:   0.553000 | Q: -81.640404 | won: False 
#  323 | steps:  9639 | steps_t:  4488 | t: 60.009851 | r:  -496.000000 | e:   0.551200 | Q: -111.459778 | won: False 
#  324 | steps:  9662 | steps_t:  4510 | t: 60.273846 | r:  -511.000000 | e:   0.549000 | Q: -111.960503 | won: False 
#  325 | steps:  9686 | steps_t:  4533 | t: 60.541844 | r:  -512.000000 | e:   0.546700 | Q: -122.746025 | won: False 
#  326 | steps:  9730 | steps_t:  4576 | t: 61.045847 | r:    90.000000 | e:   0.542400 | Q: -95.429184 | won: True 
#  327 | steps:  9751 | steps_t:  4596 | t: 61.274844 | r:  -509.000000 | e:   0.540400 | Q: -116.722343 | won: False 
#  328 | steps:  9774 | steps_t:  4618 | t: 61.520847 | r:  -511.000000 | e:   0.538200 | Q: -112.284012 | won: False 
#  329 | steps:  9817 | steps_t:  4660 | t: 62.027848 | r:  -531.000000 | e:   0.534000 | Q: -128.820175 | won: False 
#  330 | steps:  9837 | steps_t:  4679 | t: 62.248847 | r:  -508.000000 | e:   0.532100 | Q: -129.607239 | won: False 
#  331 | steps:  9869 | steps_t:  4710 | t: 62.628848 | r:  -531.000000 | e:   0.529000 | Q: -114.613136 | won: False 
#  332 | steps:  9889 | steps_t:  4729 | t: 62.861851 | r:  -519.000000 | e:   0.527100 | Q: -138.158585 | won: False 
#  333 | steps:  9902 | steps_t:  4741 | t: 63.004846 | r:  -490.000000 | e:   0.525900 | Q: -105.158318 | won: False 
#  334 | steps:  9922 | steps_t:  4760 | t: 63.237845 | r:  -508.000000 | e:   0.524000 | Q: -104.756882 | won: False 
#  335 | steps:  9958 | steps_t:  4795 | t: 63.654850 | r:  -524.000000 | e:   0.520500 | Q: -102.662605 | won: False 
#  336 | steps:  9980 | steps_t:  4816 | t: 63.920850 | r:  -521.000000 | e:   0.518400 | Q: -104.881859 | won: False 
#  337 | steps:  9999 | steps_t:  4834 | t: 64.146845 | r:  -496.000000 | e:   0.516600 | Q: -108.120598 | won: False 
#  338 | steps: 10076 | steps_t:  4910 | t: 65.053854 | r:  -554.000000 | e:   0.509000 | Q: -100.861664 | won: False 
#  339 | steps: 10105 | steps_t:  4938 | t: 65.399846 | r:  -517.000000 | e:   0.506200 | Q: -101.525589 | won: False 
#  340 | steps: 10204 | steps_t:  5036 | t: 66.604845 | r:  -587.000000 | e:   0.496400 | Q: -94.931946 | won: False 
#  341 | steps: 10250 | steps_t:  5081 | t: 67.255846 | r:  -523.000000 | e:   0.491900 | Q: -93.023026 | won: False 
#  342 | steps: 10260 | steps_t:  5090 | t: 67.385845 | r:  -498.000000 | e:   0.491000 | Q: -97.799995 | won: False 
#  343 | steps: 10280 | steps_t:  5109 | t: 67.606851 | r:  -508.000000 | e:   0.489100 | Q: -93.692665 | won: False 
#  344 | steps: 10321 | steps_t:  5149 | t: 68.079848 | r:  -529.000000 | e:   0.485100 | Q: -85.307045 | won: False 
#  345 | steps: 10370 | steps_t:  5197 | t: 68.648845 | r:  -548.000000 | e:   0.480300 | Q: -111.602859 | won: False 
#  346 | steps: 10415 | steps_t:  5241 | t: 69.169847 | r:  -522.000000 | e:   0.475900 | Q: -104.989975 | won: False 
#  347 | steps: 10440 | steps_t:  5265 | t: 69.452846 | r:  -524.000000 | e:   0.473500 | Q: -113.776466 | won: False 
#  348 | steps: 10469 | steps_t:  5293 | t: 69.784847 | r:  -495.000000 | e:   0.470700 | Q: -99.885185 | won: False 
#  349 | steps: 10492 | steps_t:  5315 | t: 70.056846 | r:  -500.000000 | e:   0.468500 | Q: -107.407578 | won: False 
#  350 | steps: 10502 | steps_t:  5324 | t: 70.164845 | r:  -509.000000 | e:   0.467600 | Q: -99.253128 | won: False 
#  351 | steps: 10512 | steps_t:  5333 | t: 70.269847 | r:  -498.000000 | e:   0.466700 | Q: -93.922752 | won: False 
#  352 | steps: 10543 | steps_t:  5363 | t: 70.641847 | r:   103.000000 | e:   0.463700 | Q: -111.465721 | won: True 
#  353 | steps: 10559 | steps_t:  5378 | t: 70.829848 | r:  -515.000000 | e:   0.462200 | Q: -78.838348 | won: False 
#  354 | steps: 10576 | steps_t:  5394 | t: 71.021854 | r:  -494.000000 | e:   0.460600 | Q: -138.652344 | won: False 
#  355 | steps: 10593 | steps_t:  5410 | t: 71.212845 | r:  -516.000000 | e:   0.459000 | Q: -133.584518 | won: False 
#  356 | steps: 10609 | steps_t:  5425 | t: 71.390849 | r:  -515.000000 | e:   0.457500 | Q: -103.641754 | won: False 
#  357 | steps: 10641 | steps_t:  5456 | t: 71.762846 | r:  -531.000000 | e:   0.454400 | Q: -106.853287 | won: False 
#  358 | steps: 10675 | steps_t:  5489 | t: 72.158846 | r:  -511.000000 | e:   0.451100 | Q: -85.936646 | won: False 
#  359 | steps: 10735 | steps_t:  5548 | t: 72.867850 | r:  -537.000000 | e:   0.445200 | Q: -84.424164 | won: False 
#  360 | steps: 10751 | steps_t:  5563 | t: 73.046844 | r:  -515.000000 | e:   0.443700 | Q: -106.744644 | won: False 
#  361 | steps: 10803 | steps_t:  5614 | t: 73.646845 | r:  -540.000000 | e:   0.438600 | Q: -82.141701 | won: False 
#  362 | steps: 10843 | steps_t:  5653 | t: 74.124846 | r:  -517.000000 | e:   0.434700 | Q: -81.739716 | won: False 
#  363 | steps: 10875 | steps_t:  5684 | t: 74.487848 | r:  -531.000000 | e:   0.431600 | Q: -87.729027 | won: False 
#  364 | steps: 10917 | steps_t:  5725 | t: 74.981846 | r:  -519.000000 | e:   0.427500 | Q: -116.137024 | won: False 
#  365 | steps: 10974 | steps_t:  5781 | t: 75.688845 | r:  -545.000000 | e:   0.421900 | Q: -111.430489 | won: False 
#  366 | steps: 11000 | steps_t:  5806 | t: 76.001847 | r:  -525.000000 | e:   0.419400 | Q: -99.469971 | won: False 
#  367 | steps: 11011 | steps_t:  5816 | t: 76.126848 | r:  -510.000000 | e:   0.418400 | Q: -95.224655 | won: False 
#  368 | steps: 11023 | steps_t:  5827 | t: 76.256846 | r:  -511.000000 | e:   0.417300 | Q: -155.788391 | won: False 
#  369 | steps: 11035 | steps_t:  5838 | t: 76.388845 | r:  -500.000000 | e:   0.416200 | Q: -123.950066 | won: False 
#  370 | steps: 11056 | steps_t:  5858 | t: 76.626849 | r:  -498.000000 | e:   0.414200 | Q: -124.132187 | won: False 
#  371 | steps: 11099 | steps_t:  5900 | t: 77.138844 | r:  -509.000000 | e:   0.410000 | Q: -101.776276 | won: False 
#  372 | steps: 11135 | steps_t:  5935 | t: 77.559847 | r:  -524.000000 | e:   0.406500 | Q: -92.186790 | won: False 
#  373 | steps: 11160 | steps_t:  5959 | t: 77.853845 | r:  -513.000000 | e:   0.404100 | Q: -102.289108 | won: False 
#  374 | steps: 11170 | steps_t:  5968 | t: 77.962846 | r:  -509.000000 | e:   0.403200 | Q: -109.325150 | won: False 
#  375 | steps: 11197 | steps_t:  5994 | t: 78.353920 | r:  -504.000000 | e:   0.400600 | Q: -107.673363 | won: False 
#  376 | steps: 11219 | steps_t:  6015 | t: 78.593923 | r:  -510.000000 | e:   0.398500 | Q: -103.216614 | won: False 
#  377 | steps: 11242 | steps_t:  6037 | t: 78.867922 | r:  -522.000000 | e:   0.396300 | Q: -88.464401 | won: False 
#  378 | steps: 11294 | steps_t:  6088 | t: 79.469923 | r:  -540.000000 | e:   0.391200 | Q: -86.585587 | won: False 
#  379 | steps: 11349 | steps_t:  6142 | t: 80.128920 | r:  -532.000000 | e:   0.385800 | Q: -80.442245 | won: False 
#  380 | steps: 11359 | steps_t:  6151 | t: 80.235923 | r:  -509.000000 | e:   0.384900 | Q: -82.198288 | won: False 
#  381 | steps: 11402 | steps_t:  6193 | t: 80.733926 | r:  -520.000000 | e:   0.380700 | Q: -68.434303 | won: False 
#  382 | steps: 11442 | steps_t:  6232 | t: 81.209923 | r:  -517.000000 | e:   0.376800 | Q: -95.096779 | won: False 
#  383 | steps: 11460 | steps_t:  6249 | t: 81.414923 | r:  -495.000000 | e:   0.375100 | Q: -131.355881 | won: False 
#  384 | steps: 11471 | steps_t:  6259 | t: 81.535919 | r:  -510.000000 | e:   0.374100 | Q: -126.170250 | won: False 
#  385 | steps: 11512 | steps_t:  6299 | t: 82.061925 | r:  -507.000000 | e:   0.370100 | Q: -96.497261 | won: False 
#  386 | steps: 11617 | steps_t:  6403 | t: 83.412924 | r:  -582.000000 | e:   0.359700 | Q: -86.240982 | won: False 
#  387 | steps: 11672 | steps_t:  6457 | t: 84.096924 | r:  -532.000000 | e:   0.354300 | Q: -134.236465 | won: False 
#  388 | steps: 11719 | steps_t:  6503 | t: 84.708926 | r:  -524.000000 | e:   0.349700 | Q: -106.178879 | won: False 
#  389 | steps: 11738 | steps_t:  6521 | t: 84.952920 | r:  -507.000000 | e:   0.347900 | Q: -120.428329 | won: False 
#  390 | steps: 11759 | steps_t:  6541 | t: 85.216926 | r:  -509.000000 | e:   0.345900 | Q: -118.974083 | won: False 
#  391 | steps: 11775 | steps_t:  6556 | t: 85.406922 | r:  -504.000000 | e:   0.344400 | Q: -111.514923 | won: False 
#  392 | steps: 11787 | steps_t:  6567 | t: 85.551922 | r:  -500.000000 | e:   0.343300 | Q: -107.173157 | won: False 
#  393 | steps: 11799 | steps_t:  6578 | t: 85.705924 | r:  -489.000000 | e:   0.342200 | Q: -98.315071 | won: False 
#  394 | steps: 11808 | steps_t:  6586 | t: 85.819924 | r:  -497.000000 | e:   0.341400 | Q: -102.472321 | won: False 
#  395 | steps: 11815 | steps_t:  6592 | t: 85.902921 | r:  -506.000000 | e:   0.340800 | Q: -207.272186 | won: False 
#  396 | steps: 11865 | steps_t:  6641 | t: 86.523923 | r:  -527.000000 | e:   0.335900 | Q: -106.628021 | won: False 
#  397 | steps: 11885 | steps_t:  6660 | t: 86.779922 | r:  -497.000000 | e:   0.334000 | Q: -110.629570 | won: False 
#  398 | steps: 11932 | steps_t:  6706 | t: 87.375922 | r:  -546.000000 | e:   0.329400 | Q: -97.402412 | won: False 
#  399 | steps: 12080 | steps_t:  6853 | t: 89.296921 | r:  -614.000000 | e:   0.314700 | Q: -92.121307 | won: False 
#  400 | steps: 12096 | steps_t:  6868 | t: 89.485920 | r:  -504.000000 | e:   0.313200 | Q: -108.341705 | won: False 
#  401 | steps: 12157 | steps_t:  6928 | t: 100.229822 | r:  -560.000000 | e:   0.307200 | Q: -102.612244 | won: False 
#  402 | steps: 12212 | steps_t:  6982 | t: 110.226873 | r:  -554.000000 | e:   0.301800 | Q: -104.988739 | won: False 
#  403 | steps: 12243 | steps_t:  7012 | t: 116.192327 | r:  -508.000000 | e:   0.298800 | Q: -108.460487 | won: False 
#  404 | steps: 12275 | steps_t:  7043 | t: 122.264510 | r:  -498.000000 | e:   0.295700 | Q: -102.618042 | won: False 
#  405 | steps: 12339 | steps_t:  7106 | t: 133.500520 | r:  -552.000000 | e:   0.289400 | Q: -119.190605 | won: False 
#  406 | steps: 12386 | steps_t:  7152 | t: 142.041879 | r:  -524.000000 | e:   0.284800 | Q: -96.317009 | won: False 
#  407 | steps: 12398 | steps_t:  7163 | t: 144.923609 | r:  -500.000000 | e:   0.283700 | Q: -139.397842 | won: False 
#  408 | steps: 12426 | steps_t:  7190 | t: 150.330024 | r:  -527.000000 | e:   0.281000 | Q: -115.832687 | won: False 
#  409 | steps: 12488 | steps_t:  7251 | t: 161.168040 | r:  -539.000000 | e:   0.274900 | Q: -115.624413 | won: False 
#  410 | steps: 12566 | steps_t:  7328 | t: 174.437975 | r:  -555.000000 | e:   0.267200 | Q: -104.340408 | won: False 
#  411 | steps: 12627 | steps_t:  7388 | t: 185.364704 | r:  -560.000000 | e:   0.261200 | Q: -97.429314 | won: False 
#  412 | steps: 12656 | steps_t:  7416 | t: 191.007716 | r:  -528.000000 | e:   0.258400 | Q: -112.857910 | won: False 
#  413 | steps: 12815 | steps_t:  7574 | t: 217.300279 | r:  -647.000000 | e:   0.242600 | Q: -83.932259 | won: False 
#  414 | steps: 12862 | steps_t:  7620 | t: 225.738164 | r:  -524.000000 | e:   0.238000 | Q: -102.315018 | won: False 
#  415 | steps: 12897 | steps_t:  7654 | t: 232.231035 | r:  -523.000000 | e:   0.234600 | Q: -100.767754 | won: False 
#  416 | steps: 12913 | steps_t:  7669 | t: 235.781785 | r:  -515.000000 | e:   0.233100 | Q: -91.978119 | won: False 
#  417 | steps: 12934 | steps_t:  7689 | t: 240.077626 | r:  -498.000000 | e:   0.231100 | Q: -88.884109 | won: False 
#  418 | steps: 12952 | steps_t:  7706 | t: 243.922838 | r:  -495.000000 | e:   0.229400 | Q: -87.626678 | won: False 
#  419 | steps: 12991 | steps_t:  7744 | t: 251.184895 | r:  -516.000000 | e:   0.225600 | Q: -84.098213 | won: False 
#  420 | steps: 13013 | steps_t:  7765 | t: 255.657789 | r:  -521.000000 | e:   0.223500 | Q: -80.859848 | won: False 
#  421 | steps: 13074 | steps_t:  7825 | t: 266.272766 | r:  -527.000000 | e:   0.217500 | Q: -93.520744 | won: False 
#  422 | steps: 13144 | steps_t:  7894 | t: 278.536663 | r:  -558.000000 | e:   0.210600 | Q: -103.529404 | won: False 
#  423 | steps: 13166 | steps_t:  7915 | t: 283.076892 | r:  -510.000000 | e:   0.208500 | Q: -113.770920 | won: False 
#  424 | steps: 13242 | steps_t:  7990 | t: 296.273967 | r:    58.000000 | e:   0.201000 | Q: -111.345711 | won: True 
#  425 | steps: 13262 | steps_t:  8009 | t: 300.468869 | r:  -508.000000 | e:   0.199100 | Q: -105.468925 | won: False 
#  426 | steps: 13309 | steps_t:  8055 | t: 309.045945 | r:  -535.000000 | e:   0.194500 | Q: -84.927338 | won: False 
#  427 | steps: 13349 | steps_t:  8094 | t: 316.602571 | r:  -528.000000 | e:   0.190600 | Q: -96.070511 | won: False 
#  428 | steps: 13403 | steps_t:  8147 | t: 328.372579 | r:  -542.000000 | e:   0.185300 | Q: -110.975845 | won: False 
#  429 | steps: 13439 | steps_t:  8182 | t: 335.232748 | r:  -535.000000 | e:   0.181800 | Q: -94.538490 | won: False 
#  430 | steps: 13463 | steps_t:  8205 | t: 340.317568 | r:  -512.000000 | e:   0.179500 | Q: -72.428406 | won: False 
#  431 | steps: 13533 | steps_t:  8274 | t: 353.258117 | r:    64.000000 | e:   0.172600 | Q: -76.246902 | won: True 
#  432 | steps: 13613 | steps_t:  8353 | t: 367.419911 | r:  -568.000000 | e:   0.164700 | Q: -93.138000 | won: False 
#  433 | steps: 13702 | steps_t:  8441 | t: 382.651052 | r:  -577.000000 | e:   0.155900 | Q: -93.559235 | won: False 
#  434 | steps: 13712 | steps_t:  8450 | t: 385.365849 | r:  -509.000000 | e:   0.155000 | Q: -94.866371 | won: False 
#  435 | steps: 13834 | steps_t:  8571 | t: 406.159097 | r:  -621.000000 | e:   0.142900 | Q: -94.115883 | won: False 
