#    1 | steps:    24 | steps_t:     0 | t: 0.079448 | r:  -523.000000 | e:   1.000000 | Q:        nan | won: False 
#    2 | steps:    52 | steps_t:     0 | t: 0.108449 | r:  -516.000000 | e:   1.000000 | Q:        nan | won: False 
#    3 | steps:    64 | steps_t:     0 | t: 0.118453 | r:  -511.000000 | e:   1.000000 | Q:        nan | won: False 
#    4 | steps:   107 | steps_t:     0 | t: 0.151454 | r:  -520.000000 | e:   1.000000 | Q:        nan | won: False 
#    5 | steps:   150 | steps_t:     0 | t: 0.179452 | r:  -531.000000 | e:   1.000000 | Q:        nan | won: False 
#    6 | steps:   162 | steps_t:     0 | t: 0.191452 | r:  -489.000000 | e:   1.000000 | Q:        nan | won: False 
#    7 | steps:   195 | steps_t:     0 | t: 0.214453 | r:  -499.000000 | e:   1.000000 | Q:        nan | won: False 
#    8 | steps:   240 | steps_t:     0 | t: 0.245464 | r:  -511.000000 | e:   1.000000 | Q:        nan | won: False 
#    9 | steps:   262 | steps_t:     0 | t: 0.263461 | r:  -510.000000 | e:   1.000000 | Q:        nan | won: False 
#   10 | steps:   288 | steps_t:     0 | t: 0.283467 | r:  -514.000000 | e:   1.000000 | Q:        nan | won: False 
#   11 | steps:   315 | steps_t:     0 | t: 0.302454 | r:  -504.000000 | e:   1.000000 | Q:        nan | won: False 
#   12 | steps:   357 | steps_t:     0 | t: 0.331472 | r:  -530.000000 | e:   1.000000 | Q:        nan | won: False 
#   13 | steps:   400 | steps_t:     0 | t: 0.359453 | r:  -520.000000 | e:   1.000000 | Q:        nan | won: False 
#   14 | steps:   409 | steps_t:     0 | t: 0.366450 | r:  -497.000000 | e:   1.000000 | Q:        nan | won: False 
#   15 | steps:   421 | steps_t:     0 | t: 0.376457 | r:  -511.000000 | e:   1.000000 | Q:        nan | won: False 
#   16 | steps:   470 | steps_t:     0 | t: 0.406449 | r:    85.000000 | e:   1.000000 | Q:        nan | won: True 
#   17 | steps:   477 | steps_t:     0 | t: 0.413450 | r:  -495.000000 | e:   1.000000 | Q:        nan | won: False 
#   18 | steps:   514 | steps_t:     0 | t: 0.441449 | r:  -525.000000 | e:   1.000000 | Q:        nan | won: False 
#   19 | steps:   537 | steps_t:     0 | t: 0.460463 | r:  -511.000000 | e:   1.000000 | Q:        nan | won: False 
#   20 | steps:   549 | steps_t:     0 | t: 0.470454 | r:  -500.000000 | e:   1.000000 | Q:        nan | won: False 
#   21 | steps:   558 | steps_t:     0 | t: 0.477452 | r:  -508.000000 | e:   1.000000 | Q:        nan | won: False 
#   22 | steps:   606 | steps_t:     0 | t: 0.504450 | r:    86.000000 | e:   1.000000 | Q:        nan | won: True 
#   23 | steps:   638 | steps_t:     0 | t: 0.526466 | r:  -509.000000 | e:   1.000000 | Q:        nan | won: False 
#   24 | steps:   656 | steps_t:     0 | t: 0.538474 | r:  -517.000000 | e:   1.000000 | Q:        nan | won: False 
#   25 | steps:   666 | steps_t:     0 | t: 0.545473 | r:  -498.000000 | e:   1.000000 | Q:        nan | won: False 
#   26 | steps:   729 | steps_t:     0 | t: 0.588459 | r:  -540.000000 | e:   1.000000 | Q:        nan | won: False 
#   27 | steps:   740 | steps_t:     0 | t: 0.595448 | r:  -510.000000 | e:   1.000000 | Q:        nan | won: False 
#   28 | steps:   758 | steps_t:     0 | t: 0.611473 | r:  -506.000000 | e:   1.000000 | Q:        nan | won: False 
#   29 | steps:   801 | steps_t:     0 | t: 0.640453 | r:  -520.000000 | e:   1.000000 | Q:        nan | won: False 
#   30 | steps:   858 | steps_t:     0 | t: 0.680468 | r:  -534.000000 | e:   1.000000 | Q:        nan | won: False 
#   31 | steps:   906 | steps_t:     0 | t: 0.717453 | r:  -525.000000 | e:   1.000000 | Q:        nan | won: False 
#   32 | steps:   966 | steps_t:     0 | t: 0.751449 | r:  -526.000000 | e:   1.000000 | Q:        nan | won: False 
#   33 | steps:   994 | steps_t:     0 | t: 0.772448 | r:   106.000000 | e:   1.000000 | Q:        nan | won: True 
#   34 | steps:  1017 | steps_t:     0 | t: 0.788455 | r:  -511.000000 | e:   1.000000 | Q:        nan | won: False 
#   35 | steps:  1065 | steps_t:     0 | t: 0.817452 | r:  -525.000000 | e:   1.000000 | Q:        nan | won: False 
#   36 | steps:  1074 | steps_t:     0 | t: 0.823457 | r:  -486.000000 | e:   1.000000 | Q:        nan | won: False 
#   37 | steps:  1090 | steps_t:     0 | t: 0.837458 | r:  -504.000000 | e:   1.000000 | Q:        nan | won: False 
#   38 | steps:  1158 | steps_t:     0 | t: 0.879503 | r:  -545.000000 | e:   1.000000 | Q:        nan | won: False 
#   39 | steps:  1168 | steps_t:     0 | t: 0.886451 | r:  -498.000000 | e:   1.000000 | Q:        nan | won: False 
#   40 | steps:  1189 | steps_t:     0 | t: 0.903456 | r:  -509.000000 | e:   1.000000 | Q:        nan | won: False 
#   41 | steps:  1202 | steps_t:     0 | t: 0.912469 | r:  -501.000000 | e:   1.000000 | Q:        nan | won: False 
#   42 | steps:  1223 | steps_t:     0 | t: 0.927474 | r:  -498.000000 | e:   1.000000 | Q:        nan | won: False 
#   43 | steps:  1271 | steps_t:     0 | t: 0.957456 | r:  -525.000000 | e:   1.000000 | Q:        nan | won: False 
#   44 | steps:  1280 | steps_t:     0 | t: 0.962454 | r:  -508.000000 | e:   1.000000 | Q:        nan | won: False 
