#    1 | steps:    15 | steps_t:     0 | t: 0.078956 | r:  -503.000000 | e:   1.000000 | Q:        nan | won: False 
#    2 | steps:   137 | steps_t:     0 | t: 0.152940 | r:  -599.000000 | e:   1.000000 | Q:        nan | won: False 
#    3 | steps:   167 | steps_t:     0 | t: 0.177945 | r:   104.000000 | e:   1.000000 | Q:        nan | won: True 
#    4 | steps:   196 | steps_t:     0 | t: 0.201963 | r:  -517.000000 | e:   1.000000 | Q:        nan | won: False 
#    5 | steps:   224 | steps_t:     0 | t: 0.225961 | r:  -505.000000 | e:   1.000000 | Q:        nan | won: False 
#    6 | steps:   249 | steps_t:     0 | t: 0.245942 | r:  -524.000000 | e:   1.000000 | Q:        nan | won: False 
#    7 | steps:   268 | steps_t:     0 | t: 0.260957 | r:  -496.000000 | e:   1.000000 | Q:        nan | won: False 
#    8 | steps:   294 | steps_t:     0 | t: 0.281938 | r:  -514.000000 | e:   1.000000 | Q:        nan | won: False 
#    9 | steps:   311 | steps_t:     0 | t: 0.292945 | r:  -494.000000 | e:   1.000000 | Q:        nan | won: False 
#   10 | steps:   325 | steps_t:     0 | t: 0.302943 | r:  -513.000000 | e:   1.000000 | Q:        nan | won: False 
#   11 | steps:   397 | steps_t:     0 | t: 0.346938 | r:  -538.000000 | e:   1.000000 | Q:        nan | won: False 
#   12 | steps:   417 | steps_t:     0 | t: 0.358938 | r:  -508.000000 | e:   1.000000 | Q:        nan | won: False 
#   13 | steps:   454 | steps_t:     0 | t: 0.379942 | r:  -514.000000 | e:   1.000000 | Q:        nan | won: False 
#   14 | steps:   468 | steps_t:     0 | t: 0.389964 | r:  -502.000000 | e:   1.000000 | Q:        nan | won: False 
#   15 | steps:   536 | steps_t:     0 | t: 0.442944 | r:  -534.000000 | e:   1.000000 | Q:        nan | won: False 
#   16 | steps:   548 | steps_t:     0 | t: 0.452950 | r:  -489.000000 | e:   1.000000 | Q:        nan | won: False 
#   17 | steps:   560 | steps_t:     0 | t: 0.463942 | r:  -489.000000 | e:   1.000000 | Q:        nan | won: False 
#   18 | steps:   608 | steps_t:     0 | t: 0.506942 | r:  -525.000000 | e:   1.000000 | Q:        nan | won: False 
#   19 | steps:   648 | steps_t:     0 | t: 0.532947 | r:  -528.000000 | e:   1.000000 | Q:        nan | won: False 
#   20 | steps:   767 | steps_t:     0 | t: 0.603951 | r:  -585.000000 | e:   1.000000 | Q:        nan | won: False 
#   21 | steps:   807 | steps_t:     0 | t: 0.628393 | r:  -528.000000 | e:   1.000000 | Q:        nan | won: False 
#   22 | steps:   855 | steps_t:     0 | t: 0.691938 | r:  -536.000000 | e:   1.000000 | Q:        nan | won: False 
#   23 | steps:   870 | steps_t:     0 | t: 0.703942 | r:  -514.000000 | e:   1.000000 | Q:        nan | won: False 
#   24 | steps:   918 | steps_t:     0 | t: 0.736963 | r:  -536.000000 | e:   1.000000 | Q:        nan | won: False 
#   25 | steps:   970 | steps_t:     0 | t: 0.768940 | r:  -540.000000 | e:   1.000000 | Q:        nan | won: False 
#   26 | steps:  1015 | steps_t:     0 | t: 0.800941 | r:  -533.000000 | e:   1.000000 | Q:        nan | won: False 
#   27 | steps:  1065 | steps_t:     0 | t: 0.829940 | r:  -516.000000 | e:   1.000000 | Q:        nan | won: False 
#   28 | steps:  1153 | steps_t:     0 | t: 0.886938 | r:  -554.000000 | e:   1.000000 | Q:        nan | won: False 
#   29 | steps:  1205 | steps_t:     0 | t: 0.925464 | r:  -518.000000 | e:   1.000000 | Q:        nan | won: False 
#   30 | steps:  1257 | steps_t:     0 | t: 0.956939 | r:  -518.000000 | e:   1.000000 | Q:        nan | won: False 
#   31 | steps:  1304 | steps_t:     0 | t: 0.988945 | r:  -535.000000 | e:   1.000000 | Q:        nan | won: False 
#   32 | steps:  1311 | steps_t:     0 | t: 0.993947 | r:  -506.000000 | e:   1.000000 | Q:        nan | won: False 
#   33 | steps:  1347 | steps_t:     0 | t: 1.018939 | r:  -513.000000 | e:   1.000000 | Q:        nan | won: False 
#   34 | steps:  1355 | steps_t:     0 | t: 1.026941 | r:  -507.000000 | e:   1.000000 | Q:        nan | won: False 
#   35 | steps:  1379 | steps_t:     0 | t: 1.040941 | r:  -512.000000 | e:   1.000000 | Q:        nan | won: False 
#   36 | steps:  1464 | steps_t:     0 | t: 1.096952 | r:  -562.000000 | e:   1.000000 | Q:        nan | won: False 
#   37 | steps:  1472 | steps_t:     0 | t: 1.107953 | r:  -507.000000 | e:   1.000000 | Q:        nan | won: False 
#   38 | steps:  1529 | steps_t:     0 | t: 1.148947 | r:  -534.000000 | e:   1.000000 | Q:        nan | won: False 
#   39 | steps:  1538 | steps_t:     0 | t: 1.156945 | r:  -508.000000 | e:   1.000000 | Q:        nan | won: False 
#   40 | steps:  1550 | steps_t:     0 | t: 1.164948 | r:  -489.000000 | e:   1.000000 | Q:        nan | won: False 
#   41 | steps:  1559 | steps_t:     0 | t: 1.172945 | r:  -508.000000 | e:   1.000000 | Q:        nan | won: False 
#   42 | steps:  1585 | steps_t:     0 | t: 1.189965 | r:  -503.000000 | e:   1.000000 | Q:        nan | won: False 
#   43 | steps:  1598 | steps_t:     0 | t: 1.199950 | r:  -501.000000 | e:   1.000000 | Q:        nan | won: False 
#   44 | steps:  1626 | steps_t:     0 | t: 1.225950 | r:  -516.000000 | e:   1.000000 | Q:        nan | won: False 
#   45 | steps:  1643 | steps_t:     0 | t: 1.236940 | r:  -505.000000 | e:   1.000000 | Q:        nan | won: False 
#   46 | steps:  1707 | steps_t:     0 | t: 1.275940 | r:  -519.000000 | e:   1.000000 | Q:        nan | won: False 
#   47 | steps:  1819 | steps_t:     0 | t: 1.342959 | r:  -589.000000 | e:   1.000000 | Q:        nan | won: False 
#   48 | steps:  1851 | steps_t:     0 | t: 1.363950 | r:  -520.000000 | e:   1.000000 | Q:        nan | won: False 
#   49 | steps:  1861 | steps_t:     0 | t: 1.374945 | r:  -498.000000 | e:   1.000000 | Q:        nan | won: False 
#   50 | steps:  1883 | steps_t:     0 | t: 1.399952 | r:  -510.000000 | e:   1.000000 | Q:        nan | won: False 
#   51 | steps:  1909 | steps_t:     0 | t: 1.422948 | r:  -514.000000 | e:   1.000000 | Q:        nan | won: False 
#   52 | steps:  1937 | steps_t:     0 | t: 1.446948 | r:  -505.000000 | e:   1.000000 | Q:        nan | won: False 
#   53 | steps:  1964 | steps_t:     0 | t: 1.474942 | r:  -515.000000 | e:   1.000000 | Q:        nan | won: False 
#   54 | steps:  2001 | steps_t:     0 | t: 1.495939 | r:  -514.000000 | e:   1.000000 | Q:        nan | won: False 
#   55 | steps:  2014 | steps_t:     0 | t: 1.508947 | r:  -501.000000 | e:   1.000000 | Q:        nan | won: False 
#   56 | steps:  2028 | steps_t:     0 | t: 1.517938 | r:  -502.000000 | e:   1.000000 | Q:        nan | won: False 
#   57 | steps:  2089 | steps_t:     0 | t: 1.557942 | r:  -538.000000 | e:   1.000000 | Q:        nan | won: False 
#   58 | steps:  2134 | steps_t:     0 | t: 1.584942 | r:  -533.000000 | e:   1.000000 | Q:        nan | won: False 
#   59 | steps:  2173 | steps_t:     0 | t: 1.609953 | r:  -516.000000 | e:   1.000000 | Q:        nan | won: False 
#   60 | steps:  2191 | steps_t:     0 | t: 1.624953 | r:  -495.000000 | e:   1.000000 | Q:        nan | won: False 
#   61 | steps:  2199 | steps_t:     0 | t: 1.629939 | r:  -507.000000 | e:   1.000000 | Q:        nan | won: False 
#   62 | steps:  2229 | steps_t:     0 | t: 1.650941 | r:  -518.000000 | e:   1.000000 | Q:        nan | won: False 
#   63 | steps:  2241 | steps_t:     0 | t: 1.658937 | r:  -500.000000 | e:   1.000000 | Q:        nan | won: False 
#   64 | steps:  2294 | steps_t:     0 | t: 1.688944 | r:  -519.000000 | e:   1.000000 | Q:        nan | won: False 
#   65 | steps:  2338 | steps_t:     0 | t: 1.725939 | r:  -521.000000 | e:   1.000000 | Q:        nan | won: False 
#   66 | steps:  2405 | steps_t:     0 | t: 1.762939 | r:  -533.000000 | e:   1.000000 | Q:        nan | won: False 
#   67 | steps:  2414 | steps_t:     0 | t: 1.769941 | r:  -508.000000 | e:   1.000000 | Q:        nan | won: False 
#   68 | steps:  2436 | steps_t:     0 | t: 1.782940 | r:  -510.000000 | e:   1.000000 | Q:        nan | won: False 
#   69 | steps:  2510 | steps_t:     0 | t: 1.838940 | r:  -551.000000 | e:   1.000000 | Q:        nan | won: False 
#   70 | steps:  2527 | steps_t:     0 | t: 1.853943 | r:  -505.000000 | e:   1.000000 | Q:        nan | won: False 
#   71 | steps:  2544 | steps_t:     0 | t: 1.865939 | r:  -494.000000 | e:   1.000000 | Q:        nan | won: False 
#   72 | steps:  2588 | steps_t:     0 | t: 1.890961 | r:  -521.000000 | e:   1.000000 | Q:        nan | won: False 
#   73 | steps:  2625 | steps_t:     0 | t: 1.916939 | r:  -514.000000 | e:   1.000000 | Q:        nan | won: False 
#   74 | steps:  2653 | steps_t:     0 | t: 1.936945 | r:  -516.000000 | e:   1.000000 | Q:        nan | won: False 
#   75 | steps:  2690 | steps_t:     0 | t: 1.963948 | r:  -525.000000 | e:   1.000000 | Q:        nan | won: False 
#   76 | steps:  2698 | steps_t:     0 | t: 1.969947 | r:  -496.000000 | e:   1.000000 | Q:        nan | won: False 
#   77 | steps:  2759 | steps_t:     0 | t: 2.006956 | r:  -538.000000 | e:   1.000000 | Q:        nan | won: False 
#   78 | steps:  2776 | steps_t:     0 | t: 2.021410 | r:  -505.000000 | e:   1.000000 | Q:        nan | won: False 
#   79 | steps:  2805 | steps_t:     0 | t: 2.042945 | r:  -506.000000 | e:   1.000000 | Q:        nan | won: False 
#   80 | steps:  2815 | steps_t:     0 | t: 2.053943 | r:  -498.000000 | e:   1.000000 | Q:        nan | won: False 
#   81 | steps:  2857 | steps_t:     0 | t: 2.083947 | r:  -519.000000 | e:   1.000000 | Q:        nan | won: False 
#   82 | steps:  2954 | steps_t:     0 | t: 2.144939 | r:  -574.000000 | e:   1.000000 | Q:        nan | won: False 
#   83 | steps:  2960 | steps_t:     0 | t: 2.150939 | r:  -505.000000 | e:   1.000000 | Q:        nan | won: False 
#   84 | steps:  3010 | steps_t:     0 | t: 2.186391 | r:  -527.000000 | e:   1.000000 | Q:        nan | won: False 
#   85 | steps:  3019 | steps_t:     0 | t: 2.193939 | r:  -508.000000 | e:   1.000000 | Q:        nan | won: False 
#   86 | steps:  3032 | steps_t:     0 | t: 2.201939 | r:  -501.000000 | e:   1.000000 | Q:        nan | won: False 
#   87 | steps:  3057 | steps_t:     0 | t: 2.219953 | r:  -513.000000 | e:   1.000000 | Q:        nan | won: False 
#   88 | steps:  3131 | steps_t:     0 | t: 2.328945 | r:    60.000000 | e:   1.000000 | Q:        nan | won: True 
#   89 | steps:  3172 | steps_t:     0 | t: 2.360941 | r:  -518.000000 | e:   1.000000 | Q:        nan | won: False 
#   90 | steps:  3204 | steps_t:     0 | t: 2.380944 | r:  -509.000000 | e:   1.000000 | Q:        nan | won: False 
#   91 | steps:  3232 | steps_t:     0 | t: 2.401942 | r:  -505.000000 | e:   1.000000 | Q:        nan | won: False 
#   92 | steps:  3316 | steps_t:     0 | t: 2.463947 | r:    50.000000 | e:   1.000000 | Q:        nan | won: True 
#   93 | steps:  3345 | steps_t:     0 | t: 2.486950 | r:  -506.000000 | e:   1.000000 | Q:        nan | won: False 
#   94 | steps:  3359 | steps_t:     0 | t: 2.495942 | r:  -513.000000 | e:   1.000000 | Q:        nan | won: False 
#   95 | steps:  3411 | steps_t:     0 | t: 2.526955 | r:  -529.000000 | e:   1.000000 | Q:        nan | won: False 
#   96 | steps:  3444 | steps_t:     0 | t: 2.545962 | r:  -521.000000 | e:   1.000000 | Q:        nan | won: False 
#   97 | steps:  3469 | steps_t:     0 | t: 2.568944 | r:  -502.000000 | e:   1.000000 | Q:        nan | won: False 
#   98 | steps:  3546 | steps_t:     0 | t: 2.625945 | r:  -565.000000 | e:   1.000000 | Q:        nan | won: False 
#   99 | steps:  3592 | steps_t:     0 | t: 2.656940 | r:  -523.000000 | e:   1.000000 | Q:        nan | won: False 
#  100 | steps:  3608 | steps_t:     0 | t: 2.669945 | r:  -504.000000 | e:   1.000000 | Q:        nan | won: False 
#  101 | steps:  3651 | steps_t:     0 | t: 2.698943 | r:  -531.000000 | e:   1.000000 | Q:        nan | won: False 
#  102 | steps:  3669 | steps_t:     0 | t: 2.710939 | r:  -506.000000 | e:   1.000000 | Q:        nan | won: False 
#  103 | steps:  3715 | steps_t:     0 | t: 2.754938 | r:  -523.000000 | e:   1.000000 | Q:        nan | won: False 
#  104 | steps:  3803 | steps_t:     0 | t: 2.815941 | r:  -565.000000 | e:   1.000000 | Q:        nan | won: False 
#  105 | steps:  3836 | steps_t:     0 | t: 2.848966 | r:  -510.000000 | e:   1.000000 | Q:        nan | won: False 
#  106 | steps:  3901 | steps_t:     0 | t: 2.890943 | r:  -542.000000 | e:   1.000000 | Q:        nan | won: False 
#  107 | steps:  3918 | steps_t:     0 | t: 2.902944 | r:  -516.000000 | e:   1.000000 | Q:        nan | won: False 
#  108 | steps:  3954 | steps_t:     0 | t: 2.925942 | r:  -513.000000 | e:   1.000000 | Q:        nan | won: False 
#  109 | steps:  3979 | steps_t:     0 | t: 2.940942 | r:  -513.000000 | e:   1.000000 | Q:        nan | won: False 
#  110 | steps:  3999 | steps_t:     0 | t: 2.956941 | r:  -508.000000 | e:   1.000000 | Q:        nan | won: False 
#  111 | steps:  4033 | steps_t:     0 | t: 2.976947 | r:  -511.000000 | e:   1.000000 | Q:        nan | won: False 
#  112 | steps:  4057 | steps_t:     0 | t: 2.990940 | r:  -501.000000 | e:   1.000000 | Q:        nan | won: False 
#  113 | steps:  4095 | steps_t:     0 | t: 3.013955 | r:    96.000000 | e:   1.000000 | Q:        nan | won: True 
#  114 | steps:  4105 | steps_t:     0 | t: 3.020940 | r:  -498.000000 | e:   1.000000 | Q:        nan | won: False 
#  115 | steps:  4157 | steps_t:     0 | t: 3.061937 | r:  -540.000000 | e:   1.000000 | Q:        nan | won: False 
#  116 | steps:  4182 | steps_t:     0 | t: 3.078937 | r:  -513.000000 | e:   1.000000 | Q:        nan | won: False 
#  117 | steps:  4200 | steps_t:     0 | t: 3.089942 | r:  -506.000000 | e:   1.000000 | Q:        nan | won: False 
#  118 | steps:  4210 | steps_t:     0 | t: 3.096944 | r:  -498.000000 | e:   1.000000 | Q:        nan | won: False 
#  119 | steps:  4261 | steps_t:     0 | t: 3.134945 | r:  -539.000000 | e:   1.000000 | Q:        nan | won: False 
#  120 | steps:  4318 | steps_t:     0 | t: 3.177941 | r:  -534.000000 | e:   1.000000 | Q:        nan | won: False 
#  121 | steps:  4337 | steps_t:     0 | t: 3.190938 | r:  -507.000000 | e:   1.000000 | Q:        nan | won: False 
#  122 | steps:  4375 | steps_t:     0 | t: 3.212939 | r:  -526.000000 | e:   1.000000 | Q:        nan | won: False 
#  123 | steps:  4412 | steps_t:     0 | t: 3.236951 | r:  -503.000000 | e:   1.000000 | Q:        nan | won: False 
#  124 | steps:  4422 | steps_t:     0 | t: 3.246961 | r:  -498.000000 | e:   1.000000 | Q:        nan | won: False 
#  125 | steps:  4454 | steps_t:     0 | t: 3.268965 | r:  -509.000000 | e:   1.000000 | Q:        nan | won: False 
#  126 | steps:  4473 | steps_t:     0 | t: 3.280944 | r:  -507.000000 | e:   1.000000 | Q:        nan | won: False 
#  127 | steps:  4484 | steps_t:     0 | t: 3.290939 | r:  -510.000000 | e:   1.000000 | Q:        nan | won: False 
#  128 | steps:  4498 | steps_t:     0 | t: 3.300942 | r:  -513.000000 | e:   1.000000 | Q:        nan | won: False 
#  129 | steps:  4517 | steps_t:     0 | t: 3.312939 | r:  -507.000000 | e:   1.000000 | Q:        nan | won: False 
#  130 | steps:  4540 | steps_t:     0 | t: 3.327946 | r:  -522.000000 | e:   1.000000 | Q:        nan | won: False 
#  131 | steps:  4609 | steps_t:     0 | t: 3.369938 | r:    65.000000 | e:   1.000000 | Q:        nan | won: True 
#  132 | steps:  4626 | steps_t:     0 | t: 3.380944 | r:  -516.000000 | e:   1.000000 | Q:        nan | won: False 
#  133 | steps:  4654 | steps_t:     0 | t: 3.404967 | r:  -516.000000 | e:   1.000000 | Q:        nan | won: False 
#  134 | steps:  4669 | steps_t:     0 | t: 3.413945 | r:  -514.000000 | e:   1.000000 | Q:        nan | won: False 
#  135 | steps:  4762 | steps_t:     0 | t: 3.468944 | r:  -559.000000 | e:   1.000000 | Q:        nan | won: False 
#  136 | steps:  4788 | steps_t:     0 | t: 3.490946 | r:  -514.000000 | e:   1.000000 | Q:        nan | won: False 
#  137 | steps:  4805 | steps_t:     0 | t: 3.504960 | r:  -505.000000 | e:   1.000000 | Q:        nan | won: False 
#  138 | steps:  4833 | steps_t:     0 | t: 3.523951 | r:  -527.000000 | e:   1.000000 | Q:        nan | won: False 
#  139 | steps:  4847 | steps_t:     0 | t: 3.534966 | r:  -491.000000 | e:   1.000000 | Q:        nan | won: False 
#  140 | steps:  4893 | steps_t:     0 | t: 3.562947 | r:  -523.000000 | e:   1.000000 | Q:        nan | won: False 
#  141 | steps:  4979 | steps_t:     0 | t: 3.612944 | r:  -563.000000 | e:   1.000000 | Q:        nan | won: False 
#  142 | steps:  5010 | steps_t:     9 | t: 3.932943 | r:  -508.000000 | e:   0.999100 | Q:        nan | won: False 
#  143 | steps:  5019 | steps_t:    17 | t: 4.031941 | r:  -508.000000 | e:   0.998300 | Q:        nan | won: False 
#  144 | steps:  5039 | steps_t:    36 | t: 4.246939 | r:  -508.000000 | e:   0.996400 | Q:        nan | won: False 
#  145 | steps:  5063 | steps_t:    59 | t: 4.500948 | r:  -501.000000 | e:   0.994100 | Q:        nan | won: False 
#  146 | steps:  5070 | steps_t:    65 | t: 4.573942 | r:  -495.000000 | e:   0.993500 | Q:        nan | won: False 
#  147 | steps:  5078 | steps_t:    72 | t: 4.651944 | r:  -507.000000 | e:   0.992800 | Q:        nan | won: False 
#  148 | steps:  5104 | steps_t:    97 | t: 4.943941 | r:  -503.000000 | e:   0.990300 | Q:        nan | won: False 
#  149 | steps:  5112 | steps_t:   104 | t: 5.025940 | r:  -496.000000 | e:   0.989600 | Q:        nan | won: False 
#  150 | steps:  5125 | steps_t:   116 | t: 5.158948 | r:  -512.000000 | e:   0.988400 | Q:        nan | won: False 
#  151 | steps:  5141 | steps_t:   131 | t: 5.328942 | r:  -504.000000 | e:   0.986900 | Q:        nan | won: False 
#  152 | steps:  5155 | steps_t:   144 | t: 5.478943 | r:  -502.000000 | e:   0.985600 | Q: -86.042938 | won: False 
#  153 | steps:  5179 | steps_t:   167 | t: 5.775105 | r:  -501.000000 | e:   0.983300 | Q: -117.575714 | won: False 
#  154 | steps:  5207 | steps_t:   194 | t: 6.093104 | r:  -516.000000 | e:   0.980600 | Q:        nan | won: False 
#  155 | steps:  5216 | steps_t:   202 | t: 6.184102 | r:  -497.000000 | e:   0.979800 | Q:        nan | won: False 
#  156 | steps:  5225 | steps_t:   210 | t: 6.274813 | r:  -497.000000 | e:   0.979000 | Q:        nan | won: False 
#  157 | steps:  5318 | steps_t:   302 | t: 7.294978 | r:    41.000000 | e:   0.969800 | Q: -108.974617 | won: True 
#  158 | steps:  5337 | steps_t:   320 | t: 7.492978 | r:  -507.000000 | e:   0.968000 | Q:        nan | won: False 
#  159 | steps:  5366 | steps_t:   348 | t: 7.808977 | r:  -517.000000 | e:   0.965200 | Q:        nan | won: False 
#  160 | steps:  5382 | steps_t:   363 | t: 7.989979 | r:  -504.000000 | e:   0.963700 | Q:        nan | won: False 
#  161 | steps:  5435 | steps_t:   415 | t: 8.572978 | r:  -530.000000 | e:   0.958500 | Q: -145.229996 | won: False 
#  162 | steps:  5457 | steps_t:   436 | t: 8.838987 | r:  -510.000000 | e:   0.956400 | Q: -144.977524 | won: False 
#  163 | steps:  5489 | steps_t:   467 | t: 9.191976 | r:  -509.000000 | e:   0.953300 | Q: -137.856522 | won: False 
#  164 | steps:  5499 | steps_t:   476 | t: 9.294976 | r:  -509.000000 | e:   0.952400 | Q:        nan | won: False 
#  165 | steps:  5509 | steps_t:   485 | t: 9.401978 | r:  -509.000000 | e:   0.951500 | Q: -134.973755 | won: False 
#  166 | steps:  5524 | steps_t:   499 | t: 9.574986 | r:  -503.000000 | e:   0.950100 | Q:        nan | won: False 
#  167 | steps:  5556 | steps_t:   530 | t: 9.942979 | r:  -520.000000 | e:   0.947000 | Q: -132.928268 | won: False 
#  168 | steps:  5582 | steps_t:   555 | t: 10.221977 | r:  -503.000000 | e:   0.944500 | Q: -152.792618 | won: False 
#  169 | steps:  5642 | steps_t:   614 | t: 10.877977 | r:  -526.000000 | e:   0.938600 | Q: -156.392395 | won: False 
#  170 | steps:  5698 | steps_t:   669 | t: 11.495979 | r:  -533.000000 | e:   0.933100 | Q: -121.412636 | won: False 
#  171 | steps:  5709 | steps_t:   679 | t: 11.609983 | r:  -510.000000 | e:   0.932100 | Q:        nan | won: False 
#  172 | steps:  5723 | steps_t:   692 | t: 11.758978 | r:  -491.000000 | e:   0.930800 | Q: -126.566666 | won: False 
#  173 | steps:  5736 | steps_t:   704 | t: 11.897978 | r:  -479.000000 | e:   0.929600 | Q: -135.375244 | won: False 
#  174 | steps:  5751 | steps_t:   718 | t: 12.056981 | r:  -503.000000 | e:   0.928200 | Q:        nan | won: False 
#  175 | steps:  5865 | steps_t:   831 | t: 13.452981 | r:    20.000000 | e:   0.916900 | Q: -133.988861 | won: True 
#  176 | steps:  5882 | steps_t:   847 | t: 13.664983 | r:  -516.000000 | e:   0.915300 | Q: -168.656021 | won: False 
#  177 | steps:  5913 | steps_t:   877 | t: 14.031977 | r:  -519.000000 | e:   0.912300 | Q: -134.962143 | won: False 
#  178 | steps:  5935 | steps_t:   898 | t: 14.280977 | r:  -499.000000 | e:   0.910200 | Q: -131.703323 | won: False 
#  179 | steps:  5948 | steps_t:   910 | t: 14.427979 | r:  -501.000000 | e:   0.909000 | Q: -131.168777 | won: False 
#  180 | steps:  5996 | steps_t:   957 | t: 14.968975 | r:  -525.000000 | e:   0.904300 | Q: -126.678764 | won: False 
#  181 | steps:  6034 | steps_t:   994 | t: 15.411982 | r:  -526.000000 | e:   0.900600 | Q: -99.743462 | won: False 
#  182 | steps:  6042 | steps_t:  1001 | t: 15.531986 | r:  -496.000000 | e:   0.899900 | Q: -103.882431 | won: False 
#  183 | steps:  6057 | steps_t:  1015 | t: 15.751987 | r:  -503.000000 | e:   0.898500 | Q: -104.781418 | won: False 
#  184 | steps:  6073 | steps_t:  1030 | t: 15.969984 | r:  -504.000000 | e:   0.897000 | Q: -125.378532 | won: False 
#  185 | steps:  6093 | steps_t:  1049 | t: 16.248979 | r:  -508.000000 | e:   0.895100 | Q: -146.967056 | won: False 
#  186 | steps:  6123 | steps_t:  1078 | t: 16.645992 | r:  -507.000000 | e:   0.892200 | Q: -143.021988 | won: False 
#  187 | steps:  6131 | steps_t:  1085 | t: 16.748981 | r:  -507.000000 | e:   0.891500 | Q: -130.422409 | won: False 
#  188 | steps:  6150 | steps_t:  1103 | t: 16.991978 | r:  -507.000000 | e:   0.889700 | Q: -120.796967 | won: False 
#  189 | steps:  6169 | steps_t:  1121 | t: 17.227979 | r:  -507.000000 | e:   0.887900 | Q: -128.992035 | won: False 
#  190 | steps:  6177 | steps_t:  1128 | t: 17.325981 | r:  -507.000000 | e:   0.887200 | Q: -132.020065 | won: False 
#  191 | steps:  6216 | steps_t:  1166 | t: 17.841981 | r:  -516.000000 | e:   0.883400 | Q: -118.474564 | won: False 
#  192 | steps:  6234 | steps_t:  1183 | t: 18.060981 | r:  -495.000000 | e:   0.881700 | Q: -133.906372 | won: False 
#  193 | steps:  6263 | steps_t:  1211 | t: 18.441978 | r:  -506.000000 | e:   0.878900 | Q: -134.079025 | won: False 
#  194 | steps:  6341 | steps_t:  1288 | t: 19.438982 | r:  -544.000000 | e:   0.871200 | Q: -135.038132 | won: False 
#  195 | steps:  6384 | steps_t:  1330 | t: 19.946975 | r:  -531.000000 | e:   0.867000 | Q: -130.975266 | won: False 
#  196 | steps:  6431 | steps_t:  1376 | t: 20.483977 | r:  -524.000000 | e:   0.862400 | Q: -130.984131 | won: False 
#  197 | steps:  6451 | steps_t:  1395 | t: 20.698978 | r:  -486.000000 | e:   0.860500 | Q: -126.464821 | won: False 
#  198 | steps:  6459 | steps_t:  1402 | t: 20.789976 | r:  -507.000000 | e:   0.859800 | Q: -120.284683 | won: False 
#  199 | steps:  6468 | steps_t:  1410 | t: 20.881980 | r:  -508.000000 | e:   0.859000 | Q:        nan | won: False 
#  200 | steps:  6488 | steps_t:  1429 | t: 21.090978 | r:  -497.000000 | e:   0.857100 | Q: -118.763802 | won: False 
#  201 | steps:  6509 | steps_t:  1449 | t: 21.340981 | r:  -509.000000 | e:   0.855100 | Q: -126.370911 | won: False 
#  202 | steps:  6520 | steps_t:  1459 | t: 21.459980 | r:  -488.000000 | e:   0.854100 | Q: -135.076065 | won: False 
#  203 | steps:  6535 | steps_t:  1473 | t: 21.711977 | r:  -492.000000 | e:   0.852700 | Q:        nan | won: False 
#  204 | steps:  6621 | steps_t:  1558 | t: 22.673977 | r:  -574.000000 | e:   0.844200 | Q: -133.718948 | won: False 
#  205 | steps:  6672 | steps_t:  1608 | t: 23.274977 | r:  -539.000000 | e:   0.839200 | Q: -139.481659 | won: False 
#  206 | steps:  6684 | steps_t:  1619 | t: 23.415981 | r:  -511.000000 | e:   0.838100 | Q: -129.843216 | won: False 
#  207 | steps:  6746 | steps_t:  1680 | t: 24.281984 | r:  -539.000000 | e:   0.832000 | Q: -129.682617 | won: False 
#  208 | steps:  6841 | steps_t:  1774 | t: 25.434981 | r:  -561.000000 | e:   0.822600 | Q: -145.160477 | won: False 
#  209 | steps:  6854 | steps_t:  1786 | t: 25.572975 | r:  -490.000000 | e:   0.821400 | Q: -169.740341 | won: False 
#  210 | steps:  6909 | steps_t:  1840 | t: 26.271978 | r:  -532.000000 | e:   0.816000 | Q: -150.394928 | won: False 
#  211 | steps:  6920 | steps_t:  1850 | t: 26.384976 | r:  -499.000000 | e:   0.815000 | Q: -163.179688 | won: False 
#  212 | steps:  6934 | steps_t:  1863 | t: 26.549977 | r:  -502.000000 | e:   0.813700 | Q: -147.914215 | won: False 
#  213 | steps:  6943 | steps_t:  1871 | t: 26.644980 | r:  -508.000000 | e:   0.812900 | Q: -142.972351 | won: False 
#  214 | steps:  7029 | steps_t:  1956 | t: 27.618980 | r:  -563.000000 | e:   0.804400 | Q: -144.108887 | won: False 
#  215 | steps:  7055 | steps_t:  1981 | t: 27.909981 | r:  -514.000000 | e:   0.801900 | Q: -142.328094 | won: False 
#  216 | steps:  7066 | steps_t:  1991 | t: 28.021980 | r:  -510.000000 | e:   0.800900 | Q: -153.561966 | won: False 
#  217 | steps:  7075 | steps_t:  1999 | t: 28.113977 | r:  -497.000000 | e:   0.800100 | Q: -149.938828 | won: False 
#  218 | steps:  7117 | steps_t:  2040 | t: 28.586978 | r:  -519.000000 | e:   0.796000 | Q: -157.220383 | won: False 
#  219 | steps:  7168 | steps_t:  2090 | t: 29.236981 | r:    83.000000 | e:   0.791000 | Q: -139.499756 | won: True 
#  220 | steps:  7186 | steps_t:  2107 | t: 29.447976 | r:  -506.000000 | e:   0.789300 | Q: -141.661407 | won: False 
#  221 | steps:  7227 | steps_t:  2147 | t: 29.909980 | r:  -518.000000 | e:   0.785300 | Q: -143.666504 | won: False 
#  222 | steps:  7275 | steps_t:  2194 | t: 30.553979 | r:  -525.000000 | e:   0.780600 | Q: -162.055695 | won: False 
#  223 | steps:  7314 | steps_t:  2232 | t: 31.015976 | r:  -527.000000 | e:   0.776800 | Q: -165.740509 | won: False 
#  224 | steps:  7368 | steps_t:  2285 | t: 31.677988 | r:  -542.000000 | e:   0.771500 | Q: -129.960800 | won: False 
#  225 | steps:  7376 | steps_t:  2292 | t: 31.772984 | r:  -496.000000 | e:   0.770800 | Q: -128.137589 | won: False 
#  226 | steps:  7386 | steps_t:  2301 | t: 31.877988 | r:  -498.000000 | e:   0.769900 | Q: -132.401718 | won: False 
#  227 | steps:  7411 | steps_t:  2325 | t: 32.185980 | r:  -502.000000 | e:   0.767500 | Q: -135.672211 | won: False 
#  228 | steps:  7421 | steps_t:  2334 | t: 32.309981 | r:  -509.000000 | e:   0.766600 | Q: -149.969635 | won: False 
#  229 | steps:  7440 | steps_t:  2352 | t: 32.527979 | r:  -507.000000 | e:   0.764800 | Q: -148.106644 | won: False 
#  230 | steps:  7465 | steps_t:  2376 | t: 32.837981 | r:  -524.000000 | e:   0.762400 | Q: -148.168839 | won: False 
#  231 | steps:  7516 | steps_t:  2426 | t: 33.473980 | r:  -517.000000 | e:   0.757400 | Q: -164.380905 | won: False 
#  232 | steps:  7524 | steps_t:  2433 | t: 33.560979 | r:  -496.000000 | e:   0.756700 | Q: -154.560211 | won: False 
#  233 | steps:  7545 | steps_t:  2453 | t: 33.802981 | r:  -498.000000 | e:   0.754700 | Q: -141.559280 | won: False 
#  234 | steps:  7555 | steps_t:  2462 | t: 33.913978 | r:  -487.000000 | e:   0.753800 | Q: -138.552902 | won: False 
#  235 | steps:  7575 | steps_t:  2481 | t: 34.204981 | r:  -508.000000 | e:   0.751900 | Q: -135.133835 | won: False 
#  236 | steps:  7599 | steps_t:  2504 | t: 34.526983 | r:  -512.000000 | e:   0.749600 | Q: -137.977661 | won: False 
#  237 | steps:  7611 | steps_t:  2515 | t: 34.661977 | r:  -500.000000 | e:   0.748500 | Q: -155.912827 | won: False 
#  238 | steps:  7622 | steps_t:  2525 | t: 34.782978 | r:  -488.000000 | e:   0.747500 | Q: -159.732147 | won: False 
#  239 | steps:  7632 | steps_t:  2534 | t: 34.901979 | r:  -509.000000 | e:   0.746600 | Q: -156.645157 | won: False 
#  240 | steps:  7656 | steps_t:  2557 | t: 35.206980 | r:  -512.000000 | e:   0.744300 | Q: -133.510437 | won: False 
#  241 | steps:  7677 | steps_t:  2577 | t: 35.446982 | r:  -509.000000 | e:   0.742300 | Q: -135.008163 | won: False 
#  242 | steps:  7708 | steps_t:  2607 | t: 35.818981 | r:  -519.000000 | e:   0.739300 | Q: -140.647095 | won: False 
#  243 | steps:  7717 | steps_t:  2615 | t: 35.912977 | r:  -508.000000 | e:   0.738500 | Q: -144.012909 | won: False 
#  244 | steps:  7744 | steps_t:  2641 | t: 36.212979 | r:  -504.000000 | e:   0.735900 | Q: -161.946365 | won: False 
#  245 | steps:  7763 | steps_t:  2659 | t: 36.424978 | r:  -507.000000 | e:   0.734100 | Q: -162.036652 | won: False 
#  246 | steps:  7773 | steps_t:  2668 | t: 36.536983 | r:  -509.000000 | e:   0.733200 | Q: -164.024612 | won: False 
#  247 | steps:  7835 | steps_t:  2729 | t: 37.298976 | r:  -539.000000 | e:   0.727100 | Q: -170.063126 | won: False 
#  248 | steps:  7849 | steps_t:  2742 | t: 37.459977 | r:  -513.000000 | e:   0.725800 | Q: -160.264008 | won: False 
#  249 | steps:  7885 | steps_t:  2777 | t: 37.921982 | r:  -524.000000 | e:   0.722300 | Q: -153.577377 | won: False 
#  250 | steps:  7921 | steps_t:  2812 | t: 38.422979 | r:  -524.000000 | e:   0.718800 | Q: -140.681976 | won: False 
#  251 | steps:  7936 | steps_t:  2826 | t: 38.615982 | r:  -503.000000 | e:   0.717400 | Q: -142.687622 | won: False 
#  252 | steps:  7987 | steps_t:  2876 | t: 39.280978 | r:  -517.000000 | e:   0.712400 | Q: -136.192291 | won: False 
#  253 | steps:  8025 | steps_t:  2913 | t: 39.724987 | r:  -515.000000 | e:   0.708700 | Q: -136.711609 | won: False 
#  254 | steps:  8034 | steps_t:  2921 | t: 39.867983 | r:  -508.000000 | e:   0.707900 | Q: -168.316742 | won: False 
#  255 | steps:  8042 | steps_t:  2928 | t: 39.961980 | r:  -496.000000 | e:   0.707200 | Q: -180.036011 | won: False 
#  256 | steps:  8061 | steps_t:  2946 | t: 40.175978 | r:  -496.000000 | e:   0.705400 | Q: -191.435760 | won: False 
#  257 | steps:  8122 | steps_t:  3006 | t: 40.930980 | r:  -538.000000 | e:   0.699400 | Q: -168.339539 | won: False 
#  258 | steps:  8140 | steps_t:  3023 | t: 41.129977 | r:  -506.000000 | e:   0.697700 | Q: -148.665955 | won: False 
#  259 | steps:  8178 | steps_t:  3060 | t: 41.551980 | r:  -515.000000 | e:   0.694000 | Q: -149.501694 | won: False 
#  260 | steps:  8203 | steps_t:  3084 | t: 41.878982 | r:  -524.000000 | e:   0.691600 | Q: -161.307831 | won: False 
#  261 | steps:  8257 | steps_t:  3137 | t: 42.536976 | r:  -531.000000 | e:   0.686300 | Q: -162.856003 | won: False 
#  262 | steps:  8353 | steps_t:  3232 | t: 43.650979 | r:  -573.000000 | e:   0.676800 | Q: -137.256607 | won: False 
#  263 | steps:  8402 | steps_t:  3280 | t: 44.217977 | r:  -526.000000 | e:   0.672000 | Q: -136.975113 | won: False 
#  264 | steps:  8412 | steps_t:  3289 | t: 44.322978 | r:  -509.000000 | e:   0.671100 | Q: -155.381866 | won: False 
#  265 | steps:  8439 | steps_t:  3315 | t: 44.674981 | r:  -526.000000 | e:   0.668500 | Q: -147.550110 | won: False 
#  266 | steps:  8489 | steps_t:  3364 | t: 45.340977 | r:  -538.000000 | e:   0.663600 | Q: -164.837021 | won: False 
#  267 | steps:  8520 | steps_t:  3394 | t: 45.716984 | r:  -519.000000 | e:   0.660600 | Q: -154.922806 | won: False 
#  268 | steps:  8531 | steps_t:  3404 | t: 45.841979 | r:  -510.000000 | e:   0.659600 | Q: -154.836777 | won: False 
#  269 | steps:  8573 | steps_t:  3445 | t: 46.336978 | r:  -519.000000 | e:   0.655500 | Q: -166.370804 | won: False 
#  270 | steps:  8588 | steps_t:  3459 | t: 46.502978 | r:  -503.000000 | e:   0.654100 | Q: -166.128250 | won: False 
#  271 | steps:  8621 | steps_t:  3491 | t: 46.870977 | r:  -510.000000 | e:   0.650900 | Q: -156.008347 | won: False 
#  272 | steps:  8667 | steps_t:  3536 | t: 47.387978 | r:  -523.000000 | e:   0.646400 | Q: -147.668076 | won: False 
#  273 | steps:  8675 | steps_t:  3543 | t: 47.477983 | r:  -507.000000 | e:   0.645700 | Q: -151.696701 | won: False 
#  274 | steps:  8688 | steps_t:  3555 | t: 47.634979 | r:  -512.000000 | e:   0.644500 | Q: -148.663422 | won: False 
#  275 | steps:  8709 | steps_t:  3575 | t: 47.879976 | r:  -520.000000 | e:   0.642500 | Q: -144.263321 | won: False 
#  276 | steps:  8725 | steps_t:  3590 | t: 48.059978 | r:  -504.000000 | e:   0.641000 | Q: -142.620041 | won: False 
#  277 | steps:  8734 | steps_t:  3598 | t: 48.154977 | r:  -486.000000 | e:   0.640200 | Q: -161.534134 | won: False 
#  278 | steps:  8778 | steps_t:  3641 | t: 48.658980 | r:  -510.000000 | e:   0.635900 | Q: -140.811844 | won: False 
#  279 | steps:  8816 | steps_t:  3678 | t: 49.091979 | r:  -526.000000 | e:   0.632200 | Q: -122.653740 | won: False 
#  280 | steps:  8862 | steps_t:  3723 | t: 49.621980 | r:  -523.000000 | e:   0.627700 | Q: -109.781876 | won: False 
#  281 | steps:  9031 | steps_t:  3891 | t: 51.590983 | r:  -646.000000 | e:   0.610900 | Q: -123.507919 | won: False 
#  282 | steps:  9089 | steps_t:  3948 | t: 52.332978 | r:  -546.000000 | e:   0.605200 | Q: -127.250206 | won: False 
#  283 | steps:  9103 | steps_t:  3961 | t: 52.490977 | r:  -502.000000 | e:   0.603900 | Q: -152.134811 | won: False 
#  284 | steps:  9118 | steps_t:  3975 | t: 52.659979 | r:  -503.000000 | e:   0.602500 | Q: -147.461685 | won: False 
#  285 | steps:  9176 | steps_t:  4032 | t: 53.353979 | r:  -535.000000 | e:   0.596800 | Q: -154.371597 | won: False 
#  286 | steps:  9186 | steps_t:  4041 | t: 53.470979 | r:  -509.000000 | e:   0.595900 | Q: -119.271675 | won: False 
#  287 | steps:  9243 | steps_t:  4097 | t: 54.150980 | r:  -534.000000 | e:   0.590300 | Q: -111.686020 | won: False 
#  288 | steps:  9262 | steps_t:  4115 | t: 54.362980 | r:  -507.000000 | e:   0.588500 | Q: -145.839935 | won: False 
#  289 | steps:  9271 | steps_t:  4123 | t: 54.463979 | r:  -508.000000 | e:   0.587700 | Q: -136.232620 | won: False 
#  290 | steps:  9289 | steps_t:  4140 | t: 54.689977 | r:  -506.000000 | e:   0.586000 | Q: -149.277252 | won: False 
#  291 | steps:  9301 | steps_t:  4151 | t: 54.833979 | r:  -511.000000 | e:   0.584900 | Q: -157.363159 | won: False 
#  292 | steps:  9359 | steps_t:  4208 | t: 55.528977 | r:  -546.000000 | e:   0.579200 | Q: -123.701370 | won: False 
#  293 | steps:  9367 | steps_t:  4215 | t: 55.613979 | r:  -507.000000 | e:   0.578500 | Q: -133.915649 | won: False 
#  294 | steps:  9387 | steps_t:  4234 | t: 55.855991 | r:  -508.000000 | e:   0.576600 | Q: -127.564842 | won: False 
#  295 | steps:  9400 | steps_t:  4246 | t: 56.000977 | r:  -501.000000 | e:   0.575400 | Q: -105.495087 | won: False 
#  296 | steps:  9465 | steps_t:  4310 | t: 56.771977 | r:  -542.000000 | e:   0.569000 | Q: -115.183197 | won: False 
#  297 | steps:  9558 | steps_t:  4402 | t: 57.861975 | r:  -581.000000 | e:   0.559800 | Q: -68.179565 | won: False 
#  298 | steps:  9585 | steps_t:  4428 | t: 58.174978 | r:  -515.000000 | e:   0.557200 | Q: -69.099007 | won: False 
#  299 | steps:  9603 | steps_t:  4445 | t: 58.384976 | r:  -517.000000 | e:   0.555500 | Q: -98.417496 | won: False 
#  300 | steps:  9655 | steps_t:  4496 | t: 58.997981 | r:  -529.000000 | e:   0.550400 | Q: -108.742355 | won: False 
#  301 | steps:  9684 | steps_t:  4524 | t: 59.338982 | r:  -528.000000 | e:   0.547600 | Q: -143.599976 | won: False 
#  302 | steps:  9700 | steps_t:  4539 | t: 59.542977 | r:  -515.000000 | e:   0.546100 | Q: -165.409988 | won: False 
#  303 | steps:  9722 | steps_t:  4560 | t: 59.804981 | r:  -510.000000 | e:   0.544000 | Q: -142.565033 | won: False 
#  304 | steps:  9735 | steps_t:  4572 | t: 59.959979 | r:  -501.000000 | e:   0.542800 | Q: -148.194458 | won: False 
#  305 | steps:  9743 | steps_t:  4579 | t: 60.044977 | r:  -485.000000 | e:   0.542100 | Q: -148.316132 | won: False 
#  306 | steps:  9776 | steps_t:  4611 | t: 60.428977 | r:  -532.000000 | e:   0.538900 | Q: -120.324509 | won: False 
#  307 | steps:  9791 | steps_t:  4625 | t: 60.597978 | r:  -503.000000 | e:   0.537500 | Q: -124.284485 | won: False 
#  308 | steps:  9888 | steps_t:  4721 | t: 61.768977 | r:  -574.000000 | e:   0.527900 | Q: -91.233368 | won: False 
#  309 | steps:  9915 | steps_t:  4747 | t: 62.087977 | r:  -526.000000 | e:   0.525300 | Q: -104.674950 | won: False 
#  310 | steps:  9959 | steps_t:  4790 | t: 62.613978 | r:  -532.000000 | e:   0.521000 | Q: -84.000031 | won: False 
#  311 | steps:  9995 | steps_t:  4825 | t: 63.028977 | r:  -513.000000 | e:   0.517500 | Q: -90.208229 | won: False 
#  312 | steps: 10042 | steps_t:  4871 | t: 63.673978 | r:  -524.000000 | e:   0.512900 | Q: -97.643829 | won: False 
#  313 | steps: 10132 | steps_t:  4960 | t: 64.769978 | r:  -567.000000 | e:   0.504000 | Q: -102.502495 | won: False 
#  314 | steps: 10180 | steps_t:  5007 | t: 65.319978 | r:  -525.000000 | e:   0.499300 | Q: -100.845230 | won: False 
#  315 | steps: 10200 | steps_t:  5026 | t: 65.548976 | r:  -519.000000 | e:   0.497400 | Q: -99.018036 | won: False 
#  316 | steps: 10273 | steps_t:  5098 | t: 66.447979 | r:  -561.000000 | e:   0.490200 | Q: -111.646126 | won: False 
#  317 | steps: 10293 | steps_t:  5117 | t: 66.687978 | r:  -508.000000 | e:   0.488300 | Q: -127.033020 | won: False 
#  318 | steps: 10328 | steps_t:  5151 | t: 67.099976 | r:  -523.000000 | e:   0.484900 | Q: -121.917961 | won: False 
#  319 | steps: 10350 | steps_t:  5172 | t: 67.349975 | r:  -510.000000 | e:   0.482800 | Q: -107.585724 | won: False 
#  320 | steps: 10369 | steps_t:  5190 | t: 67.595977 | r:  -507.000000 | e:   0.481000 | Q: -132.880188 | won: False 
#  321 | steps: 10390 | steps_t:  5210 | t: 67.839983 | r:  -509.000000 | e:   0.479000 | Q: -101.883324 | won: False 
#  322 | steps: 10426 | steps_t:  5245 | t: 68.262977 | r:  -513.000000 | e:   0.475500 | Q: -115.775146 | won: False 
#  323 | steps: 10446 | steps_t:  5264 | t: 68.509979 | r:  -497.000000 | e:   0.473600 | Q: -96.289513 | won: False 
#  324 | steps: 10461 | steps_t:  5278 | t: 68.701977 | r:  -492.000000 | e:   0.472200 | Q: -105.914124 | won: False 
#  325 | steps: 10483 | steps_t:  5299 | t: 68.969977 | r:  -521.000000 | e:   0.470100 | Q: -115.124161 | won: False 
#  326 | steps: 10560 | steps_t:  5375 | t: 69.856983 | r:  -565.000000 | e:   0.462500 | Q: -111.266884 | won: False 
#  327 | steps: 10631 | steps_t:  5445 | t: 70.753979 | r:  -548.000000 | e:   0.455500 | Q: -93.493744 | won: False 
#  328 | steps: 10643 | steps_t:  5456 | t: 70.894977 | r:  -511.000000 | e:   0.454400 | Q: -149.608612 | won: False 
#  329 | steps: 10692 | steps_t:  5504 | t: 71.525977 | r:  -537.000000 | e:   0.449600 | Q: -96.047829 | won: False 
#  330 | steps: 10711 | steps_t:  5522 | t: 71.747982 | r:  -518.000000 | e:   0.447800 | Q: -97.375114 | won: False 
#  331 | steps: 10785 | steps_t:  5595 | t: 72.638980 | r:  -551.000000 | e:   0.440500 | Q: -89.705032 | won: False 
#  332 | steps: 10817 | steps_t:  5626 | t: 73.028982 | r:  -509.000000 | e:   0.437400 | Q: -80.631149 | won: False 
#  333 | steps: 10879 | steps_t:  5687 | t: 73.848979 | r:  -539.000000 | e:   0.431300 | Q: -89.508354 | won: False 
#  334 | steps: 10908 | steps_t:  5715 | t: 74.200979 | r:  -517.000000 | e:   0.428500 | Q: -76.231865 | won: False 
#  335 | steps: 10930 | steps_t:  5736 | t: 74.459976 | r:  -510.000000 | e:   0.426400 | Q: -90.548119 | won: False 
#  336 | steps: 10948 | steps_t:  5753 | t: 74.665978 | r:  -517.000000 | e:   0.424700 | Q: -86.010094 | won: False 
#  337 | steps: 10970 | steps_t:  5774 | t: 74.981984 | r:  -510.000000 | e:   0.422600 | Q: -95.755035 | won: False 
#  338 | steps: 10978 | steps_t:  5781 | t: 75.074979 | r:  -507.000000 | e:   0.421900 | Q: -97.187286 | won: False 
#  339 | steps: 10990 | steps_t:  5792 | t: 75.220981 | r:  -500.000000 | e:   0.420800 | Q: -95.373032 | won: False 
#  340 | steps: 11008 | steps_t:  5809 | t: 75.430979 | r:  -506.000000 | e:   0.419100 | Q: -107.305016 | won: False 
#  341 | steps: 11044 | steps_t:  5844 | t: 75.863976 | r:  -524.000000 | e:   0.415600 | Q: -96.759796 | won: False 
#  342 | steps: 11071 | steps_t:  5870 | t: 76.189975 | r:  -526.000000 | e:   0.413000 | Q: -83.413971 | won: False 
#  343 | steps: 11087 | steps_t:  5885 | t: 76.378979 | r:  -504.000000 | e:   0.411500 | Q: -84.698814 | won: False 
#  344 | steps: 11132 | steps_t:  5929 | t: 77.041979 | r:  -544.000000 | e:   0.407100 | Q: -79.719025 | won: False 
#  345 | steps: 11163 | steps_t:  5959 | t: 77.540979 | r:  -519.000000 | e:   0.404100 | Q: -70.145241 | won: False 
#  346 | steps: 11179 | steps_t:  5974 | t: 77.776981 | r:  -493.000000 | e:   0.402600 | Q: -97.434761 | won: False 
#  347 | steps: 11205 | steps_t:  5999 | t: 78.127983 | r:  -514.000000 | e:   0.400100 | Q: -92.060593 | won: False 
#  348 | steps: 11232 | steps_t:  6025 | t: 78.466980 | r:  -526.000000 | e:   0.397500 | Q: -98.836502 | won: False 
#  349 | steps: 11249 | steps_t:  6041 | t: 78.699985 | r:  -516.000000 | e:   0.395900 | Q: -87.601944 | won: False 
#  350 | steps: 11359 | steps_t:  6150 | t: 80.196981 | r:  -587.000000 | e:   0.385000 | Q: -83.588882 | won: False 
#  351 | steps: 11372 | steps_t:  6162 | t: 80.393979 | r:  -512.000000 | e:   0.383800 | Q: -137.863602 | won: False 
#  352 | steps: 11379 | steps_t:  6168 | t: 80.497981 | r:  -506.000000 | e:   0.383200 | Q: -124.141106 | won: False 
#  353 | steps: 11430 | steps_t:  6218 | t: 81.236982 | r:  -539.000000 | e:   0.378200 | Q: -99.204849 | won: False 
#  354 | steps: 11456 | steps_t:  6243 | t: 81.597982 | r:  -514.000000 | e:   0.375700 | Q: -79.466347 | won: False 
#  355 | steps: 11598 | steps_t:  6384 | t: 83.752984 | r:  -608.000000 | e:   0.361600 | Q: -82.754814 | won: False 
#  356 | steps: 11619 | steps_t:  6404 | t: 84.087979 | r:  -520.000000 | e:   0.359600 | Q: -96.777626 | won: False 
#  357 | steps: 11643 | steps_t:  6427 | t: 84.393982 | r:  -523.000000 | e:   0.357300 | Q: -98.857849 | won: False 
#  358 | steps: 11665 | steps_t:  6448 | t: 84.661982 | r:  -510.000000 | e:   0.355200 | Q: -115.728180 | won: False 
#  359 | steps: 11774 | steps_t:  6556 | t: 86.120987 | r:  -608.000000 | e:   0.344400 | Q: -87.126266 | won: False 
#  360 | steps: 11827 | steps_t:  6608 | t: 86.892981 | r:  -519.000000 | e:   0.339200 | Q: -83.394241 | won: False 
#  361 | steps: 11852 | steps_t:  6632 | t: 87.220978 | r:  -513.000000 | e:   0.336800 | Q: -74.355812 | won: False 
#  362 | steps: 11871 | steps_t:  6650 | t: 87.456983 | r:  -518.000000 | e:   0.335000 | Q: -88.582062 | won: False 
#  363 | steps: 11906 | steps_t:  6684 | t: 87.896976 | r:  -534.000000 | e:   0.331600 | Q: -89.127823 | won: False 
#  364 | steps: 11957 | steps_t:  6734 | t: 88.532979 | r:  -517.000000 | e:   0.326600 | Q: -102.070793 | won: False 
#  365 | steps: 11975 | steps_t:  6751 | t: 88.783985 | r:  -517.000000 | e:   0.324900 | Q: -113.567787 | won: False 
#  366 | steps: 11999 | steps_t:  6774 | t: 89.094978 | r:  -501.000000 | e:   0.322600 | Q: -97.235390 | won: False 
#  367 | steps: 12031 | steps_t:  6805 | t: 89.534980 | r:  -531.000000 | e:   0.319500 | Q: -84.270958 | won: False 
#  368 | steps: 12073 | steps_t:  6846 | t: 90.108982 | r:  -530.000000 | e:   0.315400 | Q: -97.921272 | won: False 
#  369 | steps: 12089 | steps_t:  6861 | t: 90.321978 | r:  -515.000000 | e:   0.313900 | Q: -123.143845 | won: False 
#  370 | steps: 12114 | steps_t:  6885 | t: 90.633981 | r:  -524.000000 | e:   0.311500 | Q: -111.675583 | won: False 
#  371 | steps: 12138 | steps_t:  6908 | t: 90.945984 | r:  -501.000000 | e:   0.309200 | Q: -111.036652 | won: False 
#  372 | steps: 12175 | steps_t:  6944 | t: 91.404981 | r:  -514.000000 | e:   0.305600 | Q: -110.086479 | won: False 
#  373 | steps: 12184 | steps_t:  6952 | t: 91.526983 | r:  -508.000000 | e:   0.304800 | Q: -115.456078 | won: False 
#  374 | steps: 12222 | steps_t:  6989 | t: 92.045983 | r:  -526.000000 | e:   0.301100 | Q: -89.868217 | won: False 
#  375 | steps: 12233 | steps_t:  6999 | t: 92.172981 | r:  -499.000000 | e:   0.300100 | Q: -91.490562 | won: False 
#  376 | steps: 12243 | steps_t:  7008 | t: 92.291976 | r:  -487.000000 | e:   0.299200 | Q: -88.823906 | won: False 
#  377 | steps: 12277 | steps_t:  7041 | t: 92.711980 | r:  -522.000000 | e:   0.295900 | Q: -93.750389 | won: False 
#  378 | steps: 12355 | steps_t:  7118 | t: 93.740978 | r:  -555.000000 | e:   0.288200 | Q: -90.384361 | won: False 
#  379 | steps: 12522 | steps_t:  7284 | t: 95.971979 | r:  -633.000000 | e:   0.271600 | Q: -95.242447 | won: False 
#  380 | steps: 12674 | steps_t:  7435 | t: 97.968978 | r:  -629.000000 | e:   0.256500 | Q: -85.700653 | won: False 
#  381 | steps: 12698 | steps_t:  7458 | t: 98.274978 | r:  -512.000000 | e:   0.254200 | Q: -80.447090 | won: False 
#  382 | steps: 12844 | steps_t:  7603 | t: 100.334987 | r:  -612.000000 | e:   0.239700 | Q: -81.324776 | won: False 
#  383 | steps: 12873 | steps_t:  7631 | t: 100.701981 | r:  -506.000000 | e:   0.236900 | Q: -76.315903 | won: False 
#  384 | steps: 12887 | steps_t:  7644 | t: 100.915978 | r:  -502.000000 | e:   0.235600 | Q: -79.211670 | won: False 
#  385 | steps: 12947 | steps_t:  7703 | t: 101.816978 | r:  -537.000000 | e:   0.229700 | Q: -78.471191 | won: False 
#  386 | steps: 12990 | steps_t:  7745 | t: 102.399980 | r:  -531.000000 | e:   0.225500 | Q: -85.494133 | won: False 
#  387 | steps: 13027 | steps_t:  7781 | t: 102.933985 | r:  -525.000000 | e:   0.221900 | Q: -90.128891 | won: False 
#  388 | steps: 13105 | steps_t:  7858 | t: 103.939979 | r:  -566.000000 | e:   0.214200 | Q: -91.820137 | won: False 
#  389 | steps: 13133 | steps_t:  7885 | t: 104.280977 | r:  -516.000000 | e:   0.211500 | Q: -95.215050 | won: False 
#  390 | steps: 13154 | steps_t:  7905 | t: 104.528980 | r:  -509.000000 | e:   0.209500 | Q: -86.310104 | won: False 
#  391 | steps: 13317 | steps_t:  8067 | t: 106.626980 | r:  -629.000000 | e:   0.193300 | Q: -75.112099 | won: False 
#  392 | steps: 13339 | steps_t:  8088 | t: 106.909980 | r:  -521.000000 | e:   0.191200 | Q: -96.335579 | won: False 
#  393 | steps: 13353 | steps_t:  8101 | t: 107.080981 | r:  -513.000000 | e:   0.189900 | Q: -105.128944 | won: False 
#  394 | steps: 13365 | steps_t:  8112 | t: 107.223976 | r:  -500.000000 | e:   0.188800 | Q: -137.089890 | won: False 
#  395 | steps: 13381 | steps_t:  8127 | t: 107.415977 | r:  -515.000000 | e:   0.187300 | Q: -84.842834 | won: False 
#  396 | steps: 13459 | steps_t:  8204 | t: 108.401976 | r:  -555.000000 | e:   0.179600 | Q: -76.525444 | won: False 
#  397 | steps: 13474 | steps_t:  8218 | t: 108.580976 | r:  -503.000000 | e:   0.178200 | Q: -87.015198 | won: False 
#  398 | steps: 13560 | steps_t:  8303 | t: 109.688991 | r:  -574.000000 | e:   0.169700 | Q: -64.208878 | won: False 
#  399 | steps: 13611 | steps_t:  8353 | t: 110.343979 | r:  -539.000000 | e:   0.164700 | Q: -82.793053 | won: False 
#  400 | steps: 13655 | steps_t:  8396 | t: 110.925980 | r:  -532.000000 | e:   0.160400 | Q: -83.684097 | won: False 
#  401 | steps: 13882 | steps_t:  8622 | t: 114.121977 | r:  -715.000000 | e:   0.137800 | Q: -86.931824 | won: False 
#  402 | steps: 14000 | steps_t:  8739 | t: 115.656980 | r:  -595.000000 | e:   0.126100 | Q: -78.330978 | won: False 
#  403 | steps: 14033 | steps_t:  8771 | t: 116.077977 | r:  -532.000000 | e:   0.122900 | Q: -100.170319 | won: False 
#  404 | steps: 14101 | steps_t:  8838 | t: 116.914977 | r:    66.000000 | e:   0.116200 | Q: -98.431725 | won: True 
#  405 | steps: 14163 | steps_t:  8899 | t: 117.700977 | r:  -550.000000 | e:   0.110100 | Q: -100.545952 | won: False 
#  406 | steps: 14265 | steps_t:  9000 | t: 118.995978 | r:  -590.000000 | e:   0.100000 | Q: -66.399849 | won: False 
#  407 | steps: 14430 | steps_t:  9164 | t: 121.107978 | r:  -664.000000 | e:   0.100000 | Q: -60.496876 | won: False 
#  408 | steps: 14596 | steps_t:  9329 | t: 123.467980 | r:  -632.000000 | e:   0.100000 | Q: -69.365044 | won: False 
#  409 | steps: 14645 | steps_t:  9377 | t: 124.095985 | r:  -526.000000 | e:   0.100000 | Q: -97.392891 | won: False 
#  410 | steps: 14660 | steps_t:  9391 | t: 124.280978 | r:  -514.000000 | e:   0.100000 | Q: -88.379272 | won: False 
#  411 | steps: 14681 | steps_t:  9411 | t: 124.545976 | r:  -520.000000 | e:   0.100000 | Q: -81.851059 | won: False 
#  412 | steps: 14735 | steps_t:  9464 | t: 125.206976 | r:  -553.000000 | e:   0.100000 | Q: -76.464378 | won: False 
#  413 | steps: 14812 | steps_t:  9540 | t: 126.213983 | r:  -554.000000 | e:   0.100000 | Q: -88.082275 | won: False 
#  414 | steps: 14900 | steps_t:  9627 | t: 127.345981 | r:  -565.000000 | e:   0.100000 | Q: -91.452835 | won: False 
#  415 | steps: 14963 | steps_t:  9689 | t: 128.155977 | r:  -540.000000 | e:   0.100000 | Q: -87.303200 | won: False 
#  416 | steps: 15026 | steps_t:  9751 | t: 128.930977 | r:    71.000000 | e:   0.100000 | Q: -81.738777 | won: True 
#  417 | steps: 15175 | steps_t:  9899 | t: 130.749978 | r:   -15.000000 | e:   0.100000 | Q: -77.643974 | won: True 
#  418 | steps: 15251 | steps_t:  9974 | t: 131.691978 | r:  -542.000000 | e:   0.100000 | Q: -73.567856 | won: False 
#  419 | steps: 15261 | steps_t:  9983 | t: 131.827979 | r:  -509.000000 | e:   0.100000 | Q: -74.703842 | won: False 
#  420 | steps: 15289 | steps_t: 10010 | t: 132.214983 | r:  -527.000000 | e:   0.100000 | Q: -61.513752 | won: False 
#  421 | steps: 15332 | steps_t: 10052 | t: 132.767977 | r:  -531.000000 | e:   0.100000 | Q: -49.418167 | won: False 
#  422 | steps: 15404 | steps_t: 10123 | t: 133.729981 | r:  -549.000000 | e:   0.100000 | Q: -72.584541 | won: False 
#  423 | steps: 15440 | steps_t: 10158 | t: 134.225981 | r:  -513.000000 | e:   0.100000 | Q: -81.677971 | won: False 
#  424 | steps: 15551 | steps_t: 10268 | t: 135.730979 | r:    23.000000 | e:   0.100000 | Q: -82.222343 | won: True 
#  425 | steps: 15639 | steps_t: 10355 | t: 136.855977 | r:    46.000000 | e:   0.100000 | Q: -77.294838 | won: True 
#  426 | steps: 15691 | steps_t: 10406 | t: 137.523981 | r:  -540.000000 | e:   0.100000 | Q: -84.478386 | won: False 
#  427 | steps: 15792 | steps_t: 10506 | t: 138.899981 | r:  -589.000000 | e:   0.100000 | Q: -74.076637 | won: False 
#  428 | steps: 15824 | steps_t: 10537 | t: 139.313979 | r:   102.000000 | e:   0.100000 | Q: -65.654472 | won: True 
#  429 | steps: 15917 | steps_t: 10629 | t: 140.514978 | r:  -559.000000 | e:   0.100000 | Q: -67.823509 | won: False 
#  430 | steps: 16034 | steps_t: 10745 | t: 142.204976 | r:  -594.000000 | e:   0.100000 | Q: -76.583847 | won: False 
#  431 | steps: 16048 | steps_t: 10758 | t: 142.376979 | r:  -502.000000 | e:   0.100000 | Q: -82.957100 | won: False 
#  432 | steps: 16096 | steps_t: 10805 | t: 143.111977 | r:  -536.000000 | e:   0.100000 | Q: -59.938740 | won: False 
#  433 | steps: 16104 | steps_t: 10812 | t: 143.204979 | r:  -496.000000 | e:   0.100000 | Q: -60.125156 | won: False 
#  434 | steps: 16122 | steps_t: 10829 | t: 143.426979 | r:  -517.000000 | e:   0.100000 | Q: -60.588955 | won: False 
#  435 | steps: 16230 | steps_t: 10936 | t: 144.833978 | r:  -574.000000 | e:   0.100000 | Q: -60.341072 | won: False 
#  436 | steps: 16308 | steps_t: 11013 | t: 145.870975 | r:  -555.000000 | e:   0.100000 | Q: -75.792557 | won: False 
#  437 | steps: 16457 | steps_t: 11161 | t: 147.983979 | r:  -626.000000 | e:   0.100000 | Q: -57.594341 | won: False 
#  438 | steps: 16494 | steps_t: 11197 | t: 148.467980 | r:  -525.000000 | e:   0.100000 | Q: -57.686096 | won: False 
#  439 | steps: 16514 | steps_t: 11216 | t: 148.765980 | r:  -497.000000 | e:   0.100000 | Q: -80.008209 | won: False 
#  440 | steps: 16563 | steps_t: 11264 | t: 149.492979 | r:  -526.000000 | e:   0.100000 | Q: -27.596510 | won: False 
#  441 | steps: 16637 | steps_t: 11337 | t: 150.546979 | r:  -540.000000 | e:   0.100000 | Q: -23.792784 | won: False 
#  442 | steps: 16655 | steps_t: 11354 | t: 150.807981 | r:  -517.000000 | e:   0.100000 | Q: -54.359570 | won: False 
#  443 | steps: 16682 | steps_t: 11380 | t: 151.158976 | r:  -526.000000 | e:   0.100000 | Q: -59.455364 | won: False 
#  444 | steps: 16728 | steps_t: 11425 | t: 151.814981 | r:    88.000000 | e:   0.100000 | Q: -52.961262 | won: True 
#  445 | steps: 16746 | steps_t: 11442 | t: 152.079982 | r:  -517.000000 | e:   0.100000 | Q: -68.718590 | won: False 
#  446 | steps: 16793 | steps_t: 11488 | t: 152.785981 | r:  -524.000000 | e:   0.100000 | Q: -68.815536 | won: False 
#  447 | steps: 16906 | steps_t: 11600 | t: 154.297983 | r:    21.000000 | e:   0.100000 | Q: -68.370079 | won: True 
#  448 | steps: 16992 | steps_t: 11685 | t: 155.476980 | r:  -563.000000 | e:   0.100000 | Q: -36.647720 | won: False 
#  449 | steps: 17003 | steps_t: 11695 | t: 155.613975 | r:  -510.000000 | e:   0.100000 | Q: -64.579422 | won: False 
#  450 | steps: 17029 | steps_t: 11720 | t: 155.969980 | r:  -525.000000 | e:   0.100000 | Q: -61.867935 | won: False 
#  451 | steps: 17100 | steps_t: 11790 | t: 156.935980 | r:  -570.000000 | e:   0.100000 | Q: -44.057697 | won: False 
#  452 | steps: 17117 | steps_t: 11806 | t: 157.143977 | r:  -516.000000 | e:   0.100000 | Q: -46.346981 | won: False 
#  453 | steps: 17138 | steps_t: 11826 | t: 157.412981 | r:  -520.000000 | e:   0.100000 | Q: -60.097370 | won: False 
#  454 | steps: 17178 | steps_t: 11865 | t: 157.918977 | r:  -539.000000 | e:   0.100000 | Q: -58.810341 | won: False 
#  455 | steps: 17219 | steps_t: 11905 | t: 158.526980 | r:  -540.000000 | e:   0.100000 | Q: -52.437473 | won: False 
#  456 | steps: 17278 | steps_t: 11963 | t: 159.356979 | r:  -547.000000 | e:   0.100000 | Q: -34.304817 | won: False 
#  457 | steps: 17316 | steps_t: 12000 | t: 159.851988 | r:  -526.000000 | e:   0.100000 | Q: -31.209579 | won: False 
#  458 | steps: 17355 | steps_t: 12038 | t: 160.366980 | r:  -538.000000 | e:   0.100000 | Q: -58.648872 | won: False 
#  459 | steps: 17389 | steps_t: 12071 | t: 160.836977 | r:  -511.000000 | e:   0.100000 | Q: -60.584293 | won: False 
#  460 | steps: 17482 | steps_t: 12163 | t: 162.083985 | r:  -570.000000 | e:   0.100000 | Q: -19.668310 | won: False 
#  461 | steps: 17537 | steps_t: 12217 | t: 163.104988 | r:  -532.000000 | e:   0.100000 | Q: -45.027782 | won: False 
#  462 | steps: 17555 | steps_t: 12234 | t: 163.388976 | r:  -517.000000 | e:   0.100000 | Q: -48.681690 | won: False 
#  463 | steps: 17565 | steps_t: 12243 | t: 163.511989 | r:  -509.000000 | e:   0.100000 | Q: -50.925110 | won: False 
#  464 | steps: 17577 | steps_t: 12254 | t: 163.660979 | r:  -511.000000 | e:   0.100000 | Q: -57.641277 | won: False 
#  465 | steps: 17673 | steps_t: 12349 | t: 164.947978 | r:  -573.000000 | e:   0.100000 | Q: -46.434990 | won: False 
#  466 | steps: 17767 | steps_t: 12442 | t: 166.246980 | r:  -560.000000 | e:   0.100000 | Q: -34.226189 | won: False 
#  467 | steps: 17820 | steps_t: 12494 | t: 166.919978 | r:  -519.000000 | e:   0.100000 | Q: -44.757969 | won: False 
#  468 | steps: 17902 | steps_t: 12575 | t: 167.964978 | r:  -559.000000 | e:   0.100000 | Q: -20.590153 | won: False 
#  469 | steps: 17920 | steps_t: 12592 | t: 168.189984 | r:  -517.000000 | e:   0.100000 | Q: -54.049568 | won: False 
#  470 | steps: 17985 | steps_t: 12656 | t: 168.988988 | r:  -531.000000 | e:   0.100000 | Q: -62.010429 | won: False 
#  471 | steps: 17994 | steps_t: 12664 | t: 169.102981 | r:  -508.000000 | e:   0.100000 | Q: -77.626411 | won: False 
#  472 | steps: 18034 | steps_t: 12703 | t: 169.635983 | r:  -528.000000 | e:   0.100000 | Q: -65.854477 | won: False 
#  473 | steps: 18053 | steps_t: 12721 | t: 169.910979 | r:  -507.000000 | e:   0.100000 | Q: -51.481918 | won: False 
#  474 | steps: 18088 | steps_t: 12755 | t: 170.412983 | r:  -512.000000 | e:   0.100000 | Q: -20.879847 | won: False 
#  475 | steps: 18100 | steps_t: 12766 | t: 170.632982 | r:  -500.000000 | e:   0.100000 | Q: -25.973783 | won: False 
#  476 | steps: 18139 | steps_t: 12804 | t: 171.188984 | r:  -516.000000 | e:   0.100000 | Q: -34.589901 | won: False 
#  477 | steps: 18192 | steps_t: 12856 | t: 171.991982 | r:  -519.000000 | e:   0.100000 | Q: -49.467739 | won: False 
#  478 | steps: 18212 | steps_t: 12875 | t: 172.283977 | r:  -486.000000 | e:   0.100000 | Q: -55.722820 | won: False 
#  479 | steps: 18349 | steps_t: 13011 | t: 174.356978 | r:  -603.000000 | e:   0.100000 | Q: -60.854713 | won: False 
#  480 | steps: 18358 | steps_t: 13019 | t: 174.475980 | r:  -508.000000 | e:   0.100000 | Q: -62.973248 | won: False 
#  481 | steps: 18370 | steps_t: 13030 | t: 174.653981 | r:  -489.000000 | e:   0.100000 | Q: -78.497055 | won: False 
#  482 | steps: 18391 | steps_t: 13050 | t: 174.988978 | r:  -498.000000 | e:   0.100000 | Q: -88.541580 | won: False 
#  483 | steps: 18421 | steps_t: 13079 | t: 175.384979 | r:  -507.000000 | e:   0.100000 | Q: -80.745285 | won: False 
#  484 | steps: 18547 | steps_t: 13204 | t: 177.139983 | r:  -614.000000 | e:   0.100000 | Q: -49.536613 | won: False 
#  485 | steps: 18613 | steps_t: 13269 | t: 178.008976 | r:  -521.000000 | e:   0.100000 | Q: -78.150734 | won: False 
#  486 | steps: 18669 | steps_t: 13324 | t: 178.718977 | r:  -544.000000 | e:   0.100000 | Q: -77.186874 | won: False 
#  487 | steps: 18695 | steps_t: 13349 | t: 179.060977 | r:   108.000000 | e:   0.100000 | Q: -71.182663 | won: True 
#  488 | steps: 18761 | steps_t: 13414 | t: 179.916976 | r:  -554.000000 | e:   0.100000 | Q: -66.646675 | won: False 
#  489 | steps: 18825 | steps_t: 13477 | t: 180.752976 | r:  -541.000000 | e:   0.100000 | Q: -50.446842 | won: False 
#  490 | steps: 18875 | steps_t: 13526 | t: 181.529977 | r:  -527.000000 | e:   0.100000 | Q: -62.400208 | won: False 
#  491 | steps: 18884 | steps_t: 13534 | t: 181.642980 | r:  -497.000000 | e:   0.100000 | Q: -68.349419 | won: False 
#  492 | steps: 18902 | steps_t: 13551 | t: 181.890978 | r:  -506.000000 | e:   0.100000 | Q: -64.341789 | won: False 
#  493 | steps: 18915 | steps_t: 13563 | t: 182.063977 | r:  -501.000000 | e:   0.100000 | Q: -58.464718 | won: False 
#  494 | steps: 18951 | steps_t: 13598 | t: 182.681977 | r:  -513.000000 | e:   0.100000 | Q: -61.070629 | won: False 
#  495 | steps: 18975 | steps_t: 13621 | t: 183.042991 | r:  -523.000000 | e:   0.100000 | Q: -64.124039 | won: False 
#  496 | steps: 19029 | steps_t: 13674 | t: 183.765983 | r:  -553.000000 | e:   0.100000 | Q: -66.476204 | won: False 
#  497 | steps: 19164 | steps_t: 13808 | t: 185.789978 | r:  -612.000000 | e:   0.100000 | Q: -50.787514 | won: False 
#  498 | steps: 19233 | steps_t: 13876 | t: 186.909979 | r:  -546.000000 | e:   0.100000 | Q: -73.732826 | won: False 
#  499 | steps: 19247 | steps_t: 13889 | t: 187.094977 | r:  -502.000000 | e:   0.100000 | Q: -80.539581 | won: False 
#  500 | steps: 19262 | steps_t: 13903 | t: 187.298982 | r:  -514.000000 | e:   0.100000 | Q: -82.387352 | won: False 
#  501 | steps: 19283 | steps_t: 13923 | t: 187.585977 | r:  -487.000000 | e:   0.100000 | Q: -80.900307 | won: False 
#  502 | steps: 19396 | steps_t: 14035 | t: 189.291983 | r:  -590.000000 | e:   0.100000 | Q: -53.747150 | won: False 
#  503 | steps: 19458 | steps_t: 14096 | t: 190.366984 | r:  -528.000000 | e:   0.100000 | Q: -72.263580 | won: False 
#  504 | steps: 19470 | steps_t: 14107 | t: 190.558981 | r:  -511.000000 | e:   0.100000 | Q: -98.051376 | won: False 
#  505 | steps: 19484 | steps_t: 14120 | t: 190.750979 | r:  -513.000000 | e:   0.100000 | Q: -83.480453 | won: False 
#  506 | steps: 19540 | steps_t: 14175 | t: 191.610979 | r:  -544.000000 | e:   0.100000 | Q: -78.595871 | won: False 
#  507 | steps: 19630 | steps_t: 14264 | t: 193.164981 | r:    44.000000 | e:   0.100000 | Q: -73.185806 | won: True 
#  508 | steps: 19667 | steps_t: 14300 | t: 193.696980 | r:  -525.000000 | e:   0.100000 | Q: -64.106949 | won: False 
#  509 | steps: 19772 | steps_t: 14404 | t: 195.259980 | r:  -571.000000 | e:   0.100000 | Q: -67.264824 | won: False 
#  510 | steps: 19797 | steps_t: 14428 | t: 195.634977 | r:  -502.000000 | e:   0.100000 | Q: -54.566921 | won: False 
#  511 | steps: 19854 | steps_t: 14484 | t: 196.456980 | r:  -523.000000 | e:   0.100000 | Q: -59.518589 | won: False 
#  512 | steps: 19863 | steps_t: 14492 | t: 196.601979 | r:  -508.000000 | e:   0.100000 | Q: -64.546539 | won: False 
#  513 | steps: 19932 | steps_t: 14560 | t: 197.763980 | r:  -535.000000 | e:   0.100000 | Q: -50.851311 | won: False 
#  514 | steps: 19958 | steps_t: 14585 | t: 198.112980 | r:  -525.000000 | e:   0.100000 | Q: -53.210316 | won: False 
#  515 | steps: 20065 | steps_t: 14691 | t: 199.773976 | r:    27.000000 | e:   0.100000 | Q: -70.194580 | won: True 
#  516 | steps: 20136 | steps_t: 14761 | t: 200.833981 | r:  -559.000000 | e:   0.100000 | Q: -67.892563 | won: False 
#  517 | steps: 20232 | steps_t: 14856 | t: 202.408983 | r:  -573.000000 | e:   0.100000 | Q: -73.937531 | won: False 
#  518 | steps: 20261 | steps_t: 14884 | t: 202.862982 | r:  -506.000000 | e:   0.100000 | Q: -65.914696 | won: False 
#  519 | steps: 20275 | steps_t: 14897 | t: 203.093981 | r:  -502.000000 | e:   0.100000 | Q: -63.615398 | won: False 
#  520 | steps: 20364 | steps_t: 14985 | t: 204.551978 | r:  -566.000000 | e:   0.100000 | Q: -67.445061 | won: False 
#  521 | steps: 20383 | steps_t: 15003 | t: 204.865979 | r:  -507.000000 | e:   0.100000 | Q: -63.067677 | won: False 
#  522 | steps: 20532 | steps_t: 15151 | t: 207.140980 | r:  -626.000000 | e:   0.100000 | Q: -62.499676 | won: False 
#  523 | steps: 20593 | steps_t: 15211 | t: 208.102980 | r:  -538.000000 | e:   0.100000 | Q: -62.283283 | won: False 
#  524 | steps: 20616 | steps_t: 15233 | t: 208.400986 | r:  -511.000000 | e:   0.100000 | Q: -64.509605 | won: False 
#  525 | steps: 20624 | steps_t: 15240 | t: 208.502977 | r:  -496.000000 | e:   0.100000 | Q: -61.752609 | won: False 
#  526 | steps: 20701 | steps_t: 15316 | t: 209.755982 | r:    57.000000 | e:   0.100000 | Q: -63.506611 | won: True 
#  527 | steps: 20812 | steps_t: 15426 | t: 211.442982 | r:  -588.000000 | e:   0.100000 | Q: -53.209160 | won: False 
#  528 | steps: 20857 | steps_t: 15470 | t: 212.207984 | r:  -544.000000 | e:   0.100000 | Q: -61.780518 | won: False 
#  529 | steps: 20889 | steps_t: 15501 | t: 212.675988 | r:  -509.000000 | e:   0.100000 | Q: -59.334675 | won: False 
#  530 | steps: 20895 | steps_t: 15506 | t: 212.771979 | r:  -494.000000 | e:   0.100000 | Q: -73.913406 | won: False 
#  531 | steps: 20929 | steps_t: 15539 | t: 213.366977 | r:  -522.000000 | e:   0.100000 | Q: -57.317368 | won: False 
#  532 | steps: 20979 | steps_t: 15588 | t: 214.091980 | r:  -527.000000 | e:   0.100000 | Q: -69.466881 | won: False 
#  533 | steps: 20990 | steps_t: 15598 | t: 214.241977 | r:  -499.000000 | e:   0.100000 | Q: -84.507729 | won: False 
#  534 | steps: 21031 | steps_t: 15638 | t: 214.867985 | r:  -507.000000 | e:   0.100000 | Q: -72.999428 | won: False 
#  535 | steps: 21050 | steps_t: 15656 | t: 215.195976 | r:  -496.000000 | e:   0.100000 | Q: -61.069328 | won: False 
#  536 | steps: 21085 | steps_t: 15690 | t: 215.659977 | r:    99.000000 | e:   0.100000 | Q: -57.137447 | won: True 
#  537 | steps: 21107 | steps_t: 15711 | t: 215.959977 | r:  -521.000000 | e:   0.100000 | Q: -52.535995 | won: False 
#  538 | steps: 21125 | steps_t: 15728 | t: 216.238978 | r:  -495.000000 | e:   0.100000 | Q: -53.066807 | won: False 
#  539 | steps: 21260 | steps_t: 15862 | t: 218.428979 | r:  -623.000000 | e:   0.100000 | Q: -56.950394 | won: False 
#  540 | steps: 21304 | steps_t: 15905 | t: 219.102976 | r:  -532.000000 | e:   0.100000 | Q: -62.978222 | won: False 
#  541 | steps: 21356 | steps_t: 15956 | t: 219.887984 | r:  -529.000000 | e:   0.100000 | Q: -65.270653 | won: False 
#  542 | steps: 21382 | steps_t: 15981 | t: 220.346980 | r:  -525.000000 | e:   0.100000 | Q: -64.984390 | won: False 
#  543 | steps: 21492 | steps_t: 16090 | t: 221.975976 | r:  -598.000000 | e:   0.100000 | Q: -51.277493 | won: False 
#  544 | steps: 21514 | steps_t: 16111 | t: 222.255981 | r:  -521.000000 | e:   0.100000 | Q: -60.071243 | won: False 
#  545 | steps: 21542 | steps_t: 16138 | t: 222.684981 | r:  -505.000000 | e:   0.100000 | Q: -76.169708 | won: False 
#  546 | steps: 21597 | steps_t: 16192 | t: 223.584981 | r:  -554.000000 | e:   0.100000 | Q: -74.930397 | won: False 
#  547 | steps: 21679 | steps_t: 16273 | t: 224.750979 | r:  -548.000000 | e:   0.100000 | Q: -65.947701 | won: False 
#  548 | steps: 21738 | steps_t: 16331 | t: 225.707985 | r:  -536.000000 | e:   0.100000 | Q: -53.362640 | won: False 
#  549 | steps: 21774 | steps_t: 16366 | t: 226.355982 | r:  -535.000000 | e:   0.100000 | Q: -61.061069 | won: False 
#  550 | steps: 21886 | steps_t: 16477 | t: 228.213979 | r:  -600.000000 | e:   0.100000 | Q: -45.764172 | won: False 
#  551 | steps: 21922 | steps_t: 16512 | t: 228.703977 | r:  -524.000000 | e:   0.100000 | Q: -47.403648 | won: False 
#  552 | steps: 21979 | steps_t: 16568 | t: 229.579982 | r:  -556.000000 | e:   0.100000 | Q: -49.396736 | won: False 
#  553 | steps: 22013 | steps_t: 16601 | t: 230.088976 | r:  -533.000000 | e:   0.100000 | Q: -65.083679 | won: False 
#  554 | steps: 22039 | steps_t: 16626 | t: 230.461981 | r:  -514.000000 | e:   0.100000 | Q: -78.467445 | won: False 
#  555 | steps: 22070 | steps_t: 16656 | t: 230.979981 | r:  -519.000000 | e:   0.100000 | Q: -71.954430 | won: False 
#  556 | steps: 22145 | steps_t: 16730 | t: 232.021982 | r:  -541.000000 | e:   0.100000 | Q: -73.818489 | won: False 
#  557 | steps: 22170 | steps_t: 16754 | t: 232.407983 | r:  -513.000000 | e:   0.100000 | Q: -51.119568 | won: False 
#  558 | steps: 22207 | steps_t: 16790 | t: 233.067981 | r:  -525.000000 | e:   0.100000 | Q: -42.867287 | won: False 
#  559 | steps: 22265 | steps_t: 16847 | t: 233.896978 | r:  -546.000000 | e:   0.100000 | Q: -36.830521 | won: False 
#  560 | steps: 22363 | steps_t: 16944 | t: 235.495984 | r:  -586.000000 | e:   0.100000 | Q: -46.735252 | won: False 
#  561 | steps: 22429 | steps_t: 17009 | t: 236.560995 | r:  -532.000000 | e:   0.100000 | Q: -51.169155 | won: False 
#  562 | steps: 22522 | steps_t: 17101 | t: 238.077977 | r:  -570.000000 | e:   0.100000 | Q: -47.193790 | won: False 
#  563 | steps: 22583 | steps_t: 17161 | t: 238.921982 | r:  -549.000000 | e:   0.100000 | Q: -52.442215 | won: False 
#  564 | steps: 22617 | steps_t: 17194 | t: 239.437979 | r:  -533.000000 | e:   0.100000 | Q: -63.704395 | won: False 
#  565 | steps: 22701 | steps_t: 17277 | t: 240.735977 | r:  -561.000000 | e:   0.100000 | Q: -42.416515 | won: False 
#  566 | steps: 22799 | steps_t: 17374 | t: 242.372977 | r:  -575.000000 | e:   0.100000 | Q: -39.618595 | won: False 
#  567 | steps: 22819 | steps_t: 17393 | t: 242.652977 | r:  -519.000000 | e:   0.100000 | Q: -39.034412 | won: False 
#  568 | steps: 22859 | steps_t: 17432 | t: 243.220976 | r:  -539.000000 | e:   0.100000 | Q: -33.450447 | won: False 
#  569 | steps: 22890 | steps_t: 17462 | t: 243.633986 | r:  -519.000000 | e:   0.100000 | Q: -41.906040 | won: False 
#  570 | steps: 22973 | steps_t: 17544 | t: 245.004977 | r:    51.000000 | e:   0.100000 | Q: -48.951237 | won: True 
#  571 | steps: 23041 | steps_t: 17611 | t: 246.052978 | r:  -556.000000 | e:   0.100000 | Q: -34.587494 | won: False 
#  572 | steps: 23095 | steps_t: 17664 | t: 246.912980 | r:  -531.000000 | e:   0.100000 | Q: -28.562569 | won: False 
#  573 | steps: 23128 | steps_t: 17696 | t: 247.441981 | r:  -532.000000 | e:   0.100000 | Q: -35.854855 | won: False 
#  574 | steps: 23174 | steps_t: 17741 | t: 248.170984 | r:  -534.000000 | e:   0.100000 | Q: -41.723812 | won: False 
#  575 | steps: 23233 | steps_t: 17799 | t: 249.062978 | r:  -547.000000 | e:   0.100000 | Q: -39.794106 | won: False 
#  576 | steps: 23259 | steps_t: 17824 | t: 249.440979 | r:  -503.000000 | e:   0.100000 | Q: -26.159023 | won: False 
#  577 | steps: 23360 | steps_t: 17924 | t: 250.907980 | r:  -578.000000 | e:   0.100000 | Q: -16.594156 | won: False 
#  578 | steps: 23380 | steps_t: 17943 | t: 251.186980 | r:  -508.000000 | e:   0.100000 | Q: -37.606438 | won: False 
#  579 | steps: 23411 | steps_t: 17973 | t: 251.630979 | r:  -519.000000 | e:   0.100000 | Q: -37.146011 | won: False 
#  580 | steps: 23483 | steps_t: 18044 | t: 252.608979 | r:  -560.000000 | e:   0.100000 | Q: -25.030029 | won: False 
#  581 | steps: 23513 | steps_t: 18073 | t: 253.060978 | r:  -518.000000 | e:   0.100000 | Q: -42.670151 | won: False 
#  582 | steps: 23571 | steps_t: 18130 | t: 253.855978 | r:  -535.000000 | e:   0.100000 | Q: -22.501719 | won: False 
#  583 | steps: 23625 | steps_t: 18183 | t: 254.614975 | r:  -531.000000 | e:   0.100000 | Q: -29.126297 | won: False 
#  584 | steps: 23637 | steps_t: 18194 | t: 254.784987 | r:  -489.000000 | e:   0.100000 | Q: -32.472565 | won: False 
#  585 | steps: 23674 | steps_t: 18230 | t: 255.361988 | r:  -514.000000 | e:   0.100000 | Q: -20.185774 | won: False 
#  586 | steps: 23725 | steps_t: 18280 | t: 256.138983 | r:  -517.000000 | e:   0.100000 | Q: -37.664532 | won: False 
#  587 | steps: 23782 | steps_t: 18336 | t: 257.086976 | r:  -545.000000 | e:   0.100000 | Q: -23.789606 | won: False 
#  588 | steps: 23806 | steps_t: 18359 | t: 257.436982 | r:  -512.000000 | e:   0.100000 | Q: -27.096001 | won: False 
#  589 | steps: 23860 | steps_t: 18412 | t: 258.196977 | r:  -542.000000 | e:   0.100000 | Q: -27.358339 | won: False 
#  590 | steps: 23881 | steps_t: 18432 | t: 258.474977 | r:  -498.000000 | e:   0.100000 | Q: -29.681870 | won: False 
#  591 | steps: 23904 | steps_t: 18454 | t: 258.807980 | r:  -511.000000 | e:   0.100000 | Q: -24.315718 | won: False 
#  592 | steps: 23920 | steps_t: 18469 | t: 259.046978 | r:  -504.000000 | e:   0.100000 | Q: -34.063370 | won: False 
#  593 | steps: 23934 | steps_t: 18482 | t: 259.256980 | r:  -502.000000 | e:   0.100000 | Q: -33.034306 | won: False 
#  594 | steps: 23944 | steps_t: 18491 | t: 259.388976 | r:  -498.000000 | e:   0.100000 | Q: -35.817451 | won: False 
#  595 | steps: 23984 | steps_t: 18530 | t: 259.981986 | r:  -528.000000 | e:   0.100000 | Q: -21.522335 | won: False 
#  596 | steps: 24030 | steps_t: 18575 | t: 260.698976 | r:  -523.000000 | e:   0.100000 | Q: -26.860577 | won: False 
#  597 | steps: 24057 | steps_t: 18601 | t: 261.266980 | r:  -504.000000 | e:   0.100000 | Q: -29.211592 | won: False 
#  598 | steps: 24082 | steps_t: 18625 | t: 261.599977 | r:  -513.000000 | e:   0.100000 | Q: -31.410036 | won: False 
#  599 | steps: 24106 | steps_t: 18648 | t: 261.969979 | r:  -501.000000 | e:   0.100000 | Q: -31.979343 | won: False 
#  600 | steps: 24143 | steps_t: 18684 | t: 262.535980 | r:  -514.000000 | e:   0.100000 | Q: -32.765842 | won: False 
#  601 | steps: 24173 | steps_t: 18713 | t: 262.988978 | r:  -518.000000 | e:   0.100000 | Q: -46.765049 | won: False 
#  602 | steps: 24224 | steps_t: 18763 | t: 263.722980 | r:  -528.000000 | e:   0.100000 | Q: -29.096226 | won: False 
#  603 | steps: 24259 | steps_t: 18797 | t: 264.215994 | r:  -512.000000 | e:   0.100000 | Q: -28.161842 | won: False 
#  604 | steps: 24385 | steps_t: 18922 | t: 266.118980 | r:  -603.000000 | e:   0.100000 | Q: -19.869768 | won: False 
#  605 | steps: 24475 | steps_t: 19011 | t: 267.444981 | r:  -567.000000 | e:   0.100000 | Q: -25.788551 | won: False 
#  606 | steps: 24489 | steps_t: 19024 | t: 267.661976 | r:  -502.000000 | e:   0.100000 | Q: -39.936466 | won: False 
#  607 | steps: 24591 | steps_t: 19125 | t: 269.132982 | r:  -568.000000 | e:   0.100000 | Q: -23.010525 | won: False 
#  608 | steps: 24635 | steps_t: 19168 | t: 269.773978 | r:  -521.000000 | e:   0.100000 | Q: -22.785133 | won: False 
#  609 | steps: 24687 | steps_t: 19219 | t: 270.541977 | r:  -529.000000 | e:   0.100000 | Q: -27.507822 | won: False 
#  610 | steps: 24719 | steps_t: 19250 | t: 270.996982 | r:  -520.000000 | e:   0.100000 | Q: -26.543856 | won: False 
#  611 | steps: 24797 | steps_t: 19327 | t: 272.179977 | r:  -555.000000 | e:   0.100000 | Q: -18.753014 | won: False 
#  612 | steps: 24957 | steps_t: 19486 | t: 274.561977 | r:  -637.000000 | e:   0.100000 | Q: -18.157438 | won: False 
#  613 | steps: 25017 | steps_t: 19545 | t: 275.414979 | r:    74.000000 | e:   0.100000 | Q: -16.268152 | won: True 
#  614 | steps: 25048 | steps_t: 19575 | t: 275.871976 | r:  -508.000000 | e:   0.100000 | Q: -30.681889 | won: False 
#  615 | steps: 25086 | steps_t: 19612 | t: 276.365981 | r:  -526.000000 | e:   0.100000 | Q: -19.436323 | won: False 
#  616 | steps: 25207 | steps_t: 19732 | t: 278.208985 | r:    13.000000 | e:   0.100000 | Q: -18.354374 | won: True 
#  617 | steps: 25235 | steps_t: 19759 | t: 278.580977 | r:  -516.000000 | e:   0.100000 | Q: -14.403370 | won: False 
#  618 | steps: 25358 | steps_t: 19881 | t: 280.395981 | r:    11.000000 | e:   0.100000 | Q: -19.709604 | won: True 
#  619 | steps: 25367 | steps_t: 19889 | t: 280.523988 | r:  -497.000000 | e:   0.100000 | Q: -53.968758 | won: False 
#  620 | steps: 25408 | steps_t: 19929 | t: 281.153977 | r:  -529.000000 | e:   0.100000 | Q: -24.374775 | won: False 
#  621 | steps: 25478 | steps_t: 19998 | t: 282.305980 | r:    64.000000 | e:   0.100000 | Q: -26.027657 | won: True 
#  622 | steps: 25599 | steps_t: 20118 | t: 284.023980 | r:  -587.000000 | e:   0.100000 | Q: -17.627293 | won: False 
#  623 | steps: 25656 | steps_t: 20174 | t: 284.823980 | r:    77.000000 | e:   0.100000 | Q: -18.588713 | won: True 
#  624 | steps: 25771 | steps_t: 20288 | t: 286.584976 | r:    19.000000 | e:   0.100000 | Q: -30.130951 | won: True 
#  625 | steps: 25804 | steps_t: 20320 | t: 287.039977 | r:  -510.000000 | e:   0.100000 | Q: -20.735830 | won: False 
#  626 | steps: 25836 | steps_t: 20351 | t: 287.436983 | r:  -520.000000 | e:   0.100000 | Q: -18.273281 | won: False 
#  627 | steps: 25862 | steps_t: 20376 | t: 287.784977 | r:  -525.000000 | e:   0.100000 | Q: -19.746939 | won: False 
#  628 | steps: 25999 | steps_t: 20512 | t: 289.702982 | r:  -603.000000 | e:   0.100000 | Q: -11.554645 | won: False 
#  629 | steps: 26016 | steps_t: 20528 | t: 289.955979 | r:  -494.000000 | e:   0.100000 | Q: -33.797253 | won: False 
#  630 | steps: 26064 | steps_t: 20575 | t: 290.696979 | r:  -525.000000 | e:   0.100000 | Q: -18.066818 | won: False 
#  631 | steps: 26101 | steps_t: 20611 | t: 291.263987 | r:  -525.000000 | e:   0.100000 | Q: -12.329113 | won: False 
#  632 | steps: 26139 | steps_t: 20648 | t: 291.945984 | r:  -515.000000 | e:   0.100000 | Q: -16.502251 | won: False 
#  633 | steps: 26210 | steps_t: 20718 | t: 293.100995 | r:  -548.000000 | e:   0.100000 | Q: -19.347696 | won: False 
#  634 | steps: 26224 | steps_t: 20731 | t: 293.303989 | r:  -502.000000 | e:   0.100000 | Q: -14.886052 | won: False 
#  635 | steps: 26247 | steps_t: 20753 | t: 293.682981 | r:  -500.000000 | e:   0.100000 | Q:  -8.000299 | won: False 
#  636 | steps: 26279 | steps_t: 20784 | t: 294.290978 | r:  -520.000000 | e:   0.100000 | Q: -11.232365 | won: False 
#  637 | steps: 26293 | steps_t: 20797 | t: 294.516987 | r:  -502.000000 | e:   0.100000 | Q: -18.301533 | won: False 
#  638 | steps: 26321 | steps_t: 20824 | t: 294.908978 | r:  -516.000000 | e:   0.100000 | Q: -10.980572 | won: False 
#  639 | steps: 26335 | steps_t: 20837 | t: 295.088979 | r:  -491.000000 | e:   0.100000 | Q: -22.262922 | won: False 
#  640 | steps: 26398 | steps_t: 20899 | t: 295.936983 | r:  -540.000000 | e:   0.100000 | Q: -18.158072 | won: False 
#  641 | steps: 26431 | steps_t: 20931 | t: 296.437979 | r:  -510.000000 | e:   0.100000 | Q: -19.441841 | won: False 
#  642 | steps: 26697 | steps_t: 21196 | t: 300.232983 | r:  -132.000000 | e:   0.100000 | Q: -11.266812 | won: True 
#  643 | steps: 26756 | steps_t: 21254 | t: 301.014977 | r:  -525.000000 | e:   0.100000 | Q: -13.622200 | won: False 
#  644 | steps: 26776 | steps_t: 21273 | t: 301.299977 | r:  -497.000000 | e:   0.100000 | Q:  -7.844092 | won: False 
#  645 | steps: 26852 | steps_t: 21348 | t: 302.292981 | r:  -542.000000 | e:   0.100000 | Q: -15.989124 | won: False 
#  646 | steps: 26916 | steps_t: 21411 | t: 303.194976 | r:    70.000000 | e:   0.100000 | Q:  -7.469593 | won: True 
#  647 | steps: 26944 | steps_t: 21438 | t: 303.562980 | r:  -505.000000 | e:   0.100000 | Q: -16.796419 | won: False 
#  648 | steps: 26957 | steps_t: 21450 | t: 303.772977 | r:  -501.000000 | e:   0.100000 | Q: -20.005751 | won: False 
#  649 | steps: 27026 | steps_t: 21518 | t: 304.878998 | r:  -557.000000 | e:   0.100000 | Q:  -7.781323 | won: False 
#  650 | steps: 27038 | steps_t: 21529 | t: 305.044981 | r:  -500.000000 | e:   0.100000 | Q: -19.048641 | won: False 
#  651 | steps: 27059 | steps_t: 21549 | t: 305.375978 | r:  -520.000000 | e:   0.100000 | Q: -17.758657 | won: False 
#  652 | steps: 27122 | steps_t: 21611 | t: 306.257981 | r:    71.000000 | e:   0.100000 | Q: -11.363944 | won: True 
#  653 | steps: 27227 | steps_t: 21715 | t: 307.890982 | r:    29.000000 | e:   0.100000 | Q:  -3.446283 | won: True 
#  654 | steps: 27287 | steps_t: 21774 | t: 308.751981 | r:  -548.000000 | e:   0.100000 | Q:  -0.182423 | won: False 
#  655 | steps: 27339 | steps_t: 21825 | t: 309.456982 | r:  -529.000000 | e:   0.100000 | Q: -10.698353 | won: False 
#  656 | steps: 27397 | steps_t: 21882 | t: 310.489980 | r:    76.000000 | e:   0.100000 | Q:  -7.400092 | won: True 
#  657 | steps: 27421 | steps_t: 21905 | t: 310.854981 | r:  -501.000000 | e:   0.100000 | Q:  -7.560069 | won: False 
#  658 | steps: 27547 | steps_t: 22030 | t: 312.739981 | r:  -603.000000 | e:   0.100000 | Q:  -5.577009 | won: False 
#  659 | steps: 27594 | steps_t: 22076 | t: 313.488981 | r:  -524.000000 | e:   0.100000 | Q: -10.955906 | won: False 
#  660 | steps: 27665 | steps_t: 22146 | t: 314.632985 | r:  -559.000000 | e:   0.100000 | Q:  -6.552322 | won: False 
#  661 | steps: 27684 | steps_t: 22164 | t: 314.887976 | r:  -507.000000 | e:   0.100000 | Q:  -5.010059 | won: False 
#  662 | steps: 27727 | steps_t: 22206 | t: 315.564989 | r:  -520.000000 | e:   0.100000 | Q:  -8.219887 | won: False 
#  663 | steps: 27882 | steps_t: 22360 | t: 318.015976 | r:  -621.000000 | e:   0.100000 | Q:  -3.453377 | won: False 
#  664 | steps: 27931 | steps_t: 22408 | t: 318.674986 | r:  -515.000000 | e:   0.100000 | Q:  -7.346788 | won: False 
#  665 | steps: 27944 | steps_t: 22420 | t: 318.858978 | r:  -501.000000 | e:   0.100000 | Q: -13.202280 | won: False 
#  666 | steps: 28051 | steps_t: 22526 | t: 320.348978 | r:  -584.000000 | e:   0.100000 | Q:  -9.717262 | won: False 
#  667 | steps: 28105 | steps_t: 22579 | t: 321.093980 | r:  -531.000000 | e:   0.100000 | Q:  -8.997684 | won: False 
#  668 | steps: 28154 | steps_t: 22627 | t: 321.818978 | r:  -526.000000 | e:   0.100000 | Q:  -7.680366 | won: False 
#  669 | steps: 28213 | steps_t: 22685 | t: 322.652978 | r:    75.000000 | e:   0.100000 | Q: -13.755640 | won: True 
#  670 | steps: 28309 | steps_t: 22780 | t: 324.159977 | r:    38.000000 | e:   0.100000 | Q:  -4.472369 | won: True 
#  671 | steps: 28377 | steps_t: 22847 | t: 325.164982 | r:    66.000000 | e:   0.100000 | Q:  -6.486348 | won: True 
#  672 | steps: 28401 | steps_t: 22870 | t: 325.502978 | r:  -512.000000 | e:   0.100000 | Q:  -2.296462 | won: False 
#  673 | steps: 28427 | steps_t: 22895 | t: 325.868980 | r:   108.000000 | e:   0.100000 | Q:  -2.312916 | won: True 
#  674 | steps: 28447 | steps_t: 22914 | t: 326.166979 | r:  -508.000000 | e:   0.100000 | Q:  -0.318111 | won: False 
#  675 | steps: 28485 | steps_t: 22951 | t: 326.722983 | r:    96.000000 | e:   0.100000 | Q:  -0.308885 | won: True 
#  676 | steps: 28551 | steps_t: 23016 | t: 327.672981 | r:    68.000000 | e:   0.100000 | Q:  -1.986832 | won: True 
#  677 | steps: 28627 | steps_t: 23091 | t: 328.941977 | r:  -553.000000 | e:   0.100000 | Q:  -0.976972 | won: False 
#  678 | steps: 28704 | steps_t: 23167 | t: 330.205984 | r:    57.000000 | e:   0.100000 | Q:  -0.854038 | won: True 
#  679 | steps: 28759 | steps_t: 23221 | t: 331.090981 | r:  -543.000000 | e:   0.100000 | Q:  -5.415519 | won: False 
#  680 | steps: 28783 | steps_t: 23244 | t: 331.482979 | r:  -501.000000 | e:   0.100000 | Q:  -3.589090 | won: False 
#  681 | steps: 28846 | steps_t: 23306 | t: 332.508978 | r:    71.000000 | e:   0.100000 | Q:  -3.164869 | won: True 
#  682 | steps: 28899 | steps_t: 23358 | t: 333.257982 | r:  -519.000000 | e:   0.100000 | Q:  -4.226371 | won: False 
#  683 | steps: 28917 | steps_t: 23375 | t: 333.594981 | r:  -495.000000 | e:   0.100000 | Q:  -3.980899 | won: False 
#  684 | steps: 28939 | steps_t: 23396 | t: 333.935979 | r:  -499.000000 | e:   0.100000 | Q:  -2.970901 | won: False 
#  685 | steps: 29079 | steps_t: 23535 | t: 336.153982 | r:  -606.000000 | e:   0.100000 | Q:  -2.739170 | won: False 
#  686 | steps: 29125 | steps_t: 23580 | t: 336.831979 | r:    88.000000 | e:   0.100000 | Q:  -5.934833 | won: True 
#  687 | steps: 29235 | steps_t: 23689 | t: 338.521978 | r:  -587.000000 | e:   0.100000 | Q:  -2.922869 | won: False 
#  688 | steps: 29346 | steps_t: 23799 | t: 340.075978 | r:  -588.000000 | e:   0.100000 | Q:  -4.672993 | won: False 
#  689 | steps: 29369 | steps_t: 23821 | t: 340.366976 | r:  -500.000000 | e:   0.100000 | Q:  -3.303257 | won: False 
#  690 | steps: 29448 | steps_t: 23899 | t: 341.454992 | r:  -545.000000 | e:   0.100000 | Q:  -2.956517 | won: False 
#  691 | steps: 29508 | steps_t: 23958 | t: 342.335984 | r:  -537.000000 | e:   0.100000 | Q:  -3.193892 | won: False 
#  692 | steps: 29529 | steps_t: 23978 | t: 342.633980 | r:  -509.000000 | e:   0.100000 | Q:  -7.791295 | won: False 
#  693 | steps: 29590 | steps_t: 24038 | t: 343.563983 | r:  -527.000000 | e:   0.100000 | Q:  -2.698946 | won: False 
#  694 | steps: 29613 | steps_t: 24060 | t: 343.940979 | r:  -522.000000 | e:   0.100000 | Q:  -2.934589 | won: False 
#  695 | steps: 29817 | steps_t: 24263 | t: 346.881979 | r:   -70.000000 | e:   0.100000 | Q:  -0.153935 | won: True 
#  696 | steps: 29835 | steps_t: 24280 | t: 347.148979 | r:  -506.000000 | e:   0.100000 | Q:  -3.433653 | won: False 
#  697 | steps: 29859 | steps_t: 24303 | t: 347.514976 | r:  -512.000000 | e:   0.100000 | Q:  -2.297164 | won: False 
#  698 | steps: 29897 | steps_t: 24340 | t: 348.071978 | r:  -504.000000 | e:   0.100000 | Q:  -1.666052 | won: False 
#  699 | steps: 29962 | steps_t: 24404 | t: 349.011977 | r:    69.000000 | e:   0.100000 | Q:  -1.752084 | won: True 
#  700 | steps: 29978 | steps_t: 24419 | t: 349.264981 | r:  -493.000000 | e:   0.100000 | Q:  -8.404387 | won: False 
#  701 | steps: 30021 | steps_t: 24461 | t: 349.864977 | r:  -531.000000 | e:   0.100000 | Q:   0.034122 | won: False 
#  702 | steps: 30070 | steps_t: 24509 | t: 350.633978 | r:  -526.000000 | e:   0.100000 | Q:  -2.652666 | won: False 
#  703 | steps: 30101 | steps_t: 24539 | t: 351.080976 | r:  -508.000000 | e:   0.100000 | Q:  -3.423975 | won: False 
#  704 | steps: 30130 | steps_t: 24567 | t: 351.449978 | r:  -506.000000 | e:   0.100000 | Q:  -4.689369 | won: False 
