#    1 | steps:    12 | steps_t:     0 | t: 0.077990 | r:  -478.000000 | e:   1.000000 | Q:        nan | won: False 
#    2 | steps:    25 | steps_t:     0 | t: 0.088000 | r:  -501.000000 | e:   1.000000 | Q:        nan | won: False 
#    3 | steps:    40 | steps_t:     0 | t: 0.100989 | r:  -503.000000 | e:   1.000000 | Q:        nan | won: False 
#    4 | steps:    57 | steps_t:     0 | t: 0.115989 | r:  -505.000000 | e:   1.000000 | Q:        nan | won: False 
#    5 | steps:   142 | steps_t:     0 | t: 0.172982 | r:  -562.000000 | e:   1.000000 | Q:        nan | won: False 
#    6 | steps:   197 | steps_t:     0 | t: 0.217990 | r:  -532.000000 | e:   1.000000 | Q:        nan | won: False 
#    7 | steps:   225 | steps_t:     0 | t: 0.232982 | r:  -516.000000 | e:   1.000000 | Q:        nan | won: False 
#    8 | steps:   261 | steps_t:     0 | t: 0.268986 | r:  -513.000000 | e:   1.000000 | Q:        nan | won: False 
#    9 | steps:   331 | steps_t:     0 | t: 0.354988 | r:  -536.000000 | e:   1.000000 | Q:        nan | won: False 
#   10 | steps:   388 | steps_t:     0 | t: 0.393982 | r:  -534.000000 | e:   1.000000 | Q:        nan | won: False 
#   11 | steps:   456 | steps_t:     0 | t: 0.440980 | r:  -534.000000 | e:   1.000000 | Q:        nan | won: False 
#   12 | steps:   585 | steps_t:     0 | t: 0.515987 | r:     5.000000 | e:   1.000000 | Q:        nan | won: True 
#   13 | steps:   595 | steps_t:     0 | t: 0.522983 | r:  -487.000000 | e:   1.000000 | Q:        nan | won: False 
#   14 | steps:   617 | steps_t:     0 | t: 0.536984 | r:  -488.000000 | e:   1.000000 | Q:        nan | won: False 
#   15 | steps:   638 | steps_t:     0 | t: 0.549983 | r:  -509.000000 | e:   1.000000 | Q:        nan | won: False 
#   16 | steps:   680 | steps_t:     0 | t: 0.586984 | r:  -519.000000 | e:   1.000000 | Q:        nan | won: False 
#   17 | steps:   696 | steps_t:     0 | t: 0.599985 | r:  -493.000000 | e:   1.000000 | Q:        nan | won: False 
#   18 | steps:   733 | steps_t:     0 | t: 0.628984 | r:  -503.000000 | e:   1.000000 | Q:        nan | won: False 
#   19 | steps:   761 | steps_t:     0 | t: 0.647001 | r:  -516.000000 | e:   1.000000 | Q:        nan | won: False 
#   20 | steps:   783 | steps_t:     0 | t: 0.666004 | r:  -499.000000 | e:   1.000000 | Q:        nan | won: False 
#   21 | steps:   810 | steps_t:     0 | t: 0.688002 | r:  -515.000000 | e:   1.000000 | Q:        nan | won: False 
#   22 | steps:   820 | steps_t:     0 | t: 0.694008 | r:  -509.000000 | e:   1.000000 | Q:        nan | won: False 
#   23 | steps:   850 | steps_t:     0 | t: 0.711008 | r:  -518.000000 | e:   1.000000 | Q:        nan | won: False 
#   24 | steps:   862 | steps_t:     0 | t: 0.725001 | r:  -511.000000 | e:   1.000000 | Q:        nan | won: False 
#   25 | steps:   868 | steps_t:     0 | t: 0.729399 | r:  -505.000000 | e:   1.000000 | Q:        nan | won: False 
#   26 | steps:   893 | steps_t:     0 | t: 0.745990 | r:  -513.000000 | e:   1.000000 | Q:        nan | won: False 
#   27 | steps:   942 | steps_t:     0 | t: 0.773013 | r:    85.000000 | e:   1.000000 | Q:        nan | won: True 
#   28 | steps:   960 | steps_t:     0 | t: 0.787985 | r:  -517.000000 | e:   1.000000 | Q:        nan | won: False 
#   29 | steps:   985 | steps_t:     0 | t: 0.805012 | r:  -524.000000 | e:   1.000000 | Q:        nan | won: False 
#   30 | steps:   998 | steps_t:     0 | t: 0.813002 | r:  -512.000000 | e:   1.000000 | Q:        nan | won: False 
#   31 | steps:  1015 | steps_t:     0 | t: 0.824009 | r:  -505.000000 | e:   1.000000 | Q:        nan | won: False 
#   32 | steps:  1034 | steps_t:     0 | t: 0.838992 | r:  -507.000000 | e:   1.000000 | Q:        nan | won: False 
#   33 | steps:  1045 | steps_t:     0 | t: 0.846086 | r:  -510.000000 | e:   1.000000 | Q:        nan | won: False 
#   34 | steps:  1115 | steps_t:     0 | t: 0.911983 | r:  -536.000000 | e:   1.000000 | Q:        nan | won: False 
#   35 | steps:  1175 | steps_t:     0 | t: 0.953128 | r:  -537.000000 | e:   1.000000 | Q:        nan | won: False 
#   36 | steps:  1188 | steps_t:     0 | t: 0.965009 | r:  -512.000000 | e:   1.000000 | Q:        nan | won: False 
#   37 | steps:  1230 | steps_t:     0 | t: 0.988010 | r:  -519.000000 | e:   1.000000 | Q:        nan | won: False 
#   38 | steps:  1269 | steps_t:     0 | t: 1.009002 | r:  -527.000000 | e:   1.000000 | Q:        nan | won: False 
#   39 | steps:  1300 | steps_t:     0 | t: 1.031985 | r:  -519.000000 | e:   1.000000 | Q:        nan | won: False 
#   40 | steps:  1320 | steps_t:     0 | t: 1.048988 | r:  -508.000000 | e:   1.000000 | Q:        nan | won: False 
#   41 | steps:  1348 | steps_t:     0 | t: 1.067992 | r:  -516.000000 | e:   1.000000 | Q:        nan | won: False 
#   42 | steps:  1371 | steps_t:     0 | t: 1.085988 | r:  -511.000000 | e:   1.000000 | Q:        nan | won: False 
#   43 | steps:  1391 | steps_t:     0 | t: 1.097986 | r:  -508.000000 | e:   1.000000 | Q:        nan | won: False 
#   44 | steps:  1421 | steps_t:     0 | t: 1.116983 | r:  -507.000000 | e:   1.000000 | Q:        nan | won: False 
#   45 | steps:  1507 | steps_t:     0 | t: 1.170989 | r:  -563.000000 | e:   1.000000 | Q:        nan | won: False 
#   46 | steps:  1521 | steps_t:     0 | t: 1.181982 | r:  -502.000000 | e:   1.000000 | Q:        nan | won: False 
#   47 | steps:  1531 | steps_t:     0 | t: 1.188984 | r:  -498.000000 | e:   1.000000 | Q:        nan | won: False 
#   48 | steps:  1554 | steps_t:     0 | t: 1.205981 | r:  -511.000000 | e:   1.000000 | Q:        nan | won: False 
#   49 | steps:  1569 | steps_t:     0 | t: 1.215982 | r:  -503.000000 | e:   1.000000 | Q:        nan | won: False 
#   50 | steps:  1591 | steps_t:     0 | t: 1.232989 | r:  -510.000000 | e:   1.000000 | Q:        nan | won: False 
#   51 | steps:  1599 | steps_t:     0 | t: 1.238986 | r:  -507.000000 | e:   1.000000 | Q:        nan | won: False 
#   52 | steps:  1701 | steps_t:     0 | t: 1.302983 | r:    32.000000 | e:   1.000000 | Q:        nan | won: True 
#   53 | steps:  1712 | steps_t:     0 | t: 1.309983 | r:  -499.000000 | e:   1.000000 | Q:        nan | won: False 
#   54 | steps:  1755 | steps_t:     0 | t: 1.337010 | r:  -531.000000 | e:   1.000000 | Q:        nan | won: False 
#   55 | steps:  1769 | steps_t:     0 | t: 1.347450 | r:  -502.000000 | e:   1.000000 | Q:        nan | won: False 
#   56 | steps:  1790 | steps_t:     0 | t: 1.364985 | r:  -509.000000 | e:   1.000000 | Q:        nan | won: False 
#   57 | steps:  1808 | steps_t:     0 | t: 1.378988 | r:  -517.000000 | e:   1.000000 | Q:        nan | won: False 
#   58 | steps:  1822 | steps_t:     0 | t: 1.388986 | r:  -513.000000 | e:   1.000000 | Q:        nan | won: False 
#   59 | steps:  1851 | steps_t:     0 | t: 1.406013 | r:  -495.000000 | e:   1.000000 | Q:        nan | won: False 
#   60 | steps:  1864 | steps_t:     0 | t: 1.415982 | r:  -501.000000 | e:   1.000000 | Q:        nan | won: False 
#   61 | steps:  1882 | steps_t:     0 | t: 1.427985 | r:  -506.000000 | e:   1.000000 | Q:        nan | won: False 
#   62 | steps:  1932 | steps_t:     0 | t: 1.456985 | r:  -527.000000 | e:   1.000000 | Q:        nan | won: False 
#   63 | steps:  1939 | steps_t:     0 | t: 1.461984 | r:  -495.000000 | e:   1.000000 | Q:        nan | won: False 
#   64 | steps:  1973 | steps_t:     0 | t: 1.483997 | r:  -511.000000 | e:   1.000000 | Q:        nan | won: False 
#   65 | steps:  1989 | steps_t:     0 | t: 1.497985 | r:  -504.000000 | e:   1.000000 | Q:        nan | won: False 
#   66 | steps:  2001 | steps_t:     0 | t: 1.511987 | r:  -500.000000 | e:   1.000000 | Q:        nan | won: False 
#   67 | steps:  2009 | steps_t:     0 | t: 1.518983 | r:  -496.000000 | e:   1.000000 | Q:        nan | won: False 
#   68 | steps:  2079 | steps_t:     0 | t: 1.561004 | r:  -547.000000 | e:   1.000000 | Q:        nan | won: False 
#   69 | steps:  2124 | steps_t:     0 | t: 1.596987 | r:  -522.000000 | e:   1.000000 | Q:        nan | won: False 
#   70 | steps:  2180 | steps_t:     0 | t: 1.634012 | r:  -533.000000 | e:   1.000000 | Q:        nan | won: False 
#   71 | steps:  2216 | steps_t:     0 | t: 1.657010 | r:  -491.000000 | e:   1.000000 | Q:        nan | won: False 
#   72 | steps:  2276 | steps_t:     0 | t: 1.698983 | r:  -537.000000 | e:   1.000000 | Q:        nan | won: False 
#   73 | steps:  2294 | steps_t:     0 | t: 1.712983 | r:  -506.000000 | e:   1.000000 | Q:        nan | won: False 
#   74 | steps:  2341 | steps_t:     0 | t: 1.741986 | r:  -524.000000 | e:   1.000000 | Q:        nan | won: False 
#   75 | steps:  2356 | steps_t:     0 | t: 1.753984 | r:  -492.000000 | e:   1.000000 | Q:        nan | won: False 
#   76 | steps:  2435 | steps_t:     0 | t: 1.796983 | r:  -567.000000 | e:   1.000000 | Q:        nan | won: False 
#   77 | steps:  2486 | steps_t:     0 | t: 1.822983 | r:  -528.000000 | e:   1.000000 | Q:        nan | won: False 
#   78 | steps:  2503 | steps_t:     0 | t: 1.839980 | r:  -505.000000 | e:   1.000000 | Q:        nan | won: False 
#   79 | steps:  2509 | steps_t:     0 | t: 1.845980 | r:  -505.000000 | e:   1.000000 | Q:        nan | won: False 
#   80 | steps:  2570 | steps_t:     0 | t: 1.885030 | r:  -538.000000 | e:   1.000000 | Q:        nan | won: False 
#   81 | steps:  2585 | steps_t:     0 | t: 1.894029 | r:  -503.000000 | e:   1.000000 | Q:        nan | won: False 
#   82 | steps:  2604 | steps_t:     0 | t: 1.910984 | r:  -507.000000 | e:   1.000000 | Q:        nan | won: False 
#   83 | steps:  2706 | steps_t:     0 | t: 1.971983 | r:  -579.000000 | e:   1.000000 | Q:        nan | won: False 
#   84 | steps:  2721 | steps_t:     0 | t: 1.980987 | r:  -514.000000 | e:   1.000000 | Q:        nan | won: False 
#   85 | steps:  2730 | steps_t:     0 | t: 1.987991 | r:  -497.000000 | e:   1.000000 | Q:        nan | won: False 
#   86 | steps:  2787 | steps_t:     0 | t: 2.032984 | r:  -534.000000 | e:   1.000000 | Q:        nan | won: False 
#   87 | steps:  2806 | steps_t:     0 | t: 2.048005 | r:  -507.000000 | e:   1.000000 | Q:        nan | won: False 
#   88 | steps:  2827 | steps_t:     0 | t: 2.065456 | r:  -498.000000 | e:   1.000000 | Q:        nan | won: False 
#   89 | steps:  2840 | steps_t:     0 | t: 2.077461 | r:  -512.000000 | e:   1.000000 | Q:        nan | won: False 
#   90 | steps:  2851 | steps_t:     0 | t: 2.087989 | r:  -510.000000 | e:   1.000000 | Q:        nan | won: False 
#   91 | steps:  2883 | steps_t:     0 | t: 2.110987 | r:  -509.000000 | e:   1.000000 | Q:        nan | won: False 
#   92 | steps:  2898 | steps_t:     0 | t: 2.122988 | r:  -492.000000 | e:   1.000000 | Q:        nan | won: False 
#   93 | steps:  2907 | steps_t:     0 | t: 2.129991 | r:  -508.000000 | e:   1.000000 | Q:        nan | won: False 
#   94 | steps:  2929 | steps_t:     0 | t: 2.144002 | r:  -499.000000 | e:   1.000000 | Q:        nan | won: False 
#   95 | steps:  2969 | steps_t:     0 | t: 2.168007 | r:  -517.000000 | e:   1.000000 | Q:        nan | won: False 
#   96 | steps:  3010 | steps_t:     0 | t: 2.193007 | r:  -518.000000 | e:   1.000000 | Q:        nan | won: False 
#   97 | steps:  3017 | steps_t:     0 | t: 2.200992 | r:  -506.000000 | e:   1.000000 | Q:        nan | won: False 
#   98 | steps:  3029 | steps_t:     0 | t: 2.207999 | r:  -489.000000 | e:   1.000000 | Q:        nan | won: False 
#   99 | steps:  3063 | steps_t:     0 | t: 2.228010 | r:  -511.000000 | e:   1.000000 | Q:        nan | won: False 
#  100 | steps:  3083 | steps_t:     0 | t: 2.241993 | r:  -508.000000 | e:   1.000000 | Q:        nan | won: False 
#  101 | steps:  3121 | steps_t:     0 | t: 2.263989 | r:  -515.000000 | e:   1.000000 | Q:        nan | won: False 
#  102 | steps:  3144 | steps_t:     0 | t: 2.285990 | r:  -500.000000 | e:   1.000000 | Q:        nan | won: False 
#  103 | steps:  3179 | steps_t:     0 | t: 2.367984 | r:  -523.000000 | e:   1.000000 | Q:        nan | won: False 
#  104 | steps:  3187 | steps_t:     0 | t: 2.372985 | r:  -496.000000 | e:   1.000000 | Q:        nan | won: False 
#  105 | steps:  3240 | steps_t:     0 | t: 2.414981 | r:  -530.000000 | e:   1.000000 | Q:        nan | won: False 
#  106 | steps:  3267 | steps_t:     0 | t: 2.430984 | r:  -504.000000 | e:   1.000000 | Q:        nan | won: False 
#  107 | steps:  3318 | steps_t:     0 | t: 2.465994 | r:  -528.000000 | e:   1.000000 | Q:        nan | won: False 
#  108 | steps:  3362 | steps_t:     0 | t: 2.504986 | r:  -532.000000 | e:   1.000000 | Q:        nan | won: False 
#  109 | steps:  3387 | steps_t:     0 | t: 2.525986 | r:  -513.000000 | e:   1.000000 | Q:        nan | won: False 
#  110 | steps:  3417 | steps_t:     0 | t: 2.543984 | r:  -496.000000 | e:   1.000000 | Q:        nan | won: False 
#  111 | steps:  3450 | steps_t:     0 | t: 2.564983 | r:  -510.000000 | e:   1.000000 | Q:        nan | won: False 
#  112 | steps:  3458 | steps_t:     0 | t: 2.573226 | r:  -507.000000 | e:   1.000000 | Q:        nan | won: False 
#  113 | steps:  3474 | steps_t:     0 | t: 2.593007 | r:  -515.000000 | e:   1.000000 | Q:        nan | won: False 
#  114 | steps:  3508 | steps_t:     0 | t: 2.618984 | r:  -522.000000 | e:   1.000000 | Q:        nan | won: False 
#  115 | steps:  3526 | steps_t:     0 | t: 2.630985 | r:  -506.000000 | e:   1.000000 | Q:        nan | won: False 
#  116 | steps:  3541 | steps_t:     0 | t: 2.639985 | r:  -514.000000 | e:   1.000000 | Q:        nan | won: False 
#  117 | steps:  3549 | steps_t:     0 | t: 2.646995 | r:  -507.000000 | e:   1.000000 | Q:        nan | won: False 
#  118 | steps:  3573 | steps_t:     0 | t: 2.662011 | r:  -490.000000 | e:   1.000000 | Q:        nan | won: False 
#  119 | steps:  3614 | steps_t:     0 | t: 2.685007 | r:  -518.000000 | e:   1.000000 | Q:        nan | won: False 
#  120 | steps:  3626 | steps_t:     0 | t: 2.693992 | r:  -500.000000 | e:   1.000000 | Q:        nan | won: False 
#  121 | steps:  3679 | steps_t:     0 | t: 2.737010 | r:  -530.000000 | e:   1.000000 | Q:        nan | won: False 
#  122 | steps:  3721 | steps_t:     0 | t: 2.764986 | r:  -530.000000 | e:   1.000000 | Q:        nan | won: False 
#  123 | steps:  3810 | steps_t:     0 | t: 2.824988 | r:  -566.000000 | e:   1.000000 | Q:        nan | won: False 
#  124 | steps:  3830 | steps_t:     0 | t: 2.837988 | r:  -497.000000 | e:   1.000000 | Q:        nan | won: False 
#  125 | steps:  3848 | steps_t:     0 | t: 2.853987 | r:  -495.000000 | e:   1.000000 | Q:        nan | won: False 
#  126 | steps:  3865 | steps_t:     0 | t: 2.870991 | r:  -516.000000 | e:   1.000000 | Q:        nan | won: False 
#  127 | steps:  3924 | steps_t:     0 | t: 2.915993 | r:  -536.000000 | e:   1.000000 | Q:        nan | won: False 
#  128 | steps:  3935 | steps_t:     0 | t: 2.924986 | r:  -510.000000 | e:   1.000000 | Q:        nan | won: False 
#  129 | steps:  3946 | steps_t:     0 | t: 2.932988 | r:  -510.000000 | e:   1.000000 | Q:        nan | won: False 
#  130 | steps:  3968 | steps_t:     0 | t: 2.953994 | r:  -510.000000 | e:   1.000000 | Q:        nan | won: False 
#  131 | steps:  3981 | steps_t:     0 | t: 2.966994 | r:  -479.000000 | e:   1.000000 | Q:        nan | won: False 
#  132 | steps:  3990 | steps_t:     0 | t: 2.974994 | r:  -497.000000 | e:   1.000000 | Q:        nan | won: False 
#  133 | steps:  4037 | steps_t:     0 | t: 3.011988 | r:  -524.000000 | e:   1.000000 | Q:        nan | won: False 
#  134 | steps:  4066 | steps_t:     0 | t: 3.033994 | r:  -517.000000 | e:   1.000000 | Q:        nan | won: False 
#  135 | steps:  4135 | steps_t:     0 | t: 3.079985 | r:  -546.000000 | e:   1.000000 | Q:        nan | won: False 
#  136 | steps:  4146 | steps_t:     0 | t: 3.087986 | r:  -510.000000 | e:   1.000000 | Q:        nan | won: False 
#  137 | steps:  4158 | steps_t:     0 | t: 3.096986 | r:  -500.000000 | e:   1.000000 | Q:        nan | won: False 
#  138 | steps:  4175 | steps_t:     0 | t: 3.111989 | r:  -505.000000 | e:   1.000000 | Q:        nan | won: False 
#  139 | steps:  4190 | steps_t:     0 | t: 3.125986 | r:  -514.000000 | e:   1.000000 | Q:        nan | won: False 
#  140 | steps:  4248 | steps_t:     0 | t: 3.165987 | r:  -535.000000 | e:   1.000000 | Q:        nan | won: False 
#  141 | steps:  4290 | steps_t:     0 | t: 3.189989 | r:  -519.000000 | e:   1.000000 | Q:        nan | won: False 
#  142 | steps:  4307 | steps_t:     0 | t: 3.201998 | r:  -505.000000 | e:   1.000000 | Q:        nan | won: False 
#  143 | steps:  4331 | steps_t:     0 | t: 3.214987 | r:  -512.000000 | e:   1.000000 | Q:        nan | won: False 
#  144 | steps:  4345 | steps_t:     0 | t: 3.222989 | r:  -491.000000 | e:   1.000000 | Q:        nan | won: False 
#  145 | steps:  4360 | steps_t:     0 | t: 3.231990 | r:  -503.000000 | e:   1.000000 | Q:        nan | won: False 
#  146 | steps:  4372 | steps_t:     0 | t: 3.238987 | r:  -500.000000 | e:   1.000000 | Q:        nan | won: False 
#  147 | steps:  4398 | steps_t:     0 | t: 3.258994 | r:  -503.000000 | e:   1.000000 | Q:        nan | won: False 
#  148 | steps:  4411 | steps_t:     0 | t: 3.270988 | r:  -501.000000 | e:   1.000000 | Q:        nan | won: False 
#  149 | steps:  4419 | steps_t:     0 | t: 3.278991 | r:  -496.000000 | e:   1.000000 | Q:        nan | won: False 
#  150 | steps:  4440 | steps_t:     0 | t: 3.299997 | r:  -509.000000 | e:   1.000000 | Q:        nan | won: False 
#  151 | steps:  4453 | steps_t:     0 | t: 3.314995 | r:  -512.000000 | e:   1.000000 | Q:        nan | won: False 
#  152 | steps:  4462 | steps_t:     0 | t: 3.321988 | r:  -497.000000 | e:   1.000000 | Q:        nan | won: False 
#  153 | steps:  4472 | steps_t:     0 | t: 3.329988 | r:  -487.000000 | e:   1.000000 | Q:        nan | won: False 
#  154 | steps:  4490 | steps_t:     0 | t: 3.345981 | r:  -495.000000 | e:   1.000000 | Q:        nan | won: False 
#  155 | steps:  4504 | steps_t:     0 | t: 3.362990 | r:  -502.000000 | e:   1.000000 | Q:        nan | won: False 
#  156 | steps:  4518 | steps_t:     0 | t: 3.377989 | r:  -502.000000 | e:   1.000000 | Q:        nan | won: False 
#  157 | steps:  4567 | steps_t:     0 | t: 3.412987 | r:  -537.000000 | e:   1.000000 | Q:        nan | won: False 
#  158 | steps:  4610 | steps_t:     0 | t: 3.444986 | r:  -531.000000 | e:   1.000000 | Q:        nan | won: False 
#  159 | steps:  4641 | steps_t:     0 | t: 3.464994 | r:  -508.000000 | e:   1.000000 | Q:        nan | won: False 
#  160 | steps:  4669 | steps_t:     0 | t: 3.482990 | r:  -527.000000 | e:   1.000000 | Q:        nan | won: False 
#  161 | steps:  4730 | steps_t:     0 | t: 3.526003 | r:  -538.000000 | e:   1.000000 | Q:        nan | won: False 
#  162 | steps:  4742 | steps_t:     0 | t: 3.537986 | r:  -511.000000 | e:   1.000000 | Q:        nan | won: False 
#  163 | steps:  4760 | steps_t:     0 | t: 3.550993 | r:  -506.000000 | e:   1.000000 | Q:        nan | won: False 
#  164 | steps:  4802 | steps_t:     0 | t: 3.579983 | r:  -530.000000 | e:   1.000000 | Q:        nan | won: False 
#  165 | steps:  4816 | steps_t:     0 | t: 3.591989 | r:  -480.000000 | e:   1.000000 | Q:        nan | won: False 
#  166 | steps:  4851 | steps_t:     0 | t: 3.614993 | r:  -512.000000 | e:   1.000000 | Q:        nan | won: False 
#  167 | steps:  4926 | steps_t:     0 | t: 3.662985 | r:  -552.000000 | e:   1.000000 | Q:        nan | won: False 
#  168 | steps:  4937 | steps_t:     0 | t: 3.670988 | r:  -488.000000 | e:   1.000000 | Q:        nan | won: False 
#  169 | steps:  4962 | steps_t:     0 | t: 3.687991 | r:  -524.000000 | e:   1.000000 | Q:        nan | won: False 
#  170 | steps:  4984 | steps_t:     0 | t: 3.703992 | r:  -510.000000 | e:   1.000000 | Q:        nan | won: False 
#  171 | steps:  5008 | steps_t:     7 | t: 3.920988 | r:  -501.000000 | e:   0.999300 | Q:        nan | won: False 
#  172 | steps:  5029 | steps_t:    27 | t: 4.143984 | r:  -509.000000 | e:   0.997300 | Q:        nan | won: False 
#  173 | steps:  5084 | steps_t:    81 | t: 4.734987 | r:  -521.000000 | e:   0.991900 | Q:        nan | won: False 
#  174 | steps:  5120 | steps_t:   116 | t: 5.123983 | r:  -513.000000 | e:   0.988400 | Q:        nan | won: False 
#  175 | steps:  5144 | steps_t:   139 | t: 5.367986 | r:  -512.000000 | e:   0.986100 | Q: -63.378376 | won: False 
#  176 | steps:  5168 | steps_t:   162 | t: 5.614983 | r:  -490.000000 | e:   0.983800 | Q:        nan | won: False 
#  177 | steps:  5219 | steps_t:   212 | t: 6.166989 | r:  -528.000000 | e:   0.978800 | Q: -115.328262 | won: False 
#  178 | steps:  5239 | steps_t:   231 | t: 6.371985 | r:  -508.000000 | e:   0.976900 | Q: -134.072906 | won: False 
#  179 | steps:  5255 | steps_t:   246 | t: 6.536985 | r:  -515.000000 | e:   0.975400 | Q:        nan | won: False 
#  180 | steps:  5293 | steps_t:   283 | t: 6.946983 | r:  -515.000000 | e:   0.971700 | Q:        nan | won: False 
#  181 | steps:  5348 | steps_t:   337 | t: 7.532982 | r:  -521.000000 | e:   0.966300 | Q: -146.766571 | won: False 
#  182 | steps:  5362 | steps_t:   350 | t: 7.674989 | r:  -502.000000 | e:   0.965000 | Q:        nan | won: False 
#  183 | steps:  5426 | steps_t:   413 | t: 8.358984 | r:  -541.000000 | e:   0.958700 | Q: -121.878281 | won: False 
#  184 | steps:  5483 | steps_t:   469 | t: 8.972986 | r:  -534.000000 | e:   0.953100 | Q: -123.579552 | won: False 
#  185 | steps:  5520 | steps_t:   505 | t: 9.359984 | r:  -525.000000 | e:   0.949500 | Q: -115.516121 | won: False 
#  186 | steps:  5531 | steps_t:   515 | t: 9.469984 | r:  -499.000000 | e:   0.948500 | Q:        nan | won: False 
#  187 | steps:  5585 | steps_t:   568 | t: 10.072991 | r:  -542.000000 | e:   0.943200 | Q: -129.268143 | won: False 
#  188 | steps:  5595 | steps_t:   577 | t: 10.171983 | r:  -498.000000 | e:   0.942300 | Q:        nan | won: False 
#  189 | steps:  5620 | steps_t:   601 | t: 10.429986 | r:  -502.000000 | e:   0.939900 | Q:        nan | won: False 
#  190 | steps:  5648 | steps_t:   628 | t: 10.728985 | r:  -527.000000 | e:   0.937200 | Q: -134.470367 | won: False 
#  191 | steps:  5678 | steps_t:   657 | t: 11.058986 | r:  -507.000000 | e:   0.934300 | Q: -141.718536 | won: False 
#  192 | steps:  5715 | steps_t:   693 | t: 11.478988 | r:  -514.000000 | e:   0.930700 | Q: -140.243332 | won: False 
#  193 | steps:  5742 | steps_t:   719 | t: 11.805986 | r:  -504.000000 | e:   0.928100 | Q:        nan | won: False 
#  194 | steps:  5794 | steps_t:   770 | t: 12.421984 | r:  -540.000000 | e:   0.923000 | Q: -129.627701 | won: False 
#  195 | steps:  5806 | steps_t:   781 | t: 12.556993 | r:  -511.000000 | e:   0.921900 | Q: -132.745193 | won: False 
#  196 | steps:  5858 | steps_t:   832 | t: 13.189986 | r:  -529.000000 | e:   0.916800 | Q: -132.230179 | won: False 
#  197 | steps:  5879 | steps_t:   852 | t: 13.417983 | r:  -498.000000 | e:   0.914800 | Q: -160.201294 | won: False 
#  198 | steps:  5911 | steps_t:   883 | t: 13.775988 | r:  -509.000000 | e:   0.911700 | Q: -160.258743 | won: False 
#  199 | steps:  5923 | steps_t:   894 | t: 13.898984 | r:  -489.000000 | e:   0.910600 | Q:        nan | won: False 
#  200 | steps:  5933 | steps_t:   903 | t: 14.000983 | r:  -498.000000 | e:   0.909700 | Q:        nan | won: False 
#  201 | steps:  5947 | steps_t:   916 | t: 14.148983 | r:  -502.000000 | e:   0.908400 | Q: -168.689087 | won: False 
#  202 | steps:  5982 | steps_t:   950 | t: 14.522985 | r:  -523.000000 | e:   0.905000 | Q: -126.918282 | won: False 
#  203 | steps:  5994 | steps_t:   961 | t: 14.647983 | r:  -511.000000 | e:   0.903900 | Q: -124.155067 | won: False 
#  204 | steps:  6015 | steps_t:   981 | t: 14.888986 | r:  -498.000000 | e:   0.901900 | Q: -125.877678 | won: False 
#  205 | steps:  6028 | steps_t:   993 | t: 15.018983 | r:  -501.000000 | e:   0.900700 | Q:        nan | won: False 
#  206 | steps:  6077 | steps_t:  1041 | t: 15.552988 | r:  -515.000000 | e:   0.895900 | Q: -127.903664 | won: False 
#  207 | steps:  6098 | steps_t:  1061 | t: 15.813984 | r:  -509.000000 | e:   0.893900 | Q: -151.794662 | won: False 
#  208 | steps:  6140 | steps_t:  1102 | t: 16.327511 | r:  -530.000000 | e:   0.889800 | Q: -167.938583 | won: False 
#  209 | steps:  6171 | steps_t:  1132 | t: 16.672517 | r:  -519.000000 | e:   0.886800 | Q: -158.100250 | won: False 
#  210 | steps:  6183 | steps_t:  1143 | t: 16.823517 | r:  -511.000000 | e:   0.885700 | Q: -135.935867 | won: False 
#  211 | steps:  6193 | steps_t:  1152 | t: 16.941516 | r:  -487.000000 | e:   0.884800 | Q: -132.232620 | won: False 
#  212 | steps:  6248 | steps_t:  1206 | t: 17.586516 | r:  -532.000000 | e:   0.879400 | Q: -127.939720 | won: False 
#  213 | steps:  6258 | steps_t:  1215 | t: 17.694513 | r:  -498.000000 | e:   0.878500 | Q: -169.222656 | won: False 
#  214 | steps:  6281 | steps_t:  1237 | t: 17.974512 | r:  -500.000000 | e:   0.876300 | Q: -176.332642 | won: False 
#  215 | steps:  6301 | steps_t:  1256 | t: 18.200511 | r:  -508.000000 | e:   0.874400 | Q: -178.689392 | won: False 
#  216 | steps:  6319 | steps_t:  1273 | t: 18.393517 | r:  -495.000000 | e:   0.872700 | Q: -143.750397 | won: False 
#  217 | steps:  6422 | steps_t:  1375 | t: 19.611512 | r:  -580.000000 | e:   0.862500 | Q: -143.557449 | won: False 
#  218 | steps:  6439 | steps_t:  1391 | t: 19.809514 | r:  -505.000000 | e:   0.860900 | Q: -168.698624 | won: False 
#  219 | steps:  6483 | steps_t:  1434 | t: 20.352512 | r:  -499.000000 | e:   0.856600 | Q: -163.581512 | won: False 
#  220 | steps:  6499 | steps_t:  1449 | t: 20.536515 | r:  -504.000000 | e:   0.855100 | Q: -176.648499 | won: False 
#  221 | steps:  6524 | steps_t:  1473 | t: 20.837512 | r:  -502.000000 | e:   0.852700 | Q: -168.407349 | won: False 
#  222 | steps:  6533 | steps_t:  1481 | t: 20.936511 | r:  -508.000000 | e:   0.851900 | Q: -167.696426 | won: False 
#  223 | steps:  6563 | steps_t:  1510 | t: 21.279513 | r:  -518.000000 | e:   0.849000 | Q: -151.227448 | won: False 
#  224 | steps:  6600 | steps_t:  1546 | t: 21.695512 | r:  -536.000000 | e:   0.845400 | Q: -130.918564 | won: False 
#  225 | steps:  6650 | steps_t:  1595 | t: 22.259511 | r:  -527.000000 | e:   0.840500 | Q: -131.156647 | won: False 
#  226 | steps:  6667 | steps_t:  1611 | t: 22.539514 | r:  -505.000000 | e:   0.838900 | Q: -145.865845 | won: False 
#  227 | steps:  6710 | steps_t:  1653 | t: 23.022514 | r:  -531.000000 | e:   0.834700 | Q: -156.444748 | won: False 
#  228 | steps:  6740 | steps_t:  1682 | t: 23.379514 | r:  -518.000000 | e:   0.831800 | Q: -157.731476 | won: False 
#  229 | steps:  6776 | steps_t:  1717 | t: 23.838516 | r:    98.000000 | e:   0.828300 | Q: -153.360001 | won: True 
#  230 | steps:  6808 | steps_t:  1748 | t: 24.277514 | r:  -520.000000 | e:   0.825200 | Q: -161.363693 | won: False 
#  231 | steps:  6824 | steps_t:  1763 | t: 24.461514 | r:  -515.000000 | e:   0.823700 | Q: -166.186401 | won: False 
#  232 | steps:  6865 | steps_t:  1803 | t: 25.014599 | r:  -529.000000 | e:   0.819700 | Q: -145.666550 | won: False 
#  233 | steps:  6883 | steps_t:  1820 | t: 25.216599 | r:  -506.000000 | e:   0.818000 | Q: -162.061554 | won: False 
#  234 | steps:  6895 | steps_t:  1831 | t: 25.343599 | r:  -500.000000 | e:   0.816900 | Q: -174.325592 | won: False 
#  235 | steps:  7035 | steps_t:  1970 | t: 26.961842 | r:  -617.000000 | e:   0.803000 | Q: -135.581177 | won: False 
#  236 | steps:  7046 | steps_t:  1980 | t: 27.074890 | r:  -499.000000 | e:   0.802000 | Q: -151.127533 | won: False 
#  237 | steps:  7157 | steps_t:  2090 | t: 28.338122 | r:  -588.000000 | e:   0.791000 | Q: -138.377426 | won: False 
#  238 | steps:  7183 | steps_t:  2115 | t: 28.619124 | r:  -503.000000 | e:   0.788500 | Q: -151.857040 | won: False 
#  239 | steps:  7217 | steps_t:  2148 | t: 29.006122 | r:  -511.000000 | e:   0.785200 | Q: -159.390533 | won: False 
#  240 | steps:  7236 | steps_t:  2166 | t: 29.209122 | r:  -496.000000 | e:   0.783400 | Q: -156.270508 | won: False 
#  241 | steps:  7248 | steps_t:  2177 | t: 29.329129 | r:  -500.000000 | e:   0.782300 | Q:        nan | won: False 
#  242 | steps:  7276 | steps_t:  2204 | t: 29.643245 | r:  -516.000000 | e:   0.779600 | Q: -149.788406 | won: False 
#  243 | steps:  7295 | steps_t:  2222 | t: 29.857243 | r:  -507.000000 | e:   0.777800 | Q: -152.142685 | won: False 
#  244 | steps:  7324 | steps_t:  2250 | t: 30.176245 | r:  -517.000000 | e:   0.775000 | Q: -138.938660 | won: False 
#  245 | steps:  7359 | steps_t:  2284 | t: 30.560461 | r:  -523.000000 | e:   0.771600 | Q: -139.598419 | won: False 
#  246 | steps:  7367 | steps_t:  2291 | t: 30.690288 | r:  -507.000000 | e:   0.770900 | Q: -143.790741 | won: False 
#  247 | steps:  7409 | steps_t:  2332 | t: 31.170281 | r:  -508.000000 | e:   0.766800 | Q: -151.236832 | won: False 
#  248 | steps:  7453 | steps_t:  2375 | t: 31.663363 | r:  -543.000000 | e:   0.762500 | Q: -165.482880 | won: False 
#  249 | steps:  7513 | steps_t:  2434 | t: 32.347363 | r:  -548.000000 | e:   0.756600 | Q: -141.462540 | won: False 
#  250 | steps:  7561 | steps_t:  2481 | t: 32.896493 | r:    86.000000 | e:   0.751900 | Q: -136.077026 | won: True 
#  251 | steps:  7587 | steps_t:  2506 | t: 33.174495 | r:  -514.000000 | e:   0.749400 | Q: -151.778198 | won: False 
#  252 | steps:  7599 | steps_t:  2517 | t: 33.299494 | r:  -500.000000 | e:   0.748300 | Q: -152.610458 | won: False 
#  253 | steps:  7620 | steps_t:  2537 | t: 33.534495 | r:  -509.000000 | e:   0.746300 | Q: -151.347183 | won: False 
#  254 | steps:  7628 | steps_t:  2544 | t: 33.621494 | r:  -507.000000 | e:   0.745600 | Q: -150.271194 | won: False 
#  255 | steps:  7654 | steps_t:  2569 | t: 33.974496 | r:  -514.000000 | e:   0.743100 | Q: -147.844330 | won: False 
#  256 | steps:  7732 | steps_t:  2646 | t: 34.862498 | r:  -555.000000 | e:   0.735400 | Q: -140.632996 | won: False 
#  257 | steps:  7746 | steps_t:  2659 | t: 35.007021 | r:  -513.000000 | e:   0.734100 | Q: -130.355042 | won: False 
#  258 | steps:  7772 | steps_t:  2684 | t: 35.296597 | r:  -514.000000 | e:   0.731600 | Q: -123.869316 | won: False 
#  259 | steps:  7817 | steps_t:  2728 | t: 35.801754 | r:  -533.000000 | e:   0.727200 | Q: -104.253487 | won: False 
#  260 | steps:  7840 | steps_t:  2750 | t: 36.056289 | r:  -511.000000 | e:   0.725000 | Q: -99.507782 | won: False 
#  261 | steps:  7915 | steps_t:  2824 | t: 36.910327 | r:  -552.000000 | e:   0.717600 | Q: -98.626266 | won: False 
#  262 | steps:  7944 | steps_t:  2852 | t: 37.222324 | r:  -517.000000 | e:   0.714800 | Q: -120.695770 | won: False 
#  263 | steps:  7966 | steps_t:  2873 | t: 37.462382 | r:  -499.000000 | e:   0.712700 | Q: -128.828568 | won: False 
#  264 | steps:  7999 | steps_t:  2905 | t: 37.833380 | r:  -521.000000 | e:   0.709500 | Q: -134.570343 | won: False 
#  265 | steps:  8031 | steps_t:  2936 | t: 38.191382 | r:  -520.000000 | e:   0.706400 | Q: -154.434647 | won: False 
#  266 | steps:  8096 | steps_t:  3000 | t: 38.914996 | r:  -542.000000 | e:   0.700000 | Q: -147.728470 | won: False 
#  267 | steps:  8138 | steps_t:  3041 | t: 39.384992 | r:  -519.000000 | e:   0.695900 | Q: -156.726425 | won: False 
#  268 | steps:  8160 | steps_t:  3062 | t: 39.630991 | r:  -510.000000 | e:   0.693800 | Q: -151.884109 | won: False 
#  269 | steps:  8195 | steps_t:  3096 | t: 40.048041 | r:  -512.000000 | e:   0.690400 | Q: -138.982666 | won: False 
#  270 | steps:  8234 | steps_t:  3134 | t: 40.475101 | r:  -516.000000 | e:   0.686600 | Q: -121.387375 | won: False 
#  271 | steps:  8249 | steps_t:  3148 | t: 40.637668 | r:  -503.000000 | e:   0.685200 | Q: -123.300804 | won: False 
#  272 | steps:  8259 | steps_t:  3157 | t: 40.745672 | r:  -498.000000 | e:   0.684300 | Q: -127.328705 | won: False 
#  273 | steps:  8273 | steps_t:  3170 | t: 40.900666 | r:  -513.000000 | e:   0.683000 | Q: -131.831680 | won: False 
#  274 | steps:  8354 | steps_t:  3250 | t: 41.817265 | r:  -558.000000 | e:   0.675000 | Q: -131.263611 | won: False 
#  275 | steps:  8376 | steps_t:  3271 | t: 42.051370 | r:  -510.000000 | e:   0.672900 | Q: -153.623123 | won: False 
#  276 | steps:  8400 | steps_t:  3294 | t: 42.314262 | r:  -512.000000 | e:   0.670600 | Q: -146.223251 | won: False 
#  277 | steps:  8471 | steps_t:  3364 | t: 43.117801 | r:  -548.000000 | e:   0.663600 | Q: -129.028976 | won: False 
#  278 | steps:  8493 | steps_t:  3385 | t: 43.362799 | r:  -510.000000 | e:   0.661500 | Q: -157.689804 | won: False 
#  279 | steps:  8505 | steps_t:  3396 | t: 43.491798 | r:  -500.000000 | e:   0.660400 | Q: -202.485352 | won: False 
#  280 | steps:  8518 | steps_t:  3408 | t: 43.629799 | r:  -501.000000 | e:   0.659200 | Q: -128.969528 | won: False 
#  281 | steps:  8582 | steps_t:  3471 | t: 44.361485 | r:  -541.000000 | e:   0.652900 | Q: -139.152527 | won: False 
#  282 | steps:  8609 | steps_t:  3497 | t: 44.664091 | r:  -515.000000 | e:   0.650300 | Q: -130.702057 | won: False 
#  283 | steps:  8622 | steps_t:  3509 | t: 44.810654 | r:  -490.000000 | e:   0.649100 | Q: -120.015671 | won: False 
#  284 | steps:  8633 | steps_t:  3519 | t: 44.931658 | r:  -510.000000 | e:   0.648100 | Q: -102.302879 | won: False 
#  285 | steps:  8655 | steps_t:  3540 | t: 45.167653 | r:  -510.000000 | e:   0.646000 | Q: -104.205490 | won: False 
#  286 | steps:  8678 | steps_t:  3562 | t: 45.427732 | r:  -511.000000 | e:   0.643800 | Q: -123.579094 | won: False 
#  287 | steps:  8711 | steps_t:  3594 | t: 45.803736 | r:  -510.000000 | e:   0.640600 | Q: -127.092667 | won: False 
#  288 | steps:  8731 | steps_t:  3613 | t: 46.027732 | r:  -519.000000 | e:   0.638700 | Q: -157.179245 | won: False 
#  289 | steps:  8758 | steps_t:  3639 | t: 46.342730 | r:  -526.000000 | e:   0.636100 | Q: -178.559616 | won: False 
#  290 | steps:  8793 | steps_t:  3673 | t: 46.726734 | r:  -523.000000 | e:   0.632700 | Q: -127.859001 | won: False 
#  291 | steps:  8880 | steps_t:  3759 | t: 47.741785 | r:  -575.000000 | e:   0.624100 | Q: -128.041565 | won: False 
#  292 | steps:  9008 | steps_t:  3886 | t: 49.271307 | r:  -605.000000 | e:   0.611400 | Q: -114.713142 | won: False 
#  293 | steps:  9058 | steps_t:  3935 | t: 49.890839 | r:  -538.000000 | e:   0.606500 | Q: -75.911537 | won: False 
#  294 | steps:  9074 | steps_t:  3950 | t: 50.068838 | r:  -504.000000 | e:   0.605000 | Q: -149.388672 | won: False 
#  295 | steps:  9111 | steps_t:  3986 | t: 50.478835 | r:  -514.000000 | e:   0.601400 | Q: -102.677597 | won: False 
#  296 | steps:  9232 | steps_t:  4106 | t: 51.891921 | r:  -609.000000 | e:   0.589400 | Q: -93.143349 | won: False 
#  297 | steps:  9243 | steps_t:  4116 | t: 52.013465 | r:  -510.000000 | e:   0.588400 | Q: -110.019241 | won: False 
#  298 | steps:  9263 | steps_t:  4135 | t: 52.235515 | r:  -497.000000 | e:   0.586500 | Q: -113.064682 | won: False 
#  299 | steps:  9325 | steps_t:  4196 | t: 52.969051 | r:  -539.000000 | e:   0.580400 | Q: -107.411339 | won: False 
#  300 | steps:  9348 | steps_t:  4218 | t: 53.243102 | r:  -522.000000 | e:   0.578200 | Q: -101.168297 | won: False 
#  301 | steps:  9356 | steps_t:  4225 | t: 53.327104 | r:  -507.000000 | e:   0.577500 | Q: -128.227951 | won: False 
#  302 | steps:  9384 | steps_t:  4252 | t: 53.662105 | r:  -516.000000 | e:   0.574800 | Q: -112.450333 | won: False 
#  303 | steps:  9413 | steps_t:  4280 | t: 54.016104 | r:  -517.000000 | e:   0.572000 | Q: -74.464706 | won: False 
#  304 | steps:  9437 | steps_t:  4303 | t: 54.286105 | r:  -512.000000 | e:   0.569700 | Q: -72.282074 | won: False 
#  305 | steps:  9445 | steps_t:  4310 | t: 54.371105 | r:  -496.000000 | e:   0.569000 | Q: -87.383781 | won: False 
#  306 | steps:  9546 | steps_t:  4410 | t: 55.555252 | r:  -578.000000 | e:   0.559000 | Q: -97.093117 | won: False 
#  307 | steps:  9590 | steps_t:  4453 | t: 56.073893 | r:  -510.000000 | e:   0.554700 | Q: -117.780861 | won: False 
#  308 | steps:  9658 | steps_t:  4520 | t: 56.864004 | r:  -545.000000 | e:   0.548000 | Q: -109.879013 | won: False 
#  309 | steps:  9703 | steps_t:  4564 | t: 57.377198 | r:  -533.000000 | e:   0.543600 | Q: -117.310211 | won: False 
#  310 | steps:  9723 | steps_t:  4583 | t: 57.608005 | r:  -508.000000 | e:   0.541700 | Q: -101.555862 | won: False 
#  311 | steps:  9741 | steps_t:  4600 | t: 57.814001 | r:  -495.000000 | e:   0.540000 | Q: -106.269913 | won: False 
#  312 | steps:  9775 | steps_t:  4633 | t: 58.210010 | r:  -522.000000 | e:   0.536700 | Q: -94.803337 | won: False 
#  313 | steps:  9891 | steps_t:  4748 | t: 59.581235 | r:    18.000000 | e:   0.525200 | Q: -100.038368 | won: True 
#  314 | steps:  9903 | steps_t:  4759 | t: 59.715236 | r:  -511.000000 | e:   0.524100 | Q: -80.816612 | won: False 
#  315 | steps: 10017 | steps_t:  4872 | t: 61.045238 | r:  -591.000000 | e:   0.512800 | Q: -65.756218 | won: False 
#  316 | steps: 10094 | steps_t:  4948 | t: 62.049457 | r:  -554.000000 | e:   0.505200 | Q: -73.611534 | won: False 
#  317 | steps: 10116 | steps_t:  4969 | t: 62.288553 | r:  -521.000000 | e:   0.503100 | Q: -116.903404 | won: False 
#  318 | steps: 10138 | steps_t:  4990 | t: 62.538555 | r:  -499.000000 | e:   0.501000 | Q: -125.544685 | won: False 
#  319 | steps: 10152 | steps_t:  5003 | t: 62.685553 | r:  -502.000000 | e:   0.499700 | Q: -138.993347 | won: False 
#  320 | steps: 10346 | steps_t:  5196 | t: 64.967589 | r:  -671.000000 | e:   0.480400 | Q: -81.999344 | won: False 
#  321 | steps: 10394 | steps_t:  5243 | t: 65.507620 | r:  -536.000000 | e:   0.475700 | Q: -93.681000 | won: False 
#  322 | steps: 10402 | steps_t:  5250 | t: 65.597626 | r:  -496.000000 | e:   0.475000 | Q: -104.426201 | won: False 
#  323 | steps: 10448 | steps_t:  5295 | t: 66.126683 | r:  -534.000000 | e:   0.470500 | Q: -100.416290 | won: False 
#  324 | steps: 10473 | steps_t:  5319 | t: 66.409683 | r:  -502.000000 | e:   0.468100 | Q: -100.905342 | won: False 
#  325 | steps: 10493 | steps_t:  5338 | t: 66.639795 | r:  -508.000000 | e:   0.466200 | Q: -109.367455 | won: False 
#  326 | steps: 10504 | steps_t:  5348 | t: 66.769799 | r:  -499.000000 | e:   0.465200 | Q: -115.569977 | won: False 
#  327 | steps: 10604 | steps_t:  5447 | t: 67.951315 | r:  -599.000000 | e:   0.455300 | Q: -78.325996 | won: False 
#  328 | steps: 10634 | steps_t:  5476 | t: 68.301315 | r:  -518.000000 | e:   0.452400 | Q: -91.411850 | won: False 
#  329 | steps: 10648 | steps_t:  5489 | t: 68.456832 | r:  -513.000000 | e:   0.451100 | Q: -90.066673 | won: False 
#  330 | steps: 10814 | steps_t:  5654 | t: 70.434480 | r:  -632.000000 | e:   0.434600 | Q: -66.636650 | won: False 
#  331 | steps: 10824 | steps_t:  5663 | t: 70.543473 | r:  -509.000000 | e:   0.433700 | Q: -115.212997 | won: False 
#  332 | steps: 10848 | steps_t:  5686 | t: 70.829472 | r:  -523.000000 | e:   0.431400 | Q: -89.708908 | won: False 
#  333 | steps: 10879 | steps_t:  5716 | t: 71.193472 | r:  -530.000000 | e:   0.428400 | Q: -82.400459 | won: False 
#  334 | steps: 10889 | steps_t:  5725 | t: 71.305470 | r:  -509.000000 | e:   0.427500 | Q: -83.609184 | won: False 
#  335 | steps: 10965 | steps_t:  5800 | t: 72.198548 | r:  -531.000000 | e:   0.420000 | Q: -80.153343 | won: False 
#  336 | steps: 11005 | steps_t:  5839 | t: 72.664547 | r:  -528.000000 | e:   0.416100 | Q: -72.732727 | won: False 
#  337 | steps: 11082 | steps_t:  5915 | t: 73.567664 | r:  -554.000000 | e:   0.408500 | Q: -82.162987 | won: False 
#  338 | steps: 11115 | steps_t:  5947 | t: 73.953664 | r:  -532.000000 | e:   0.405300 | Q: -92.142387 | won: False 
#  339 | steps: 11155 | steps_t:  5986 | t: 74.409666 | r:  -517.000000 | e:   0.401400 | Q: -72.824547 | won: False 
#  340 | steps: 11203 | steps_t:  6033 | t: 74.987666 | r:  -547.000000 | e:   0.396700 | Q: -75.358078 | won: False 
#  341 | steps: 11288 | steps_t:  6117 | t: 75.982733 | r:  -562.000000 | e:   0.388300 | Q: -95.324913 | won: False 
#  342 | steps: 11316 | steps_t:  6144 | t: 76.312378 | r:  -516.000000 | e:   0.385600 | Q: -75.751991 | won: False 
#  343 | steps: 11354 | steps_t:  6181 | t: 76.792575 | r:  -537.000000 | e:   0.381900 | Q: -85.832001 | won: False 
#  344 | steps: 11406 | steps_t:  6232 | t: 77.425575 | r:  -540.000000 | e:   0.376800 | Q: -53.415398 | won: False 
#  345 | steps: 11481 | steps_t:  6306 | t: 78.337265 | r:  -530.000000 | e:   0.369400 | Q: -72.087173 | won: False 
#  346 | steps: 11513 | steps_t:  6337 | t: 78.711781 | r:  -520.000000 | e:   0.366300 | Q: -79.507874 | won: False 
#  347 | steps: 11574 | steps_t:  6397 | t: 79.453851 | r:  -538.000000 | e:   0.360300 | Q: -96.409439 | won: False 
#  348 | steps: 11634 | steps_t:  6456 | t: 80.195905 | r:  -548.000000 | e:   0.354400 | Q: -104.099144 | won: False 
#  349 | steps: 11642 | steps_t:  6463 | t: 80.286906 | r:  -507.000000 | e:   0.353700 | Q: -87.198090 | won: False 
#  350 | steps: 11682 | steps_t:  6502 | t: 80.761897 | r:  -528.000000 | e:   0.349800 | Q: -78.880997 | won: False 
#  351 | steps: 11711 | steps_t:  6530 | t: 81.096897 | r:  -517.000000 | e:   0.347000 | Q: -78.928131 | won: False 
#  352 | steps: 11769 | steps_t:  6587 | t: 81.785062 | r:  -546.000000 | e:   0.341300 | Q: -64.534180 | won: False 
#  353 | steps: 11838 | steps_t:  6655 | t: 82.607054 | r:  -546.000000 | e:   0.334500 | Q: -78.306526 | won: False 
#  354 | steps: 11869 | steps_t:  6685 | t: 82.983150 | r:  -497.000000 | e:   0.331500 | Q: -73.557465 | won: False 
#  355 | steps: 11877 | steps_t:  6692 | t: 83.073670 | r:  -507.000000 | e:   0.330800 | Q: -84.643066 | won: False 
#  356 | steps: 12033 | steps_t:  6847 | t: 84.980386 | r:  -633.000000 | e:   0.315300 | Q: -79.535187 | won: False 
#  357 | steps: 12056 | steps_t:  6869 | t: 85.247382 | r:  -511.000000 | e:   0.313100 | Q: -89.508369 | won: False 
#  358 | steps: 12208 | steps_t:  7020 | t: 87.106132 | r:  -640.000000 | e:   0.298000 | Q: -83.973869 | won: False 
#  359 | steps: 12236 | steps_t:  7047 | t: 87.430195 | r:  -505.000000 | e:   0.295300 | Q: -91.125549 | won: False 
#  360 | steps: 12282 | steps_t:  7092 | t: 87.972255 | r:  -523.000000 | e:   0.290800 | Q: -100.122391 | won: False 
#  361 | steps: 12290 | steps_t:  7099 | t: 88.062304 | r:  -496.000000 | e:   0.290100 | Q: -159.724579 | won: False 
#  362 | steps: 12300 | steps_t:  7108 | t: 88.176856 | r:  -509.000000 | e:   0.289200 | Q: -104.664627 | won: False 
#  363 | steps: 12353 | steps_t:  7160 | t: 88.806946 | r:  -541.000000 | e:   0.284000 | Q: -85.542862 | won: False 
#  364 | steps: 12401 | steps_t:  7207 | t: 89.371572 | r:  -547.000000 | e:   0.279300 | Q: -95.271614 | won: False 
#  365 | steps: 12536 | steps_t:  7341 | t: 91.014199 | r:  -612.000000 | e:   0.265900 | Q: -91.690041 | won: False 
#  366 | steps: 12552 | steps_t:  7356 | t: 91.194196 | r:  -504.000000 | e:   0.264400 | Q: -147.864960 | won: False 
#  367 | steps: 12651 | steps_t:  7454 | t: 92.413020 | r:  -576.000000 | e:   0.254600 | Q: -99.489113 | won: False 
#  368 | steps: 12757 | steps_t:  7559 | t: 93.704100 | r:  -594.000000 | e:   0.244100 | Q: -88.065567 | won: False 
#  369 | steps: 12850 | steps_t:  7651 | t: 94.846254 | r:  -570.000000 | e:   0.234900 | Q: -72.351540 | won: False 
#  370 | steps: 12873 | steps_t:  7673 | t: 95.122253 | r:  -522.000000 | e:   0.232700 | Q: -93.938324 | won: False 
#  371 | steps: 12891 | steps_t:  7690 | t: 95.331254 | r:  -506.000000 | e:   0.231000 | Q: -89.643623 | won: False 
#  372 | steps: 12907 | steps_t:  7705 | t: 95.515255 | r:  -515.000000 | e:   0.229500 | Q: -79.231796 | won: False 
#  373 | steps: 12939 | steps_t:  7736 | t: 95.912794 | r:  -531.000000 | e:   0.226400 | Q: -82.005257 | won: False 
#  374 | steps: 12955 | steps_t:  7751 | t: 96.111307 | r:  -515.000000 | e:   0.224900 | Q: -91.380737 | won: False 
#  375 | steps: 12973 | steps_t:  7768 | t: 96.319308 | r:  -517.000000 | e:   0.223200 | Q: -99.256454 | won: False 
#  376 | steps: 13044 | steps_t:  7838 | t: 97.202304 | r:  -559.000000 | e:   0.216200 | Q: -80.430603 | won: False 
#  377 | steps: 13092 | steps_t:  7885 | t: 97.794537 | r:  -547.000000 | e:   0.211500 | Q: -79.273102 | won: False 
#  378 | steps: 13110 | steps_t:  7902 | t: 98.004066 | r:  -506.000000 | e:   0.209800 | Q: -90.575790 | won: False 
#  379 | steps: 13159 | steps_t:  7950 | t: 98.580155 | r:  -548.000000 | e:   0.205000 | Q: -85.136574 | won: False 
#  380 | steps: 13199 | steps_t:  7989 | t: 99.078208 | r:  -539.000000 | e:   0.201100 | Q: -75.472389 | won: False 
#  381 | steps: 13238 | steps_t:  8027 | t: 99.542783 | r:  -527.000000 | e:   0.197300 | Q: -83.951752 | won: False 
#  382 | steps: 13319 | steps_t:  8107 | t: 100.538423 | r:  -558.000000 | e:   0.189300 | Q: -81.602150 | won: False 
#  383 | steps: 13367 | steps_t:  8154 | t: 101.131423 | r:  -547.000000 | e:   0.184600 | Q: -94.584846 | won: False 
#  384 | steps: 13416 | steps_t:  8202 | t: 101.722550 | r:  -537.000000 | e:   0.179800 | Q: -85.817322 | won: False 
#  385 | steps: 13424 | steps_t:  8209 | t: 101.813086 | r:  -507.000000 | e:   0.179100 | Q: -99.788284 | won: False 
#  386 | steps: 13439 | steps_t:  8223 | t: 102.001130 | r:  -514.000000 | e:   0.177700 | Q: -83.707115 | won: False 
#  387 | steps: 13525 | steps_t:  8308 | t: 103.054852 | r:  -574.000000 | e:   0.169200 | Q: -81.414841 | won: False 
#  388 | steps: 13544 | steps_t:  8326 | t: 103.281830 | r:  -518.000000 | e:   0.167400 | Q: -113.517059 | won: False 
#  389 | steps: 13576 | steps_t:  8357 | t: 103.654427 | r:  -531.000000 | e:   0.164300 | Q: -103.323921 | won: False 
#  390 | steps: 13614 | steps_t:  8394 | t: 104.109958 | r:  -526.000000 | e:   0.160600 | Q: -93.483139 | won: False 
#  391 | steps: 13627 | steps_t:  8406 | t: 104.267959 | r:  -512.000000 | e:   0.159400 | Q: -74.405174 | won: False 
#  392 | steps: 13670 | steps_t:  8448 | t: 104.792487 | r:  -520.000000 | e:   0.155200 | Q: -77.785423 | won: False 
#  393 | steps: 13699 | steps_t:  8476 | t: 105.141488 | r:  -528.000000 | e:   0.152400 | Q: -68.335869 | won: False 
#  394 | steps: 13771 | steps_t:  8547 | t: 106.044563 | r:  -549.000000 | e:   0.145300 | Q: -74.604988 | won: False 
#  395 | steps: 13814 | steps_t:  8589 | t: 106.713107 | r:  -531.000000 | e:   0.141100 | Q: -84.011108 | won: False 
#  396 | steps: 13888 | steps_t:  8662 | t: 107.639898 | r:  -573.000000 | e:   0.133800 | Q: -72.926361 | won: False 
#  397 | steps: 13910 | steps_t:  8683 | t: 107.961458 | r:  -521.000000 | e:   0.131700 | Q: -82.269676 | won: False 
#  398 | steps: 13918 | steps_t:  8690 | t: 108.050456 | r:  -507.000000 | e:   0.131000 | Q: -90.412003 | won: False 
#  399 | steps: 13957 | steps_t:  8728 | t: 108.525542 | r:  -516.000000 | e:   0.127200 | Q: -88.695900 | won: False 
#  400 | steps: 13997 | steps_t:  8767 | t: 109.018593 | r:  -539.000000 | e:   0.123300 | Q: -98.559441 | won: False 
#  401 | steps: 14007 | steps_t:  8776 | t: 109.142126 | r:  -509.000000 | e:   0.122400 | Q: -94.365204 | won: False 
#  402 | steps: 14040 | steps_t:  8808 | t: 109.530668 | r:  -510.000000 | e:   0.119200 | Q: -71.774979 | won: False 
#  403 | steps: 14198 | steps_t:  8965 | t: 111.497807 | r:  -646.000000 | e:   0.103500 | Q: -81.183098 | won: False 
#  404 | steps: 14232 | steps_t:  8998 | t: 111.921334 | r:  -533.000000 | e:   0.100200 | Q: -77.074265 | won: False 
#  405 | steps: 14330 | steps_t:  9095 | t: 113.141757 | r:  -586.000000 | e:   0.100000 | Q: -63.857395 | won: False 
#  406 | steps: 14368 | steps_t:  9132 | t: 113.600754 | r:  -515.000000 | e:   0.100000 | Q: -89.367889 | won: False 
#  407 | steps: 14391 | steps_t:  9154 | t: 113.883757 | r:  -500.000000 | e:   0.100000 | Q: -106.494003 | won: False 
#  408 | steps: 14441 | steps_t:  9203 | t: 114.548841 | r:  -527.000000 | e:   0.100000 | Q: -96.818710 | won: False 
#  409 | steps: 14495 | steps_t:  9256 | t: 115.278901 | r:  -553.000000 | e:   0.100000 | Q: -72.574333 | won: False 
#  410 | steps: 14531 | steps_t:  9291 | t: 115.738907 | r:  -535.000000 | e:   0.100000 | Q: -77.724594 | won: False 
#  411 | steps: 14561 | steps_t:  9320 | t: 116.137963 | r:  -529.000000 | e:   0.100000 | Q: -80.956543 | won: False 
#  412 | steps: 14633 | steps_t:  9391 | t: 117.064038 | r:  -549.000000 | e:   0.100000 | Q: -65.902504 | won: False 
#  413 | steps: 14754 | steps_t:  9511 | t: 118.659944 | r:  -598.000000 | e:   0.100000 | Q: -59.342865 | won: False 
#  414 | steps: 14795 | steps_t:  9551 | t: 119.203469 | r:  -540.000000 | e:   0.100000 | Q: -76.249352 | won: False 
#  415 | steps: 14830 | steps_t:  9585 | t: 119.663009 | r:  -512.000000 | e:   0.100000 | Q: -82.392868 | won: False 
#  416 | steps: 14916 | steps_t:  9670 | t: 120.735081 | r:  -563.000000 | e:   0.100000 | Q: -63.165272 | won: False 
#  417 | steps: 14946 | steps_t:  9699 | t: 121.119266 | r:  -507.000000 | e:   0.100000 | Q: -82.358215 | won: False 
#  418 | steps: 15012 | steps_t:  9764 | t: 121.944020 | r:  -543.000000 | e:   0.100000 | Q: -78.933815 | won: False 
#  419 | steps: 15245 | steps_t:  9996 | t: 124.846453 | r:  -721.000000 | e:   0.100000 | Q: -57.868568 | won: False 
#  420 | steps: 15392 | steps_t: 10142 | t: 126.743331 | r:  -635.000000 | e:   0.100000 | Q: -62.495899 | won: False 
#  421 | steps: 15416 | steps_t: 10165 | t: 127.044385 | r:  -523.000000 | e:   0.100000 | Q: -66.207619 | won: False 
#  422 | steps: 15431 | steps_t: 10179 | t: 127.218388 | r:  -514.000000 | e:   0.100000 | Q: -74.401939 | won: False 
#  423 | steps: 15495 | steps_t: 10242 | t: 128.115935 | r:  -563.000000 | e:   0.100000 | Q: -74.238983 | won: False 
#  424 | steps: 15525 | steps_t: 10271 | t: 128.517011 | r:  -529.000000 | e:   0.100000 | Q: -59.799465 | won: False 
#  425 | steps: 15546 | steps_t: 10291 | t: 128.783007 | r:  -520.000000 | e:   0.100000 | Q: -63.764095 | won: False 
#  426 | steps: 15661 | steps_t: 10405 | t: 130.242401 | r:  -603.000000 | e:   0.100000 | Q: -68.824631 | won: False 
#  427 | steps: 15707 | steps_t: 10450 | t: 130.823402 | r:  -523.000000 | e:   0.100000 | Q: -67.722473 | won: False 
#  428 | steps: 15965 | steps_t: 10707 | t: 134.038497 | r:  -735.000000 | e:   0.100000 | Q: -50.365368 | won: False 
#  429 | steps: 16079 | steps_t: 10820 | t: 135.525052 | r:  -602.000000 | e:   0.100000 | Q: -65.424576 | won: False 
#  430 | steps: 16127 | steps_t: 10867 | t: 136.137622 | r:  -525.000000 | e:   0.100000 | Q: -83.152000 | won: False 
#  431 | steps: 16164 | steps_t: 10903 | t: 136.588617 | r:  -525.000000 | e:   0.100000 | Q: -60.676945 | won: False 
#  432 | steps: 16313 | steps_t: 11051 | t: 138.549266 | r:  -626.000000 | e:   0.100000 | Q: -52.535038 | won: False 
#  433 | steps: 16345 | steps_t: 11082 | t: 138.960331 | r:  -531.000000 | e:   0.100000 | Q: -42.135735 | won: False 
#  434 | steps: 16371 | steps_t: 11107 | t: 139.267865 | r:  -503.000000 | e:   0.100000 | Q: -47.961792 | won: False 
